rct,             1:  OP + <O2> + <M>  = O3
rct,             2:  OD + <N2>  = OP
rct,             3:  OD + <O2>  = OP
rct,             4:  OD + <H2O> = 2. OH
rct,             5:  O3 + NO    = NO2 + <O2>
rct,             6:  O3 + NO2   = NO3 + <O2>
rct,             7:  O3 + OH    = HO2 + <O2>
rct,             8:  O3 + HO2   = OH + 2 <O2>
rct,             9:  NO + NO3   = NO2 + NO2
rct,            10:  NO + NO + <O2> = NO2 + NO2
rct,            11:  NO + HO2   = NO2 + OH
rct,            12:  NO2 + NO3  = NO + NO2
rct,            13:  OH + HO2   = <H2O> + <O2>
rct,            14:  OH + H2O2 = HO2 + <H2O>
rct,            15:  OH + H2 = HO2 + <H2O>
rct,            16:  OH + HNO3 = NO3 + <H2O>
k,         2.0e-11:  OH + NO3 = HO2 + NO2
rct,            17:  HO2 + NO2 = HO2NO2
rct,            18:  HO2NO2 = HO2 + NO2
rct,            19:  OH + HO2NO2 = NO2
k,         4.0e-12:  HO2 + NO3 = OH + NO2
rct,            20:  HO2 + HO2 = H2O2
rct,            21:  HO2 + HO2 + <M> = H2O2
rct,            22:  OH + HONO = NO2
rct,            23:  OH + CH4 = CH3O2
k,        1.44e-13:  OH     + CO    = HO2
rct,            24:  OH     + CO + <M>    = HO2
rct,            25:  CH3O2  + NO    = HCHO + HO2 + NO2
rct,            26:  CH3O2  + CH3O2 = 2. HCHO + 2. HO2
rct,            27:  CH3O2 + CH3O2 = CH3OH + HCHO
rct,            28:  OH     + CH3OH = HO2 + HCHO + <H2O>
rct,            29:  HO2    + CH3O2 = 0.9 CH3OOH + 0.1 HCHO
rct,            30:  CH3OOH + OH    = 0.4 HCHO + 0.4 OH + 0.6 CH3O2  + 0.6 <H2O>
rct,            31:  OH     + HCHO  = CO + HO2 + <H2O>
rct,            32:  NO3    + HCHO  = HNO3 + CO + HO2
k,         1.2e-12:  CH3O2  + NO3   = HCHO + HO2 + NO2
rct,            33:  OH     + C2H6 = C2H5O2 + <H2O>
rct,            34:  C2H5O2  + NO  = HO2 + CH3CHO + NO2
rct,            35:  C2H5O2  + HO2 = C2H5OOH
k,        8.01e-12:  C2H5OOH + OH  = CH3CHO + OH
rct,            36:  C2H5OOH + OH  = C2H5O2
rct,            37:  OH   + CH3CHO = 0.95 CH3CO3 + 0.05 CH3O2 + 0.05 CO
rct,            38:  CH3CO3 + NO  = NO2 + CH3O2 + <CO2>
rct,            39:  CH3O2 + CH3CO3 = 0.9 HO2 + HCHO + 0.9 CH3O2 + 0.1 <CH3COOH>
rct,            40:  CH3CO3 + CH3CO3 = CH3O2 + CH3O2
rct,            41:  CH3CO3 + HO2     = 0.41 CH3CO3H + 0.15 O3 + 0.44 OH + 0.44 CH3O2 + 0.15 {CH3COOH}
rct,            42:  CH3CO3H + OH     = CH3CO3
rct,            43:  OH + C2H5OH    = CH3CHO + HO2
rct,            44:  OH + NC4H10  = SECC4H9O2
rct,            45:  NO + SECC4H9O2  = NO2 + 0.65 HO2 + 0.65 MEK + 0.35 CH3CHO + 0.35 C2H5O2
rct,            46:  SECC4H9O2 + HO2 = BURO2H
rct,            47:  OH     + MEK = MEKO2
rct,            45:  MEKO2  + NO  = NO2 + CH3CO3 + CH3CHO
rct,            46:  MEKO2  + HO2 = MEKO2H
rct,            42:  MEKO2H + OH  = MEKO2
rct,            36:  BURO2H + OH     = SECC4H9O2
k,        2.15e-11:  BURO2H + OH = OH + MEK
rct,            45:  ETRO2 + NO  = NO2 + 2. HCHO + HO2
k,         1.2e-11:  ETRO2 + HO2 = ETRO2H
k,        1.38e-11:  ETRO2H + OH = CH3CHO + OH
rct,            36:  ETRO2H + OH = ETRO2
rct,            48:  C2H4 + O3 = 1.14 HCHO + 0.63 CO + 0.13 HO2 + 0.13 OH + 0.14 H2O2  + 0.23 <HCOOH>
rct,            49:  O3 + C3H6 = 0.545 HCHO + 0.545 CH3CHO + 0.56 CO + 0.36 OH + 0.28 HO2 + 0.09 H2O2 + 0.1 CH4 + 0.28 CH3O2 + 0.075 <HCOOH> + 0.075 <CH3COOH>
rct,            45:  NO     + PRRO2 = NO2 + CH3CHO + HCHO + HO2
rct,            50:  PRRO2  + HO2   = PRRO2H
k,        2.44e-11:  PRRO2H + OH    = ACETOL + OH
rct,            36:  PRRO2H + OH    = PRRO2
k,        1.36e-11:  OXYL   + OH     =  OXYO2
rct,            45:  OXYO2  + NO     =  NO2 + MGLYOX + MAL + HO2
rct,            51:  OXYO2  + HO2    =  0.96 OXYO2H
k,         4.2e-11:  OXYO2H + OH     =  OXYO2
k,        5.58e-11:  MAL    + OH     = MALO2
rct,            45:  MALO2  + NO     = NO2 + HO2 + MGLYOX + GLYOX
rct,            52:  MALO2  + HO2    = MALO2H
rct,            42:  MALO2H + OH     = MALO2
rct,            53:  OH  + GLYOX  = HO2 + CO + CO
rct,            54:  OH     + MGLYOX = CH3CO3 + CO
rct,            55:  OH + C5H8 = ISRO2
rct,            56:  O3 + C5H8 =  1.95 MACR + 1.740 HCHO + 0.3 MACRO2 + 0.3 CH3CO3
rct,            56:  O3 + C5H8 =  0.24 CH3O2 + 0.84 <HCOOH> + 0.42 CO + 0.27 H2O2
rct,            56:  O3 + C5H8 =  0.75 HO2 + 0.75 OH
rct,            57:  NO3 + C5H8 = ISON + HO2
rct,            58:  NO + ISRO2 = NO2 + MACR + HCHO + HO2
rct,            59:  NO + ISRO2 = ISON
rct,            60:  HO2 + ISRO2 = ISRO2H
k,        2.00e-12:  ISRO2 + ISRO2 = 2 MACR + 2 HCHO + 2 HO2
rct,            61:  OH + ISRO2H = IEPOX + OH
rct,            62:  OH + ISRO2H = MACR + OH
k,        9.13e-12:  OH + IEPOX = MACRO2
k,        3.34e-11:  OH + ISON =  0.78 ACETOL + 0.78 NALD + 0.78 HO2 + 0.22 NO2 + 0.22 MACR + 0.22 HCHO
rct,            63:  O3 + ISON = NALD + OH
rct,            64:  O3 + ISON = MACR + HCHO + NO2
rct,            65:  OH + MACR = MACRO2
rct,            66:  OH + MACR = MACRO2
rct,            67:  O3 + MACR =  1.8 MGLYOX + 0.9 <HCOOH> + 0.64 HO2 + 0.44 CO
rct,            67:  O3 + MACR =  0.38 OH + 0.2 CH3CO3
rct,            68:  O3 + MACR =  1.8 MGLYOX + 0.9 <HCOOH> + 0.64 HO2 + 0.44 CO
rct,            68:  O3 + MACR =  0.38 OH + 0.2 CH3CO3
rct,            69:  NO + MACRO2 =  2.0 NO2 + 0.5 CH3CO3 + 0.5 ACETOL + 0.5 CO
rct,            69:  NO + MACRO2 =  MGLYOX + 1.5 HCHO + 1.5 HO2
rct,            70:  HO2 + MACRO2 = MACROOH
k,        1.00e-12:  MACRO2 + MACRO2 =  2.0 ACETOL + 2.0 MGLYOX + HCHO + CO
k,        1.00e-12:  MACRO2 + MACRO2 = HO2 + HO2
k,         1.0e-12:  MACRO2 + CH3O2 =  MGLYOX + 0.75 ACETOL + 0.25 CH3CO3 + 2.75 HCHO
k,         1.0e-12:  MACRO2 + CH3O2 =  1.17 HO2 + 0.25 CO
k,        2.90e-11:  OH + MPAN = ACETOL + NO2
k,        3.00e-11:  OH + MACROOH = ACETOL + CO + OH
rct,            71:  OH + ACETOL = MGLYOX + HO2
k,        1.55e-12:  OH + NALD = HCHO + CO + NO2
rcphot,   IDCH3O2H:  ISRO2H = OH + MACR + HCHO + HO2
rcphot,   IDCH3O2H:  ISON  = NO2 + MACR + HCHO + HO2
rcphot,   IDHCHO_H:  MACR  = CH3CO3 + HCHO + CO + HO2
rcphot,   IDCH3O2H:  MACROOH  = 2 OH + 2 HO2
rcphot,   IDCH3O2H:  MACROOH  = ACETOL + CO + MGLYOX + HCHO
rcphot,      IDMEK:  ACETOL = CH3CO3 + HCHO + HO2
rcphot,   IDCH3CHO:  NALD = HCHO + CO + NO2 + HO2
rct,            72:  MACRO2 + NO2 = MPAN
rct,            73:  MPAN =  MACRO2 + NO2
rct,            74:  ISRO2 = HPALD + HO2
rct,            75:  ISRO2 = MACR + HCHO + OH
k,          0.065*:  HPALD = PACALD + HO2 + OH
k,        7.61e-11:  OH + HPALD = MGLYOX + CO + HCHO + OH
k,           0.13*:  PACALD = CO + HO2 + MGLYOX + OH
k,         1.0e-12:  ISRO2 + CH3O2 =  1.0 MACR + 2.5 HCHO + 2.0 HO2 + 0.5 MGLYOX
k,         1.0e-12:  ISRO2 + CH3O2 =  0.5 ACETOL + 0.5 CH3OH
rct,            76:  OP + NO  + {M}   = NO2
rct,            77:  NO2 + NO3  = N2O5
rct,            78:  N2O5       = NO2 + NO3
rct,            79:  NO2 + OH + {M}  = HNO3
rct,            80:  CH3CO3 + NO2 + {M} = PAN
rct,            73:  PAN  + {M}    = CH3CO3 + NO2
rct,            81:  C2H4 + OH + {M}  = ETRO2
rct,            82:  OH     + C3H6 + {M}   = PRRO2
rct,            83:  OH + NO = HONO
rcphot,   IDO3_O1D:  O3            = OD
rcphot,   IDO3_O3P:  O3            = OP
rcphot,     IDH2O2:  H2O2          = 2 OH
rcphot,      IDNO2:  NO2           = OP  + NO
rcphot,  IDNO3_NO2:  NO3           = NO2  + OP
rcphot,      IDNO2:  HONO          = OH + NO
rcphot,     IDHNO3:  HNO3          = NO2  + OH
rcphot,   IDHO2NO2:  HO2NO2        = 0.333 OH + 0.333 NO3 + 0.667 NO2 + 0.667 HO2
rcphot,   IDHCHO_H:  HCHO          = CO   + 2 HO2
rcphot,  IDHCHO_H2:  HCHO          = CO   + H2
rcphot,   IDCH3CHO:  CH3CHO        = CH3O2 + HO2 + CO
rcphot,      IDMEK:  MEK           = CH3CO3 + C2H5O2
rcphot,   IDCHOCHO:  GLYOX  = 1.9 CO + 0.1 HCHO + 0.5 HO2
rcphot,   IDRCOCHO:  MGLYOX        = CH3CO3 + CO + HO2
rcphot,   IDCH3O2H:  CH3OOH        = HCHO + OH + HO2
rcphot,   IDCH3O2H:  C2H5OOH       = HO2 + CH3CHO + OH
rcphot,   IDCH3O2H:  ETRO2H        = HO2 + OH + 1.56 HCHO + 0.22 CH3CHO
rcphot,   IDCH3O2H:  BURO2H        = OH + 0.65 HO2 + 0.65 MEK + 0.35 CH3CHO + 0.35 C2H5O2
rcphot,   IDCH3O2H:  PRRO2H        = CH3CHO + HCHO + HO2
rcphot,   IDCH3O2H:  MEKO2H        = CH3CHO + CH3CO3 + OH
rcphot,   IDCH3O2H:  CH3CO3H      = CH3O2 + OH
rcphot,   IDCH3O2H:  OXYO2H        = OH + MGLYOX + MAL + HO2
rcphot,   IDCH3O2H:  MALO2H        = OH + HO2 + MGLYOX + GLYOX
k,    RCEMIS(NO,k):  = NO
k,   RCEMIS(NO2,k):  = NO2
k,   RCEMIS(SO2,k):  = SO2
k,   RCEMIS(SO4,k):  = SO4
k,    RCEMIS(CO,k):  = CO
k,   RCEMIS(NH3,k):  = NH3
k,  RCEMIS(C2H6,k):  = C2H6
k, RCEMIS(NC4H10,k):  = NC4H10
k,  RCEMIS(C2H4,k):  = C2H4
k,  RCEMIS(C3H6,k):  = C3H6
k,  RCEMIS(OXYL,k):  = OXYL
k,  RCEMIS(HCHO,k):  = HCHO
k, RCEMIS(CH3CHO,k):  = CH3CHO
k,   RCEMIS(MEK,k):  = MEK
k, RCEMIS(C2H5OH,k):  = C2H5OH
k, RCEMIS(CH3OH,k):  = CH3OH
k, RCEMIS(GLYOX,k):  = GLYOX
k, RCEMIS(MGLYOX,k):  = MGLYOX
k,  RCEMIS(C5H8,k):  = C5H8
k,      RCBIO(1,K):  = C5H8
rct,            79:  SHIPNOX + OH + {M}  = HNO3
k,          3.2e-5:  SHIPNOX   = HNO3
k, RCEMIS(SHIPNOX,k):            = SHIPNOX
k,      RCBIO(2,K):  =  0.45 APINENE + 0.2 BPINENE + 0.35 XTERP  + 0.01534 SQT_SOA_NV
rct,            84:  APINENE  + OH = TERPO2
rct,            85:  BPINENE  + OH = TERPO2
rct,            86:   XTERP   + OH = TERPO2
rct,            45:  TERPO2  + NO  =  HO2 + MVK + MACR + NO2
rct,            87:  TERPO2  + HO2 =  TERPOOH
rct,            88:  TERPOOH + OH  =  TERPO2
rct,            89:  APINENE + O3 =  XMTO3_RO2
rct,            90:  BPINENE + O3 =  XMTO3_RO2
rct,            91:   XTERP      + O3 = XMTO3_RO2
k,           1.0e6:  XMTO3_RO2 = 0.65 MACR + 0.58 HCHO + MACRO2 + CH3CO3 + 0.08 CH3O2 + 0.14 CO + 0.09 H2O2 + 0.25 HO2 + 0.25 OH
rct,            92:   APINENE + NO3 = TERPO2
k,        2.51e-12:   BPINENE + NO3 = TERPO2
rct,            93:    XTERP   + NO3 = TERPO2
k, AQRCK(ICLOHSO2,K)*2.00e-12:        OH + SO2 = HO2 + SO4
k, AQRCK(ICLRC1,K):        SO2 + H2O2 =  SO4
k, AQRCK(ICLRC2,K):        SO2 + O3 =  SO4
k, AQRCK(ICLRC3,K):        SO2 + {FE} =  SO4
rct,            94:        N2O5 = 2 HNO3
rct,            95:  NO3 = HNO3
rct,            96:  HNO3 = NO3_C
rct,            97:  HNO3 = NO3_C
rct,            98:  HO2 = 0.5 H2O2
k,          1.0e-5:  H2O2 =
k,          1.0e-5:  CH3OOH =
k,        1.36e-11:    [OXYL] + [OH] = |YCOXY(0)|  ASOC_UG1  +  |YNOXY(0)|   NON_C_ASOA_UG1  +  |YCOXY(1)|  ASOC_UG10 + |YNOXY(1)|  NON_C_ASOA_UG10 +  |YCOXY(2)| ASOC_UG1E2  +  |YNOXY(2)| NON_C_ASOA_UG1E2 +  |YCOXY(3)| ASOC_UG1E3  +  |YNOXY(3)| NON_C_ASOA_UG1E3
rct,            44:  [OH] + [NC4H10]  = |YCALK(0)|  ASOC_UG1  +  |YNALK(0)|   NON_C_ASOA_UG1  +  |YCALK(1)|  ASOC_UG10 + |YNALK(1)|  NON_C_ASOA_UG10 +  |YCALK(2)| ASOC_UG1E2  +  |YNALK(2)| NON_C_ASOA_UG1E2 +  |YCALK(3)| ASOC_UG1E3  +  |YNALK(3)| NON_C_ASOA_UG1E3
rct,            82:   [OH] + [C3H6]  = |YCOLE(0)|  ASOC_UG1  +  |YNOLE(0)|   NON_C_ASOA_UG1  +  |YCOLE(1)|  ASOC_UG10 + |YNOLE(1)|  NON_C_ASOA_UG10 +  |YCOLE(2)| ASOC_UG1E2  +  |YNOLE(2)| NON_C_ASOA_UG1E2 +  |YCOLE(3)| ASOC_UG1E3  +  |YNOLE(3)| NON_C_ASOA_UG1E3
rct,            55:             [OH] + [C5H8] = |YCISOP(0)|  BSOC_UG1  +  |YNISOP(0)|   NON_C_BSOA_UG1  +  |YCISOP(1)|  BSOC_UG10 + |YNISOP(1)|  NON_C_BSOA_UG10 +  |YCISOP(2)| BSOC_UG1E2  +  |YNISOP(2)| NON_C_BSOA_UG1E2 +  |YCISOP(3)| BSOC_UG1E3  +  |YNISOP(3)| NON_C_BSOA_UG1E3
rct,            84:            [OH] + [APINENE] = |YCTERP(0)|  BSOC_UG1  +  |YNTERP(0)|   NON_C_BSOA_UG1  +  |YCTERP(1)|  BSOC_UG10 + |YNTERP(1)|  NON_C_BSOA_UG10 +  |YCTERP(2)| BSOC_UG1E2  +  |YNTERP(2)| NON_C_BSOA_UG1E2 +  |YCTERP(3)| BSOC_UG1E3  +  |YNTERP(3)| NON_C_BSOA_UG1E3
rct,            85:            [OH] + [BPINENE] = |YCTERP(0)|  BSOC_UG1  +  |YNTERP(0)|   NON_C_BSOA_UG1  +  |YCTERP(1)|  BSOC_UG10 + |YNTERP(1)|  NON_C_BSOA_UG10 +  |YCTERP(2)| BSOC_UG1E2  +  |YNTERP(2)| NON_C_BSOA_UG1E2 +  |YCTERP(3)| BSOC_UG1E3  +  |YNTERP(3)| NON_C_BSOA_UG1E3
rct,            86:       [OH] +  [XTERP]  = |YCTERP(0)|  BSOC_UG1  +  |YNTERP(0)|   NON_C_BSOA_UG1  +  |YCTERP(1)|  BSOC_UG10 + |YNTERP(1)|  NON_C_BSOA_UG10 +  |YCTERP(2)| BSOC_UG1E2  +  |YNTERP(2)| NON_C_BSOA_UG1E2 +  |YCTERP(3)| BSOC_UG1E3  +  |YNTERP(3)| NON_C_BSOA_UG1E3
rct,            89:           [O3] + [APINENE] = |YCTERP(0)|  BSOC_UG1  +  |YNTERP(0)|   NON_C_BSOA_UG1  +  |YCTERP(1)|  BSOC_UG10 + |YNTERP(1)|  NON_C_BSOA_UG10 +  |YCTERP(2)| BSOC_UG1E2  +  |YNTERP(2)| NON_C_BSOA_UG1E2 +  |YCTERP(3)| BSOC_UG1E3  +  |YNTERP(3)| NON_C_BSOA_UG1E3
rct,            90:          [O3] + [BPINENE] = |YCTERP(0)|  BSOC_UG1  +  |YNTERP(0)|   NON_C_BSOA_UG1  +  |YCTERP(1)|  BSOC_UG10 + |YNTERP(1)|  NON_C_BSOA_UG10 +  |YCTERP(2)| BSOC_UG1E2  +  |YNTERP(2)| NON_C_BSOA_UG1E2 +  |YCTERP(3)| BSOC_UG1E3  +  |YNTERP(3)| NON_C_BSOA_UG1E3
rct,            91:      [O3] +  [XTERP]  = |YCTERP(0)|  BSOC_UG1  +  |YNTERP(0)|   NON_C_BSOA_UG1  +  |YCTERP(1)|  BSOC_UG10 + |YNTERP(1)|  NON_C_BSOA_UG10 +  |YCTERP(2)| BSOC_UG1E2  +  |YNTERP(2)| NON_C_BSOA_UG1E2 +  |YCTERP(3)| BSOC_UG1E3  +  |YNTERP(3)| NON_C_BSOA_UG1E3
rct,            99:           [NO3] + [APINENE] = |YCTERP(0)|  BSOC_UG1  +  |YNTERP(0)|   NON_C_BSOA_UG1  +  |YCTERP(1)|  BSOC_UG10 + |YNTERP(1)|  NON_C_BSOA_UG10 +  |YCTERP(2)| BSOC_UG1E2  +  |YNTERP(2)| NON_C_BSOA_UG1E2 +  |YCTERP(3)| BSOC_UG1E3  +  |YNTERP(3)| NON_C_BSOA_UG1E3
k,        2.51e-12:                          [NO3] + [BPINENE] = |YCTERP(0)|  BSOC_UG1  +  |YNTERP(0)|   NON_C_BSOA_UG1  +  |YCTERP(1)|  BSOC_UG10 + |YNTERP(1)|  NON_C_BSOA_UG10 +  |YCTERP(2)| BSOC_UG1E2  +  |YNTERP(2)| NON_C_BSOA_UG1E2 +  |YCTERP(3)| BSOC_UG1E3  +  |YNTERP(3)| NON_C_BSOA_UG1E3
rct,            93:      [NO3] +  [XTERP]  = |YCTERP(0)|  BSOC_UG1  +  |YNTERP(0)|   NON_C_BSOA_UG1  +  |YCTERP(1)|  BSOC_UG10 + |YNTERP(1)|  NON_C_BSOA_UG10 +  |YCTERP(2)| BSOC_UG1E2  +  |YNTERP(2)| NON_C_BSOA_UG1E2 +  |YCTERP(3)| BSOC_UG1E3  +  |YNTERP(3)| NON_C_BSOA_UG1E3
rct,           100:  [OH] + ASOC_UG1      = ASOC_NG100 + 0.9 NON_C_ASOA_NG100
rct,           101:  [OH] + ASOC_UG10     = ASOC_UG1 + 0.9 NON_C_ASOA_UG1
rct,           102:  [OH] + ASOC_UG1E2    = ASOC_UG10 + 0.9 NON_C_ASOA_UG10
rct,           103:  [OH] + ASOC_UG1E3    = ASOC_UG1E2 + 0.9 NON_C_ASOA_UG1E2
rct,           104:  [OH] + NON_C_ASOA_UG1     =  1.075 NON_C_ASOA_NG100
rct,           105:  [OH] + NON_C_ASOA_UG10    =  1.075 NON_C_ASOA_UG1
rct,           106:  [OH] + NON_C_ASOA_UG1E2   =  1.075 NON_C_ASOA_UG10
rct,           107:  [OH] + NON_C_ASOA_UG1E3   =  1.075 NON_C_ASOA_UG1E2
rct,           108: [OH] + BSOC_UG1      = BSOC_NG100 + 0.9 NON_C_BSOA_NG100
rct,           109: [OH] + BSOC_UG10     = BSOC_UG1 + 0.9 NON_C_BSOA_UG1
rct,           110: [OH] + BSOC_UG1E2    = BSOC_UG10 + 0.9 NON_C_BSOA_UG10
rct,           111: [OH] + BSOC_UG1E3    = BSOC_UG1E2 + 0.9 NON_C_BSOA_UG1E2
rct,           112:   [OH] + NON_C_BSOA_UG1     =  1.075 NON_C_BSOA_NG100
rct,           113:   [OH] + NON_C_BSOA_UG10    =  1.075 NON_C_BSOA_UG1
rct,           114:   [OH] + NON_C_BSOA_UG1E2   =  1.075 NON_C_BSOA_UG10
rct,           115:   [OH] + NON_C_BSOA_UG1E3   =  1.075 NON_C_BSOA_UG1E2
k, RCEMIS(POM_F_FFUEL,k):  = POM_F_FFUEL
k, RCEMIS(POM_C_FFUEL,k):  = POM_C_FFUEL
k, RCEMIS(EC_F_FFUEL_NEW,k):  = EC_F_FFUEL_NEW
k, RCEMIS(EC_F_FFUEL_AGE,k):  = EC_F_FFUEL_AGE
k, RCEMIS(EC_C_FFUEL,k):  = EC_C_FFUEL
k, RCEMIS(POM_F_WOOD,k):  = POM_F_WOOD
k, RCEMIS(EC_F_WOOD_NEW,k):  = EC_F_WOOD_NEW
k, RCEMIS(EC_F_WOOD_AGE,k):  = EC_F_WOOD_AGE
k, RCEMIS(REMPPM25,k):  = REMPPM25
k, RCEMIS(REMPPM_C,k):  = REMPPM_C
rct,           116:  EC_F_WOOD_NEW  = EC_F_WOOD_AGE
rct,           116:  EC_F_FFUEL_NEW = EC_F_FFUEL_AGE
k, RCEMIS(FFIRE_CO,k):  = FFIRE_CO
rct,           117:   [OH] + FFIRE_CO  =
k, RCEMIS(FFIRE_OM,k):  = FFIRE_OM
k, RCEMIS(FFIRE_BC,k):  = FFIRE_BC
k, RCEMIS(FFIRE_REMPPM25,k):  = FFIRE_REMPPM25
k, RCEMIS(SEASALT_F,K):  = SEASALT_F
k, RCEMIS(SEASALT_C,K):  = SEASALT_C
k, RCEMIS(DUST_WB_F,K):  = DUST_WB_F
k, RCEMIS(DUST_WB_C,K):  = DUST_WB_C
k, RCEMIS(DUST_ROAD_F,K):  = DUST_ROAD_F
k, RCEMIS(DUST_ROAD_C,K):  = DUST_ROAD_C
k, RCEMIS(DUST_SAH_F,K):  = DUST_SAH_F
k, RCEMIS(DUST_SAH_C,K):  = DUST_SAH_C
k, RCEMIS(ASH_F,K):  = ASH_F
k, RCEMIS(ASH_C,K):  = ASH_C
