rct,             1:  OP + <O2> + <M>  = O3
rct,             2:  OD + <N2>  = OP
rct,             3:  OD + <O2>  = OP
rct,             4:  OD + <H2O> = 2 OH
rct,             5:  OH + HO2   = <H2O> + <O2>
rct,             6:  OH + H2O2 = HO2 + <H2O>
rct,             7:  OH + H2 = HO2 + <H2O>
rct,             8:  HO2 + HO2 = H2O2
rct,             9:  HO2 + HO2 + <M> = H2O2
rct,            10:  OP + NO  + {M}   = NO2
rct,            11:  O3 + NO    = NO2 + <O2>
rct,            12:  O3 + NO2   = NO3 + <O2>
rct,            13:  O3 + OH    = HO2 + <O2>
rct,            14:  O3 + HO2   = OH + 2 <O2>
rct,            15:  NO + NO3   = 2 NO2
rct,            16:  NO + HO2   = NO2 + OH
rct,            17:  NO2 + NO3  = NO + NO2
rct,            18:  NO2 + NO3  = N2O5
rct,            19:  N2O5       = NO2 + NO3
rct,            20:  NO2 + OH + {M}  = HNO3
rct,            21:  OH + HNO3 = NO3 + <H2O>
rct,            22:  OH + NO = HONO
rct,            23:  OH + HONO = NO2
k,         2.0e-11:  OH + NO3 = HO2 + NO2
k,         4.0e-12:  HO2 + NO3 = OH + NO2
rct,            24:  HO2 + NO2 = HO2NO2
rct,            25:  HO2NO2 = HO2 + NO2
rct,            26:  OH + HO2NO2 = NO2
rct,            27:  CH4 + OH  = CH3O2
rct,            28:  CO + OH  = HO2
k,         1.2e-12:  CH3O2 + NO3   = HCHO + HO2 + NO2
rct,            29:  CH3O2 + NO    = HCHO + HO2 + NO2
rct,            30:  CH3O2  + [RO2POOL] = HCHO + HO2
rct,            31:  CH3O2 + [RO2POOL] = 0.5 HCHO + 0.5 CH3OH
rct,            32:  CH3O2 + HO2   = 0.9 CH3OOH + 0.1 HCHO
rct,            33:  CH3OH + OH = HO2 + HCHO
rct,            34:  CH3OOH + OH    = 0.4 HCHO + 0.4 OH + 0.6 CH3O2  + 0.6 <H2O>
rct,            35:  HCHO + OH = HO2 + CO
rct,            36:  HCHO + NO3  = HNO3 + CO + HO2
rct,            37:  C2H6 + OH     = C2H5O2 + <H2O>
rct,            38:  C2H5O2  + NO  = HO2 + CH3CHO + NO2
k,         2.3e-12:  C2H5O2  + NO3 = HO2 + CH3CHO + NO2
rct,            39:  C2H5O2  + HO2 = C2H5OOH
k,        3.10e-13:  C2H5O2 + [RO2POOL] = 0.8 CH3CHO + 0.6 HO2 + 0.2 C2H5OH
k,        1.17e-11:  C2H5OOH + OH  = 0.69 CH3CHO + 0.69 OH + 0.31 C2H5O2
rct,            40:  CH3CHO + OH = 0.95 CH3CO3 + 0.05 HCOCH2O2
rct,            41:  CH3CHO + NO3 = HNO3 + CH3CO3
rct,            42:  CH3CO3 + NO  = NO2 + CH3O2 + <CO2>
k,         4.0e-12:  CH3CO3 + NO3 = NO2 + CH3O2
rct,            43:  CH3CO3 + NO2 + {M} = PAN
rct,            44:  PAN  + {M}    = CH3CO3 + NO2
rct,            45:  CH3CO3 + HO2 = 0.454 CH3O2 + 0.454 OH + 0.384 CH3CO3H + 0.162 O3 + 0.162 {CH3COOH}
k,         1.0e-11:  CH3CO3 + [RO2POOL] = 0.7 CH3O2 + 0.3 <CH3COOH>
k,         1.1e-11:  CH3CO3H + OH     = 0.5 CH3CO3 + 0.5 CH2O2CO3H
rct,            46:  CH2O2CO3H + NO = NO2 + HOCH2CO3
k,         2.3e-12:  CH2O2CO3H + NO3 = NO2 + HOCH2CO3
rct,            47:  HCOCH2O2 + HO2 = HCOCH2OOH
rct,            46:  HCOCH2O2 + NO  = NO2 + HCHO + CO + HO2
k,         2.3e-12:  HCOCH2O2 + NO3 = NO2 + HCHO + CO + HO2
k,         2.0e-12:  HCOCH2O2 + [RO2POOL] =  0.2 GLYOX + 0.2 HOCH2CHO + 0.6 HCHO + 0.6 HO2 + 0.6 CO
k,         3.3e-11:  HCOCH2OOH + OH = 0.89 GLYOX + 0.89 OH + 0.11 HCOCH2O2
k,        3.22e-12:  C2H5OH + OH   = 0.05 ETRO2 + 0.95 CH3CHO + 0.95 HO2
rct,            48:  NC4H10 + OH = C4H9O2
rct,            49:  C4H9O2 + HO2 = BURO2H
k,         2.4e-11:  BURO2H + OH = 0.847 OH + 0.847 MEK + 0.153 C4H9O2
rct,            46:  C4H9O2 + NO = 0.917 NO2 + 0.083 SC4H9NO3 + 0.654 HO2 + 0.654 MEK + 0.264 CH3CHO + 0.264 C2H5O2
k,         2.3e-12:  C4H9O2 + NO3 = NO2 + 0.716 MEK + 0.716 HO2 + 0.284 CH3CHO + 0.284 C2H5O2
k,         8.6e-13:  SC4H9NO3 + OH = MEK + NO2
k,         1.1e-12:  MEK + OH = MEKO2
rct,            46:  MEKO2  + NO  = NO2 + 0.854 CH3CO3 + 0.854 CH3CHO + 0.146 C2H5CO3 + 0.146 HCHO
k,         2.3e-12:  MEKO2  + NO3 = NO2 + 0.854 CH3CO3 + 0.854 CH3CHO + 0.146 C2H5CO3 + 0.146 HCHO
rct,            49:  MEKO2  + HO2 = MEKO2H
k,        1.04e-12:  MEKO2 + [RO2POOL] = 0.2135 BIACET + 0.6405 CH3CO3 + 0.6405 CH3CHO + 0.0365 EGLYOX + 0.1095 C2H5CO3 + 0.1095 HCHO
k,         2.1e-11:  MEKO2H + OH  = 0.826 OH + 0.7054 BIACET + 0.1206 EGLYOX + 0.174 MEKO2
k,         2.3e-13:  BIACET + OH = CH3CO3 + HCHO + CO
rct,            45:  C2H5CO3 + HO2 = 0.75 C2H5O2 + 0.75 OH + 0.25 O3 + 0.25 <PROPACID>
rct,            50:  C2H5CO3 + NO = NO2 + C2H5O2
rct,            43:  C2H5CO3 + NO2 = PPN
k,         4.0e-12:  C2H5CO3 + NO3 = C2H5O2 + NO2
k,         1.0e-11:  C2H5CO3 + [RO2POOL] = 0.7 C2H5O2 + 0.3 <PROPACID>
k,        1.27e-12:  PPN + OH = CH3CHO + CO + NO2
rct,            51:  PPN = C2H5CO3 + NO2
rct,            52:  EGLYOX + NO3 = C2H5CO3 + CO + HNO3
k,        1.39e-11:  EGLYOX + OH = C2H5CO3 + CO
rct,            53:  C2H4 + OH + {M}  = ETRO2
rct,            46:  ETRO2 + NO  = NO2 + HOCH2CH2O
k,         2.3e-12:  ETRO2 + NO3 = NO2 + HOCH2CH2O
rct,            54:  ETRO2 + HO2 = ETRO2H
k,         1.9e-12:  ETRO2 + [RO2POOL] = 0.4 HOCH2CHO + 0.6 HOCH2CH2O
rct,            55:  HOCH2CH2O = HO2 + 2 HCHO
rct,            56:  HOCH2CH2O + <O2> = HO2 + HOCH2CHO
k,      1.7475e-11:  ETRO2H + OH = 0.79 HOCH2CHO + 0.79 OH + 0.21 ETRO2
k,        1.00e-11:  HOCH2CHO + OH = 0.2 GLYOX + 0.2 HO2 + 0.8 HOCH2CO3
rct,            41:  HOCH2CHO + NO3 = HOCH2CO3 + HNO3
rct,            45:  HOCH2CO3 + HO2 = 0.75 HO2 + 0.75 HCHO + 0.75 OH + 0.25 O3 + 0.25 HOCH2CO2H
rct,            42:  HOCH2CO3 + NO  = NO2 + HO2 + HCHO
rct,            43:  HOCH2CO3 + NO2 = PHAN
k,         4.0e-12:  HOCH2CO3 + NO3 = NO2 + HO2 + HCHO
k,        1.00e-11:  HOCH2CO3 + [RO2POOL] = 0.7 HCHO + 0.7 HO2 + 0.3 HOCH2CO2H
k,        2.73e-12:  HOCH2CO2H + OH = HCHO + HO2
k,        1.12e-12:  PHAN + OH = HCHO + CO + NO2
rct,            44:  PHAN = HOCH2CO3 + NO2
rct,            57:  C2H4 + O3 = 1.1575 HCHO + 0.17 OH + 0.35 CO + 0.27 HO2 + 0.18 H2 + 0.2625 <HCOOH> + 0.1575 H2O2
rct,            58:  C3H6 + OH + {M}   = PRRO2
rct,            59:  C3H6 + O3 = 0.489 CH3CHO + 0.68 HCHO + 0.169 H2O2 + 0.3646 OH + 0.183 CO + 0.0684 H2 + 0.038 HO2 + 0.3 HCOCH2O2 + 0.05 CH3OH + 0.04 CH4 + 0.1 <HCOOH> + 0.181 <CH3CO2H>
rct,            46:  PRRO2 + NO = NO2 + CH3CHO + HCHO + HO2
k,         2.3e-12:  PRRO2 + NO3 = NO2 + CH3CHO + HCHO + HO2
rct,            60:  PRRO2 + HO2  = ACETOL
k,         8.8e-13:  PRRO2 + [RO2POOL] = 0.4 ACETOL + 0.6 CH3CHO + 0.6 HCHO + 0.6 HO2
rct,            61:  C3H6 + NO3 = NRN9O2
rct,            60:  NRN9O2 + HO2 = NOA
rct,            46:  NRN9O2 + NO = 1.13 NO2 + 0.87 NOA + 0.87 HO2 + 0.13 CH3CHO + 0.13 HCHO
k,         2.3e-12:  NRN9O2 + NO3 = 1.13 NO2 + 0.87 NOA + 0.87 HO2 + 0.13 CH3CHO + 0.13 HCHO
k,         8.3337*:  NOA           = CH3CO3 + HCHO + NO2
k,        6.70e-13:  NOA + OH      = MGLYOX + NO2
rct,            49:  IBUTOLBO2 + HO2 = C2H5OH + C2H5OOH
rct,            46:  IBUTOLBO2 + NO  = NO2 + HCHO + HO2 + C2H6 + CH3OH
k,         2.3e-12:  IBUTOLBO2 + NO3 = NO2 + HCHO + HO2 + C2H6 + CH3OH
rct,            62:  BENZENE + OH = 0.39 OXYLOL + 0.654 HO2 + 0.346 OXYBIPERO2
rct,            63:  TOLUENE + OH = 0.16 OXYLOL + 0.29 HO2 + 0.71 OXYBIPERO2
k,        1.36e-11:  OXYL + OH  =  0.84 OXYBIPERO2 + 0.16 HO2 + 0.16 OXYLOL
k,         2.1e-11:  OXYLOL + NO3 = 0.61 NOXYOLO2 + 0.39 OXY1O + 0.39 HNO3
k,         6.1e-11:  OXYLOL + OH  = 0.17 OXY1O + 0.83 HO2 + 0.83 OXYCATECH
k,        2.01e-10:  OXYCATECH + NO3 = HNO3 + OXCATEC1O
k,        2.05e-10:  OXYCATECH + OH = OXCATEC1O
k,        2.08e-12:  OXCATEC1O + NO2 = OXNCATECH
k,        2.86e-13:  OXCATEC1O + O3  = OXCATEC1O2
k,        5.03e-12:  OXNCATECH + NO3 = OXNNCATCO2
k,        6.83e-12:  OXNCATECH + OH  = OXNCATECO2
rct,            64:  OXNCATECO2 + HO2 = OXNCATCOOH
rct,            46:  OXNCATECO2 + NO  = NO2 + CH3COCO2H + HO2 + NC4MDCO2H
k,         2.3e-12:  OXNCATECO2 + NO3 = NO2 + CH3COCO2H + HO2 + NC4MDCO2H
k,         8.0e-13:  OXNCATECO2 + [RO2POOL] = CH3COCO2H + HO2 + NC4MDCO2H
rct,            65:  NC4MDCO2H + OH = NO2 + <MMALANHY>
rct,            65:  OXNCATCOOH + OH = OXNCATECO2
rct,            64:  OXNNCATCO2 + HO2 = OXNNCATOOH
rct,            46:  OXNNCATCO2 + NO = 2 NO2 + CH3COCO2H + NC4MDCO2H
k,         2.3e-12:  OXNNCATCO2 + NO3 = 2 NO2 + CH3COCO2H + NC4MDCO2H
k,         8.0e-13:  OXNNCATCO2 + [RO2POOL] = CH3COCO2H + NO2 + NC4MDCO2H
rct,            65:  OXNNCATOOH + OH = OXNNCATCO2
rct,            64:  OXCATEC1O2 + HO2 = OCATEC1OOH
rct,            46:  OXCATEC1O2 + NO = NO2 + OXCATEC1O
k,         2.3e-12:  OXCATEC1O2 + NO3 = NO2 + OXCATEC1O
k,         8.8e-13:  OXCATEC1O2 + [RO2POOL] = OXCATEC1O
k,        2.05e-10:  OCATEC1OOH + OH = OXCATEC1O2
k,        2.08e-12:  OXY1O + NO2 = OXY1OHNO2
k,        2.86e-13:  OXY1O + O3  = DM123O2
k,        3.13e-13:  OXY1OHNO2 + NO3 = HNO3 + NOXYOL1O
k,        1.53e-12:  OXY1OHNO2 + OH = NOXYOL1O
k,        2.08e-12:  NOXYOL1O + NO2 = <DNOXYOL>
k,        2.86e-13:  NOXYOL1O + O3 = NOXYOL1O2
rct,            64:  NOXYOL1O2 + HO2 = NOXYOL1OOH
rct,            46:  NOXYOL1O2 + NO = NO2 + NOXYOL1O
k,         2.3e-12:  NOXYOL1O2 + NO3 = NO2 + NOXYOL1O
k,        1.53e-12:  NOXYOL1OOH + OH = NOXYOL1O2
rct,            64:  DM123O2 + HO2 = DM123OOH
rct,            46:  DM123O2 + NO = NO2 + OXY1O
k,         2.3e-12:  DM123O2 + NO3 = NO2 + OXY1O
k,        4.65e-11:  DM123OOH + OH = DM123O2
rct,            64:  NOXYOLO2 + HO2 = NOXYOLOOH
rct,            46:  NOXYOLO2 + NO = 2 NO2 + GLYOX + CH3COCO2H + C3H6
k,         2.3e-12:  NOXYOLO2 + NO3 = 2 NO2 + GLYOX + CH3COCO2H + C3H6
k,         8.0e-13:  NOXYOLO2 + [RO2POOL] = NO2 + GLYOX + CH3COCO2H + C3H6
k,        1.43e-10:  NOXYOLOOH + OH = NOXYOLO2
rct,            46:  OXYBIPERO2 + NO = 0.138 NOXYOLOOH + 0.862 NO2 + 0.862 HO2 + 0.3017 BIACET + 0.58185 BZFUONE + 0.28015 C5DICARB + 0.28015 MGLYOX + 0.28015 EGLYOX
k,         2.3e-12:  OXYBIPERO2 + NO3 = NO2 + HO2 + 0.35 BIACET + 0.325 C5DICARB + 0.325 MGLYOX + 0.675 BZFUONE + 0.325 EGLYOX
rct,            64:  OXYBIPERO2 + HO2 = OXYBPEROOH
k,        7.62e-11:  OXYBPEROOH + OH = OXYBIPERO2
k,         3.0e-13:  BZFUONE + NO3 = NO2 + IBUTOLBO2
k,        4.45e-11:  BZFUONE + OH = IBUTOLBO2
k,         6.2e-11:  C5DICARB + OH   = C5DICARBO2
rct,            46:  C5DICARBO2 + NO  = NO2 + HO2 + MGLYOX + GLYOX
rct,            66:  C5DICARBO2 + NO3 = NO2 + HO2 + MGLYOX + GLYOX
rct,            67:  C5DICARBO2 + HO2 = C5DICAROOH
rct,            65:  C5DICAROOH + OH = C5DICARBO2
rct,            68:  GLYOX + OH = 0.416 HO2 + 1.417 CO + 0.584 OH
rct,            69:  MGLYOX + OH = CH3CO3 + CO
rct,            70:  C5H8 + OH = ISRO2
rct,            71:  C5H8 + O3 = 0.363 MACR + 0.312 MVK + 0.364 CO + 0.1725 HO2 + 0.25 OH + 0.175 <HCOOH> + 0.7775 HCHO + 0.28 H2O2 + 0.0475 C3H6 + 0.1535 CH3CO3 + 0.105 MACO2H
rct,            72:  C5H8 + NO3 = NISOPO2
rct,            46:  ISRO2 + NO = 0.9 NO2 + 0.6 MVK + 0.3 MACR + 0.9 HCHO + 0.9 HO2 + 0.1 ISON
k,         2.3e-12:  NO3 + ISRO2 = NO2 + 0.667 MVK + 0.333 MACR + HCHO + HO2
rct,            67:  ISRO2 + HO2 = ISRO2H
k,        1.45e-12:  ISRO2 + [RO2POOL] = 0.6665 MVK + HCHO + HO2 + 0.3335 MACR
k,         6.0e-11:  ISRO2H + OH = 0.93 IEPOX + 0.07 ISRO2 + 0.93 OH
k,        1.16e-11:  IEPOX + OH = 0.74 HMVKO2 + 0.15 MACRO2 + 0.89 CH3OH + 0.11 BIACETOH + 0.11 CH4
k,        3.25e-11:  ISON + OH = 0.6 ACETOL + 0.6 NALD + 0.6 HO2 + 0.4 NO2 + 0.2 MACR + 0.2 MVK + 0.4 HCHO
k,        1.55e-12:  NALD + OH = HCHO + CO + NO2
rct,            73:  MACR + OH = 0.45 MACO3 + 0.55 MACRO2
rct,            74:  MACR + O3 = 0.9016 MGLYOX + 0.1408 HO2 + 0.6528 CO + 0.2392 OH + 0.2035 <HCOOH> + 0.1437 H2O2 + 0.2421 HCHO + 0.0984 CH3CO3
k,         3.4e-15:  MACR + NO3  = MACO3 + HNO3
rct,            46:  MACRO2 + NO = NO2 + HO2 + 0.85 ACETOL + 0.85 CO + 0.15 MGLYOX + 0.15 HCHO
k,         2.3e-12:  MACRO2 + NO3 = NO2 + HO2 + 0.85 ACETOL + 0.85 CO + 0.15 MGLYOX + 0.15 HCHO
rct,            49:  MACRO2 + HO2 = MACROOH
rct,            75:  MACRO2 = ACETOL + CO + OH
rct,            45:  MACO3 + HO2   = 0.44 OH + 0.44 HCHO + 0.56 O3 + 0.56 MACO2H + 0.154 CH3CO3 + 0.286 CH3O2 + 0.286 CO
k,         1.0e-11:  MACO3 + [RO2POOL] = 0.3 MACO2H + 0.7 HCHO + 0.455 CH3O2 + 0.455 CO + 0.245 CH3CO3
rct,            76:  MACO3  + NO   = NO2 + HCHO + 0.35 CH3CO3 + 0.65 CH3O2 + 0.65 CO
k,         4.0e-12:  MACO3  + NO3  = NO2 + HCHO + 0.35 CH3CO3 + 0.65 CH3O2 + 0.65 CO
rct,            43:  MACO3 + NO2 = MPAN
rct,            77:  MPAN =  MACO3 + NO2
k,         2.9e-11:  MPAN + OH = ACETOL + NO3 + CO
k,         8.2e-18:  MPAN + O3 = HCHO + CH3CO3 + NO3
k,        3.77e-11:  MACROOH + OH = ACETOL + CO + OH
rct,            78:  ACETOL + OH = MGLYOX + HO2
rct,            79:  MVK + OH     = HMVKO2
rct,            80:   MVK + O3  = 0.545 MGLYOX + 0.645 HCHO + 0.56 CO + 0.36 OH + 0.28 HO2 + 0.075 <HCOOH> + 0.09 H2O2 + 0.1 CH3CHO + 0.28 CH3CO3 + 0.075 CH3COCO2H
rct,            46:  HMVKO2 + NO = 0.0352 MVKNO3 + 0.9648 NO2 + 0.67536 CH3CO3 + 0.67536 HOCH2CHO + 0.28944 MGLYOX + 0.28944 HCHO + 0.28944 HO2
k,         2.3e-12:  HMVKO2 + NO3 = NO2 + 0.7 CH3CO3 + 0.7 HOCH2CHO + 0.3 MGLYOX + 0.3 HCHO + 0.3 HO2
rct,            49:  HMVKO2 + HO2 = MVKO2H
k,         4.5e-11:  MVKO2H + OH = 0.7 BIACETOH + OH + 0.3 CO2H3CHO
k,        1.22e-12:   HMVKO2 + [RO2POOL] = 0.28 BIACETOH + 0.42 CH3CO3 + 0.42 HOCH2CHO + 0.12 CO2H3CHO + 0.18 MGLYOX + 0.18 HO2 + 0.18 HCHO
k,        2.96e-12:  OH + BIACETOH = CO23C3CHO + HO2
k,        1.23e-11:  CO23C3CHO + OH = CH3CO3 + 2 CO
rct,            81:  CO23C3CHO + NO3 = CH3CO3 + 2 CO + HNO3
k,        2.45e-11:  CO2H3CHO + OH = CO2H3CO3
rct,            81:  CO2H3CHO + NO3 = HNO3 + CO2H3CO3
k,        1.33e-12:  MVKNO3 + OH = 0.67 CO2N3CHO + 0.67 HO2 + 0.33 BIACETOH + 0.33 NO2
rct,            67:  NISOPO2 + HO2 = ISON2
rct,            46:  NISOPO2 + NO  = NO2 + ISON2 + HO2
k,         2.3e-12:  NISOPO2 + NO3 = NO2 + ISON2 + HO2
k,         1.3e-12:  NISOPO2 + [RO2POOL] = 0.2 ISON + 0.8 ISON2 + 0.6 HO2
k,        4.16e-11:  ISON2 + OH = NC4CO3
k,         2.4e-17:  ISON2 + O3 = 0.555 NOA + 0.555 GLYOX + 0.89 OH + 0.445 HO2 + 0.89 CO + 0.0756 H2O2 + 0.445 MGLYOX + 0.445 NO2
rct,            82:  ISON2 + NO3 = HNO3 + NC4CO3
rct,            45:  NC4CO3 + HO2 = NOA + CO + HO2 + OH
rct,            42:  NC4CO3 + NO  = NO2 + NOA + CO + HO2
k,         4.0e-12:  NC4CO3 + NO3 = NO2 + NOA + CO + HO2
rct,            43:  NC4CO3 + NO2 = C5PAN18
k,         1.0e-11:  NC4CO3 + [RO2POOL] = NOA + HO2 + CO
rct,            44:  C5PAN18 = NC4CO3 + NO2
k,        2.16e-11:  C5PAN18 + OH = NOA + 2 CO + NO2
rct,            83:  ISRO2 = HPALD + HO2
rct,            84:  ISRO2 = MACR + HCHO + OH
k,        7.61e-11:  OH + HPALD = MGLYOX + CO + HCHO + OH
k,        7.34e-12:  CO2H3CO3H + OH = CO2H3CO3
rct,            45:  CO2H3CO3 + HO2 = 0.56 CO2H3CO3H + 0.44 MGLYOX + 0.44 HO2 + 0.44 OH
rct,            42:  CO2H3CO3 + NO = MGLYOX + HO2 + NO2
k,         4.0e-12:  CO2H3CO3 + NO3 = MGLYOX + HO2 + NO2
k,         1.0e-11:  CO2H3CO3 + [RO2POOL] = MGLYOX + HO2
rct,            43:  CO2H3CO3 + NO2 = C4PAN6
k,        3.74e-12:  C4PAN6 + OH = MGLYOX + CO + NO2
rct,            44:  C4PAN6 = CO2H3CO3 + NO2
k,        1.51e-11:  MACO2H + OH   = 0.35 CH3CO3 + HCHO + 0.65 CO + 0.65 CH3O2
rct,            85:  APINENE  + OH = TERPO2
rct,            46:  TERPO2  + NO  =  HO2 + MACR + MVK + NO2 + 0.19 C2H6
k,         2.3e-12:  TERPO2  + NO3 =  HO2 + MACR + MVK + NO2 + 0.19 C2H6
rct,            86:  TERPO2  + HO2 =  TERPOOH
rct,            87:  TERPOOH + OH  =  TERPO2
rct,            88:  APINENE + O3 = 0.7 OH + MACR + MVK + HO2
rct,            89:   APINENE + NO3 = TERPO2 + NO2
rcphot,   IDO3_O1D:  O3            = OD
rcphot,   IDO3_O3P:  O3            = OP
rcphot,     IDH2O2:  H2O2          = 2 OH
rcphot,      IDNO2:  NO2           = OP  + NO
rcphot,      IDNO3:  NO3           = 0.127 NO + 0.873 NO2 + 0.873 OP
rcphot,     IDHONO:  HONO          = OH + NO
rcphot,     IDHNO3:  HNO3          = NO2  + OH
rcphot,   IDHO2NO2:  HO2NO2        = 0.333 OH + 0.333 NO3 + 0.667 NO2 + 0.667 HO2
rcphot,   IDHCHO_H:  HCHO          = CO   + 2 HO2
rcphot,  IDHCHO_H2:  HCHO          = CO   + H2
rcphot,   IDCH3CHO:  CH3CHO        = CH3O2 + HO2 + CO
rcphot,   IDHCHO_H:  HOCH2CHO      = 2 HO2 + HCHO + CO
rcphot,   IDHCHO_H:  CO2H3CHO      = 2 HO2 + CO + MGLYOX
rcphot,   IDCH3CHO:  NALD          = HCHO + CO + NO2 + HO2
rcphot,      IDMEK:  MEK           = CH3CO3 + C2H5O2
rcphot,      IDMEK:  ACETOL        = CH3CO3 + HCHO + HO2
rcphot,   IDCHOCHO:  GLYOX  = 1.9 CO + 0.1 HCHO + 0.5 HO2
rcphot,   IDRCOCHO:  MGLYOX        = CH3CO3 + CO + HO2
rcphot,   IDRCOCHO:  EGLYOX = C2H5CO3 + CO + HO2
rcphot,   IDRCOCHO:  CH3COCO2H = 0.6 CH3CHO + 0.05 <CH3COOH> + 0.05 CO + 0.35 CH3CO3 + 0.35 HO2
rcphot,   IDCH3COY:  BIACET = 2 CH3CO3
rcphot,   IDCH3COY:  BIACETOH = CH3CO3 + HOCH2CO3
rcphot,   IDCH3COY:  CO23C3CHO = CH3CO3 + 0.41 HO2 + 1.41 CO + 0.58 OH
rcphot,   IDRCOCHO:  CO23C3CHO = CH3CO3 + 2 CO + HO2
rcphot,  IDHCHO_H2:  MACR = 0.5 MACO3 + HO2 + 0.825 CO + 0.5 HCHO + 0.325 CH3O2 + 0.175 CH3CO3
rcphot,  IDHCHO_H2:  MVK  = 0.5 C3H6 + CO + 0.5 CH3CO3 + 0.5 HCHO + 0.5 HO2
rcphot,      IDNO2:  C5DICARB = C5DICARBO2 + HO2
rcphot,  IDHCHO_H2:  HPALD = 0.32 CH3CO3 + 0.32 HOCH2CHO + 1.68 CO + OH + 0.68 ACETOL + 0.68 HO2
rcphot,   IDCH3O2H:  CH3OOH        = HCHO + OH + HO2
rcphot,   IDCH3O2H:  C2H5OOH       = HO2 + CH3CHO + OH
rcphot,   IDCH3O2H:  BURO2H = OH + 0.716 HO2 + 0.716 MEK + 0.284 CH3CHO + 0.284 C2H5O2
rcphot,   IDCH3O2H:  ETRO2H = OH + HOCH2CH2O
rcphot,   IDCH3O2H:  CH3CO3H      = CH3O2 + OH
rcphot,   IDCH3O2H:  MEKO2H = OH + 0.854 CH3CHO + 0.854 CH3CO3 + 0.146 C2H5CO3 + 0.146 HCHO
rcphot,      IDMEK:  MEKO2H = OH + 0.854 CH3CHO + 0.854 CH3CO3 + 0.146 C2H5CO3 + 0.146 HCHO
rcphot,   IDCH3O2H:  HCOCH2OOH = OH + HCHO + CO + HO2
rcphot,   IDHCHO_H:  HCOCH2OOH = OH + HCHO + CO + HO2
rcphot,   IDHCHO_H:  MACROOH  = OH + ACETOL + CO + HO2
rcphot,   IDCH3O2H:  MVKO2H = OH + 0.7 HOCH2CHO + 0.7 CH3CO3 + 0.3 HO2 + 0.3 HCHO + 0.3 MGLYOX
rcphot,   IDCH3O2H:  OXNCATCOOH = OH + CH3COCO2H + HO2 + NC4MDCO2H
rcphot,   IDCH3O2H:  OXNNCATOOH = OH + CH3COCO2H + NO2 + NC4MDCO2H
rcphot,   IDCH3O2H:  OCATEC1OOH = OH + OXCATEC1O
rcphot,   IDCH3O2H:  DM123OOH = OXY1O + OH
rcphot,   IDCH3O2H:  NOXYOLOOH = OH + NO2 + GLYOX + CH3COCO2H + C3H6
rcphot,      IDMEK:  NOXYOLOOH = OH + NO2 + HO2 + GLYOX + CH3COCO2H + C3H6
rcphot,   IDCH3O2H:  NOXYOL1OOH = OH + NOXYOL1O
rcphot,   IDCH3O2H:  OXYBPEROOH  = OH + HO2 + 0.35 BIACET + 0.325 C5DICARB + 0.325 MGLYOX + 0.675 BZFUONE + 0.325 EGLYOX
rcphot,   IDCH3O2H:  ISRO2H = OH + HO2 + HCHO + 0.16 MACR + 0.84 MVK
rcphot,   IDCH3O2H:  CO2H3CO3H = MGLYOX + HO2 + OH
rcphot,      IDMEK:  SC4H9NO3 = NO2 + 0.652 MEK + 0.652 HO2 + 0.348 CH3CHO + 0.348 C2H5O2
rcphot,      IDMEK:  MVKNO3 = CH3CO3 + HOCH2CHO + NO2
rcphot,      IDMEK:  CO2N3CHO = GLYOX + CH3CO3 + NO2
rcphot,   IDHCHO_H:  ISON = 0.333 MACR + 0.667 MVK + HCHO + NO2 + HO2
rcphot,      IDMEK:  ISON2 = ACETOL + 2 CO + HO2 + NO2
k,    RCEMIS(NO,k):  = NO
k,   RCEMIS(NO2,k):  = NO2
k,   RCEMIS(SO2,k):  = SO2
k,   RCEMIS(SO4,k):  = SO4
k,    RCEMIS(CO,k):  = CO
k,   RCEMIS(NH3,k):  = NH3
k,  RCEMIS(C2H6,k):  = C2H6
k, RCEMIS(NC4H10,k):  = NC4H10
k,  RCEMIS(C2H4,k):  = C2H4
k,  RCEMIS(C3H6,k):  = C3H6
k,  RCEMIS(OXYL,k):  = OXYL
k, RCEMIS(BENZENE,k):  = BENZENE
k, RCEMIS(TOLUENE,k):  = TOLUENE
k,  RCEMIS(HCHO,k):  = HCHO
k, RCEMIS(CH3CHO,k):  = CH3CHO
k,   RCEMIS(MEK,k):  = MEK
k, RCEMIS(C2H5OH,k):  = C2H5OH
k, RCEMIS(CH3OH,k):  = CH3OH
k, RCEMIS(GLYOX,k):  = GLYOX
k, RCEMIS(MGLYOX,k):  = MGLYOX
k,  RCEMIS(C5H8,k):  = C5H8
k,  RCEMIS(MACR,k):  = MACR
k,        1.36e-11:    [OXYL] + [OH] = |YCOXY(0)|  ASOC_UG1  +  |YNOXY(0)|   NON_C_ASOA_UG1  +  |YCOXY(1)|  ASOC_UG10 + |YNOXY(1)|  NON_C_ASOA_UG10 +  |YCOXY(2)| ASOC_UG1E2  +  |YNOXY(2)| NON_C_ASOA_UG1E2 +  |YCOXY(3)| ASOC_UG1E3  +  |YNOXY(3)| NON_C_ASOA_UG1E3
rct,            62:    [BENZENE] + [OH] = |YCBENZ(0)|  ASOC_UG1  +  |YNBENZ(0)|   NON_C_ASOA_UG1  +  |YCBENZ(1)|  ASOC_UG10 + |YNBENZ(1)|  NON_C_ASOA_UG10 +  |YCBENZ(2)| ASOC_UG1E2  +  |YNBENZ(2)| NON_C_ASOA_UG1E2 +  |YCBENZ(3)| ASOC_UG1E3  +  |YNBENZ(3)| NON_C_ASOA_UG1E3
rct,            63:    [TOLUENE] + [OH] = |YCTOL(0)|  ASOC_UG1  +  |YNTOL(0)|   NON_C_ASOA_UG1  +  |YCTOL(1)|  ASOC_UG10 + |YNTOL(1)|  NON_C_ASOA_UG10 +  |YCTOL(2)| ASOC_UG1E2  +  |YNTOL(2)| NON_C_ASOA_UG1E2 +  |YCTOL(3)| ASOC_UG1E3  +  |YNTOL(3)| NON_C_ASOA_UG1E3
rct,            48:  [OH] + [NC4H10]  = |YCALK(0)|  ASOC_UG1  +  |YNALK(0)|   NON_C_ASOA_UG1  +  |YCALK(1)|  ASOC_UG10 + |YNALK(1)|  NON_C_ASOA_UG10 +  |YCALK(2)| ASOC_UG1E2  +  |YNALK(2)| NON_C_ASOA_UG1E2 +  |YCALK(3)| ASOC_UG1E3  +  |YNALK(3)| NON_C_ASOA_UG1E3
rct,            58:   [OH] + [C3H6]  = |YCOLE(0)|  ASOC_UG1  +  |YNOLE(0)|   NON_C_ASOA_UG1  +  |YCOLE(1)|  ASOC_UG10 + |YNOLE(1)|  NON_C_ASOA_UG10 +  |YCOLE(2)| ASOC_UG1E2  +  |YNOLE(2)| NON_C_ASOA_UG1E2 +  |YCOLE(3)| ASOC_UG1E3  +  |YNOLE(3)| NON_C_ASOA_UG1E3
rct,            70:             [OH] + [C5H8] = |YCISOP(0)|  BSOC_UG1  +  |YNISOP(0)|   NON_C_BSOA_UG1  +  |YCISOP(1)|  BSOC_UG10 + |YNISOP(1)|  NON_C_BSOA_UG10 +  |YCISOP(2)| BSOC_UG1E2  +  |YNISOP(2)| NON_C_BSOA_UG1E2 +  |YCISOP(3)| BSOC_UG1E3  +  |YNISOP(3)| NON_C_BSOA_UG1E3
rct,            85:    [OH] + [APINENE] = |YCTERP(0)|  BSOC_UG1  +  |YNTERP(0)|   NON_C_BSOA_UG1  +  |YCTERP(1)|  BSOC_UG10 + |YNTERP(1)|  NON_C_BSOA_UG10 +  |YCTERP(2)| BSOC_UG1E2  +  |YNTERP(2)| NON_C_BSOA_UG1E2 +  |YCTERP(3)| BSOC_UG1E3  +  |YNTERP(3)| NON_C_BSOA_UG1E3
rct,            88:           [O3] + [APINENE] = |YCTERP(0)|  BSOC_UG1  +  |YNTERP(0)|   NON_C_BSOA_UG1  +  |YCTERP(1)|  BSOC_UG10 + |YNTERP(1)|  NON_C_BSOA_UG10 +  |YCTERP(2)| BSOC_UG1E2  +  |YNTERP(2)| NON_C_BSOA_UG1E2 +  |YCTERP(3)| BSOC_UG1E3  +  |YNTERP(3)| NON_C_BSOA_UG1E3
rct,            89:           [NO3] + [APINENE] = |YCTERP(0)|  BSOC_UG1  +  |YNTERP(0)|   NON_C_BSOA_UG1  +  |YCTERP(1)|  BSOC_UG10 + |YNTERP(1)|  NON_C_BSOA_UG10 +  |YCTERP(2)| BSOC_UG1E2  +  |YNTERP(2)| NON_C_BSOA_UG1E2 +  |YCTERP(3)| BSOC_UG1E3  +  |YNTERP(3)| NON_C_BSOA_UG1E3
rct,            90:  [OH] + ASOC_UG1      = ASOC_NG1E2 + 0.9 NON_C_ASOA_NG1E2
rct,            91:  [OH] + ASOC_UG10     = ASOC_UG1 + 0.9 NON_C_ASOA_UG1
rct,            92:  [OH] + ASOC_UG1E2    = ASOC_UG10 + 0.9 NON_C_ASOA_UG10
rct,            93:  [OH] + ASOC_UG1E3    = ASOC_UG1E2 + 0.9 NON_C_ASOA_UG1E2
rct,            94:  [OH] + NON_C_ASOA_UG1     =  1.075 NON_C_ASOA_NG1E2
rct,            95:  [OH] + NON_C_ASOA_UG10    =  1.075 NON_C_ASOA_UG1
rct,            96:  [OH] + NON_C_ASOA_UG1E2   =  1.075 NON_C_ASOA_UG10
rct,            97:  [OH] + NON_C_ASOA_UG1E3   =  1.075 NON_C_ASOA_UG1E2
rct,            98: [OH] + BSOC_UG1      = BSOC_NG1E2 + 0.9 NON_C_BSOA_NG1E2
rct,            99: [OH] + BSOC_UG10     = BSOC_UG1 + 0.9 NON_C_BSOA_UG1
rct,           100: [OH] + BSOC_UG1E2    = BSOC_UG10 + 0.9 NON_C_BSOA_UG10
rct,           101: [OH] + BSOC_UG1E3    = BSOC_UG1E2 + 0.9 NON_C_BSOA_UG1E2
rct,           102:   [OH] + NON_C_BSOA_UG1     =  1.075 NON_C_BSOA_NG1E2
rct,           103:   [OH] + NON_C_BSOA_UG10    =  1.075 NON_C_BSOA_UG1
rct,           104:   [OH] + NON_C_BSOA_UG1E2   =  1.075 NON_C_BSOA_UG10
rct,           105:   [OH] + NON_C_BSOA_UG1E3   =  1.075 NON_C_BSOA_UG1E2
k, AQRCK(ICLOHSO2,K)*2.00e-12:        OH + SO2 = HO2 + SO4
k, AQRCK(ICLRC1,K):        SO2 + H2O2 =  SO4
k, AQRCK(ICLRC2,K):        SO2 + O3 =  SO4
k, AQRCK(ICLRC3,K):        SO2 + {FE} =  SO4
rct,           106:        N2O5 = 2 HNO3
rct,           107:  NO3 = HNO3
rct,           108:  HNO3 = NO3_C
rct,           109:  HNO3 = NO3_C
rct,           110:  HO2 = 0.5 H2O2
k,          1.0e-5:  H2O2 =
k,          1.0e-5:  CH3OOH =
rct,            20:  SHIPNOX + OH + {M}  = HNO3
k,          3.2e-5:  SHIPNOX   = HNO3
k, RCEMIS(SHIPNOX,k):            = SHIPNOX
k, RCEMIS(FFIRE_OM,k):  = FFIRE_OM
k, RCEMIS(FFIRE_BC,k):  = FFIRE_BC
k, RCEMIS(FFIRE_REMPPM25,k):  = FFIRE_REMPPM25
k, RCEMIS(SEASALT_F,K):  = SEASALT_F
k, RCEMIS(SEASALT_C,K):  = SEASALT_C
k, RCEMIS(DUST_WB_F,K):  = DUST_WB_F
k, RCEMIS(DUST_WB_C,K):  = DUST_WB_C
k, RCEMIS(DUST_ROAD_F,K):  = DUST_ROAD_F
k, RCEMIS(DUST_ROAD_C,K):  = DUST_ROAD_C
k, RCEMIS(DUST_SAH_F,K):  = DUST_SAH_F
k, RCEMIS(DUST_SAH_C,K):  = DUST_SAH_C
k, RCEMIS(ASH_F,K):  = ASH_F
k, RCEMIS(ASH_C,K):  = ASH_C
k, RCEMIS(POM_F_FFUEL,k):  = POM_F_FFUEL
k, RCEMIS(POM_C_FFUEL,k):  = POM_C_FFUEL
k, RCEMIS(EC_F_FFUEL_NEW,k):  = EC_F_FFUEL_NEW
k, RCEMIS(EC_F_FFUEL_AGE,k):  = EC_F_FFUEL_AGE
k, RCEMIS(EC_C_FFUEL,k):  = EC_C_FFUEL
k, RCEMIS(POM_F_WOOD,k):  = POM_F_WOOD
k, RCEMIS(EC_F_WOOD_NEW,k):  = EC_F_WOOD_NEW
k, RCEMIS(EC_F_WOOD_AGE,k):  = EC_F_WOOD_AGE
k, RCEMIS(REMPPM25,k):  = REMPPM25
k, RCEMIS(REMPPM_C,k):  = REMPPM_C
k, RCEMIS(PSO4F,k):  = PSO4F
k, RCEMIS(PSO4C,k):  = PSO4C
rct,           111:  EC_F_WOOD_NEW  = EC_F_WOOD_AGE
rct,           111:  EC_F_FFUEL_NEW = EC_F_FFUEL_AGE
k, RCEMIS(SQT_SOA_NV,k):  = SQT_SOA_NV
k,      RCBIO(2,K):  =  0.00383 SQT_SOA_NV
k,      RCBIO(1,K):  =  C5H8
k,      RCBIO(2,K):  =  APINENE
