rct,             1:  OP = O3
rct,             2:  OP = O3
rct,             3:  OP + O3 =
rct,             4:  OP + NO = NO2
rct,             5:  OP + NO2 = NO
rct,             6:  OP + NO2 = NO3
rct,             7:  OD = OP
rct,             8:  OD = OP
rct,             9:  NO + O3 = NO2
rct,            10:  NO2 + O3 = NO3
rct,            11:  NO + NO = 2 NO2
rct,            12:  NO + NO3 = 2 NO2
rct,            13:  NO2 + NO3 = NO + NO2
rct,            14:  NO2 + NO3 = N2O5
rct,            15:  N2O5 = NO2 + NO3
rct,            16:  OD = 2 OH
rct,            17:  OH + O3 = HO2
rct,            18:  OH + H2 = HO2
rct,            19:  OH + CO = HO2
rct,            20:  OH + H2O2 = HO2
rct,            21:  HO2 + O3 = OH
rct,            22:  OH + HO2 =
rct,            23:  HO2 + HO2 = H2O2
rct,            24:  HO2 + HO2 = H2O2
rct,            25:  OH + NO = HONO
rct,            26:  OH + NO2 = HNO3
k,         2.0e-11:  OH + NO3 = HO2 + NO2
rct,            27:  HO2 + NO = OH + NO2
rct,            28:  HO2 + NO2 = HO2NO2
rct,            29:  HO2NO2 = HO2 + NO2
rct,            30:  OH + HO2NO2 = NO2
k,         4.0e-12:  HO2 + NO3 = OH + NO2
rct,            31:  OH + HONO = NO2
rct,            32:  OH + HNO3 = NO3
rct,            33:  OH + CH3OH = HO2 + HCHO
rct,            34:  OH + C2H5OH = 0.95 CH3CHO + 0.95 HO2 + 0.05 HOCH2CH2O2
rct,            35:  OH + NPROPOL = 0.51 RN9O2 + 0.49 C2H5CHO + 0.49 HO2
rct,            36:  OH + IPROPOL = 0.861 CH3COCH3 + 0.861 HO2 + 0.139 RN9O2
rct,            37:  OH + HCHO = HO2 + CO
rct,            38:  NO3 + HCHO = HO2 + CO + HNO3
rct,            39:  OH + CH3CHO = CH3CO3
rct,            40:  NO3 + CH3CHO = CH3CO3 + HNO3
rct,            41:  OH + C2H5CHO = C2H5CO3
rct,            42:  NO3 + C2H5CHO = C2H5CO3 + HNO3
rct,            43:  OH + CH4 = CH3O2
rct,            44:  OH + C2H6 = C2H5O2
rct,            45:  OH + C3H8 = 0.736 IC3H7O2 + 0.264 RN10O2
rct,            46:  OH + NC4H10 = RN13O2
rct,            47:  OH + C2H4 = HOCH2CH2O2
rct,            48:  NO3 + C2H4 = NRN6O2
rct,            49:  O3 + C2H4 = 1.139 HCHO + 0.63 CO + 0.13 HO2 + 0.13 OH + 0.139 H2O2 + 0.231 HCOOH
rct,            50:  OH + C3H6 = RN9O2
rct,            51:  NO3 + C3H6 = NRN9O2
rct,            52:  O3 + C3H6 = 0.545 CH3CHO + 0.545 HCHO + 0.1 CH4 + 0.28 CH3O2 + 0.36 OH + 0.09 H2O2 + 0.075 CH3CO2H + 0.075 HCOOH + 0.28 HO2 + 0.56 CO
rct,            53:  OH + TBUT2ENE = RN12O2
k,         3.9e-13:  NO3 + TBUT2ENE = NRN12O2
rct,            54:  O3 + TBUT2ENE = 1.0675 CH3CHO + 0.695 CH3O2 + 0.57 CO + 0.57 OH + 0.125 HO2 + 0.125 CH4 + 0.1125 CH3CO2H + 0.0675 H2O2
rct,            55:  OH + C2H2 = 0.636 GLYOX + 0.636 OH + 0.364 HCOOH + 0.364 CO + 0.364 HO2
rct,            56:  OH + BENZENE = 0.53 AROH14 + 0.53 HO2 + 0.47 RA13O2
rct,            57:  OH + TOLUENE = 0.82 RA16O2 + 0.18 AROH17 + 0.18 HO2
k,        1.36e-11:  OH + OXYL = 0.7 RA19AO2 + 0.3 RA19CO2
k,        2.63e-11:  OH + AROH14 = RAROH14
k,        3.78e-12:  NO3 + AROH14 = RAROH14 + HNO3
k,         9.0e-13:  OH + ARNOH14 = CARB13 + NO2
k,         9.0e-14:  NO3 + ARNOH14 = CARB13 + NO2 + HNO3
k,        4.65e-11:  OH + AROH17 = RAROH17
k,        1.25e-11:  NO3 + AROH17 = RAROH17 + HNO3
k,        1.53e-12:  OH + ARNOH17 = CARB16 + NO2
k,        3.13e-13:  NO3 + ARNOH17 = CARB16 + NO2 + HNO3
rct,            58:  OH + C5H8 = 0.538 CRU14 + 0.4 TRU14 + 0.062 UCARB13 + 0.062 HO2
rct,            59:  NO3 + C5H8 = NRU14O2
rct,            60:  O3 + C5H8 = 0.825 HCHO + 0.468 MACR + 0.312 MVK + 0.25 OH + 0.364 CO + 0.173 HO2 + 0.175 HCOOH + 0.385 H2O2 + 0.019 CH3O2 + 0.154 CH3CO3 + 0.047 CH3CHO
rct,            61:  OH + CH3COCH3 = RN8O2
rct,            62:  MEK + OH = RN11O2
rct,            63:  APINENE + OH = RTN28O2
rct,            64:  APINENE + NO3 = NRTN28O2
rct,            65:  APINENE + O3 = 0.8 OH + 0.8 RTN26O2 + 0.125 RCOOH25 + 0.075 TNCARB26 + 0.075 H2O2
rct,            66:  BPINENE + OH = RTX28O2
k,        2.51e-12:  BPINENE + NO3 = NRTX28O2
rct,            67:  BPINENE + O3 = 0.45 HCHO + 0.35 RTX24O2 + 0.35 OH + 0.4 TXCARB24 + 0.2 H2O2 + 0.25 TXCARB22 + 0.2 CO
k,         4.5e-13:  HCOOH + OH = HO2
rct,            68:  CH3CO2H + OH = CH3O2
k,        1.23e-11:  OH + HCOCO2H = CO + HO2
k,        6.65e-12:  OH + RCOOH25 = RTN25O2
rct,            69:  OH + MACR = 0.55 MACRO2 + 0.45 MACO3
k,         3.4e-15:  NO3 + MACR = MACO3 + HNO3
rct,            70:  O3 + MACR = 0.902 MGLYOX + 0.652 CO + 0.239 OH + 0.141 HO2 + 0.242 HCHO + 0.204 HCOOH + 0.142 H2O2 + 0.098 CH3CO3
rct,            71:  OH + MVK = RU10O2
rct,            72:  O3 + MVK = 0.28 CH3CO3 + 0.645 HCHO + 0.36 OH + 0.56 CO + 0.1 CH3CHO + 0.62 MGLYOX + 0.075 HCOOH + 0.165 H2O2 + 0.18 HO2
rct,            73:  OH + GLYOX = HCOCO
k,         4.0e-16:  NO3 + GLYOX = HCOCO + HNO3
rct,            74:  OH + MGLYOX = CH3CO3 + CO
k,         5.0e-16:  NO3 + MGLYOX = CH3CO3 + CO + HNO3
rct,            75:  ACETOL + OH = MGLYOX + HO2
k,         8.0e-12:  OH + HOCH2CHO = 0.8 HOCH2CO3 + 0.2 GLYOX + 0.2 HO2
rct,            40:  NO3 + HOCH2CHO = HOCH2CO3 + HNO3
k,        7.15e-11:  OH + CO2C3CHO = CO2C3CO3
rct,            76:  CO2C3CHO + NO3 = CO2C3CO3 + HNO3
k,         2.4e-13:  OH + CARB9 = RN9O2
k,        5.86e-12:  OH + CARB10 = CARB9 + HO2
k,        1.38e-12:  OH + CARB12 = RN12O2
k,        1.65e-11:  OH + CARB13 = RN13O2
k,        1.87e-11:  OH + CARB14 = RN14O2
k,        1.25e-11:  OH + CARB16 = RN16O2
k,        1.19e-10:  OH + HCC7CO = RN17O2
k,        6.42e-11:  OH + UCARB12 = RU12O2
rct,            77:  NO3 + UCARB12 = RU12O2 + HNO3
k,         2.4e-17:  O3 + UCARB12 = 0.5 MGLYOX + 0.5 GLYOX + 0.25 ACETOL + 0.25 HOCH2CHO + 0.75 CO + 0.25 CH3CO3 + 0.75 OH + 0.5 HO2
k,        4.19e-11:  OH + UCARB13 = RU13O2
k,        1.19e-17:  O3 + UCARB13 = 0.636 HCHO + 0.607 CO2C3CHO + 0.044 HCOOH + 0.165 H2O2 + 0.505 CO + 0.389 HO2 + 0.508 OH + 0.158 MGLYOX + 0.158 GLYOX + 0.158 CH3CO3 + 0.077 RN8O2
k,        5.78e-11:  OH + HUCARB9 = MGLYOX + CO + HO2
k,         5.2e-11:  OH + HPUCARB12 = HUCARB9 + CO + OH
rct,            77:  NO3 + HPUCARB12 = HUCARB9 + CO + OH + HNO3
k,         2.4e-17:  O3 + HPUCARB12 = GLYOX + MGLYOX + 2 OH
k,        3.42e-11:  OH + DHCARB9 = MGLYOX + HO2
k,        3.64e-11:  OH + DHPCARB9 = RN8OOH + CO + OH
k,        4.79e-12:  OH + CCARB12 = RN12O2
k,         5.2e-11:  OH + UDCARB8 = 0.5 C2H5O2 + 0.5 ANHY + 0.5 HO2
k,        5.58e-11:  OH + UDCARB11 = 0.55 RN10O2 + 0.45 ANHY + 0.45 CH3O2
k,         7.0e-11:  OH + UDCARB14 = 0.55 RN13O2 +0.45 ANHY + 0.45 C2H5O2
k,         1.0e-10:  OH + TNCARB10 = RTN10O2
rct,            78:  NO3 + TNCARB10 = RTN10O2 + HNO3
k,         1.0e-12:  OH + TNCARB15 = RN15AO2
k,         4.2e-11:  OH + TNCARB26 = RTN26O2
k,         3.8e-14:  NO3 + TNCARB26 = RTN26O2 + HNO3
k,        4.55e-12:  OH + TXCARB22 = RTX22O2
k,        1.55e-11:  OH + TXCARB24 = RTX24O2
k,        4.16e-11:  OH + NUCARB12 = NRU12O2
rct,            79:  OH + CH3OOH = 0.6 CH3O2 + 0.4 HCHO + 0.4 OH
k,        1.36e-11:  OH + C2H5OOH = CH3CHO + OH
k,        2.78e-11:  OH + IC3H7OOH = CH3COCH3 + OH
k,        2.13e-11:  OH + HOC2H4OOH = HOCH2CHO + OH
k,         1.2e-11:  OH + RN8OOH = MGLYOX + OH
k,         2.5e-11:  OH + RN9OOH = ACETOL + OH
k,        1.89e-11:  OH + RN10OOH = C2H5CHO + OH
k,         2.5e-11:  OH + RN11OOH = CARB9 + OH
k,        3.25e-11:  OH + RN12OOH = CARB10 + OH
k,        3.57e-11:  OH + RN13OOH = MEK + OH
k,         3.2e-11:  OH + RN14OOH = CARB12 + OH
k,        3.74e-11:  OH + RN15OOH = CARB13 + OH
k,        4.21e-11:  OH + RN16OOH = CARB14 + OH
k,        7.06e-11:  OH + RN17OOH = RN17O2
k,        1.27e-10:  OH + RN19OOH = HCC7CO + OH
k,        3.84e-11:  OH + RU10OOH = ACETOL + CO + OH
k,         3.5e-11:  OH + RU12OOH = RU10OOH + CO + HO2
k,        6.71e-11:  OH + RU13OOH =  RN8OOH + 2 HCHO + HO2
k,        7.14e-11:  OH + RU14OOH = 0.85 IEPOX + 0.09 UCARB12 + 0.94 OH + 0.06 BRU14O2
k,        9.77e-11:  OH + RA13OOH = GLYOX + UDCARB8 + OH
k,        9.64e-11:  OH + RA16OOH = GLYOX + UDCARB11 + OH
k,        7.62e-11:  OH + RA19OOH = RA19AO2
k,        4.23e-12:  OH + RTN10OOH = RTN10O2
k,        8.69e-11:  OH + RTN14OOH = RTN14O2
k,        2.05e-11:  OH + RTN23OOH = RTN23O2
k,        1.05e-11:  OH + RTN24OOH = RTN24O2
k,        1.66e-11:  OH + RTN25OOH = RTN25O2
k,         1.2e-11:  OH + RTN26OOH = RTN26O2
k,        2.38e-11:  OH + RTN28OOH = TNCARB26 + OH
k,         7.5e-11:  OH + RTX22OOH = CH3COCH3 + CCARB12 + OH
k,        8.59e-11:  OH + RTX24OOH = TXCARB22 + OH
k,         2.0e-11:  OH + RTX28OOH = RTX28O2
k,        5.64e-11:  OH + DHPR12OOH = DHPCARB9 + CO + OH
k,        5.22e-12:  OH + NRN6OOH = 2 HCHO + NO2 + OH
k,         6.5e-12:  OH + NRN9OOH = CH3CHO + HCHO + NO2 + OH
k,        7.15e-12:  OH + NRN12OOH = 2 CH3CHO + NO2 + OH
k,        2.65e-11:  OH + NRU12OOH = NOA + GLYOX + HO2
k,        1.03e-10:  OH + NRU14OOH = NUCARB12 + OH
k,         9.5e-12:  OH + NRTN28OOH = TNCARB26 + NO2 + OH
k,        9.58e-12:  OH + NRTX28OOH = NRTX28O2
k,         3.7e-12:  OH + CH3CO3H = CH3CO3
k,        4.42e-12:  OH + C2H5CO3H = C2H5CO3
k,        6.19e-12:  OH + HOCH2CO3H = HOCH2CO3
k,        1.58e-11:  OH + HCOCO3H = HCOCO3
k,        4.18e-12:  OH + CO2C3CO3H = CO2C3CO3
k,        1.16e-11:  OH + IEPOX = RU12O2
k,         1.5e-12:  OH + ANHY = HOCH2CH2O2
k,        4.33e-12:  OH + HMML = 0.7 MGLYOX + 0.3 HCOOH + 0.7 OH + 0.3 CH3CO3
rct,            80:  OH + CH3NO3 = HCHO + NO2
rct,            81:  OH + C2H5NO3 = CH3CHO + NO2
rct,            82:  OH + IC3H7NO3 = CH3COCH3 + NO2
k,         6.7e-13:  OH + NOA = MGLYOX + NO2
k,        1.09e-12:  OH + HOC2H4NO3 = HOCH2CHO + NO2
k,        1.31e-12:  OH + RN9NO3 = ACETOL + NO2
k,         5.8e-13:  OH + RN10NO3 = C2H5CHO + NO2
k,        1.79e-12:  OH + RN12NO3 = CARB10 + NO2
k,         9.2e-13:  OH + RN13NO3 = MEK + NO2
k,        1.03e-11:  OH + RN15NO3 = CARB13 + NO2
k,        1.85e-12:  OH + RN16NO3 = CARB14 + NO2
k,         9.6e-11:  OH + RN19NO3 = HCC7CO + NO2
k,        5.26e-13:  OH + RU10NO3 = ACETOL + CO + NO2
k,         2.5e-12:  OH + RU12NO3 = ACETOL + GLYOX + NO2
k,         1.6e-12:  OH + RU13NO3 =  NOA + 2 HCHO + HO2
k,         3.0e-11:  OH + RU14NO3 = 0.34 UCARB12 + 0.34 NO2 + 0.48 RU10NO3 + 0.48 HCHO + 0.18 RU12NO3 + 0.66 HO2
k,         7.3e-11:  OH + RA13NO3 = GLYOX + UDCARB8 + NO2
k,        7.16e-11:  OH + RA16NO3 = GLYOX + UDCARB11 + NO2
k,        8.31e-11:  OH + RA19NO3 = MGLYOX + UDCARB11 + NO2
k,        2.88e-12:  OH + RTN25NO3 = CH3COCH3 + TNCARB15 + NO2
k,        4.35e-12:  OH + RTN28NO3 = TNCARB26 + NO2
k,        4.74e-12:  OH + RTX22NO3 = CH3COCH3 + CCARB12 + NO2
k,        6.48e-12:  OH + RTX24NO3 = TXCARB22 + NO2
k,        3.53e-12:  OH + RTX28NO3 = TXCARB24 + HCHO + NO2
k,         3.0e-14:  OH + PAN = HCHO + CO + NO2
k,        1.12e-12:  OH + PHAN = HCHO + CO + NO2
k,        1.27e-12:  OH + PPN = CH3CHO + CO + NO2
k,        5.93e-13:  OH + CO2C3PAN = MGLYOX + CO + NO2
k,         2.9e-11:  OH + MPAN = 0.22 ACETOL + 0.22 CO + 0.78 HMML + NO3
k,        3.66e-12:  OH + RTN26PAN = CH3COCH3 + CARB16 + NO2
rct,            83:  CRU14 = CRU14O2
rct,            84:  CRU14O2 = CRU14
rct,            85:  CRU14 = BRU14O2
rct,            86:  BRU14O2 = CRU14
rct,            87:  TRU14 = TRU14O2
rct,            88:  TRU14O2 = TRU14
rct,            89:  TRU14 = BRU14O2
rct,            90:  BRU14O2 = TRU14
rct,            91:  CRU14O2 = 0.5 DHPR12O2 + 0.5  HPUCARB12 + 0.5 HO2
rct,            92:  BRU14O2 = 0.6 MVK + 0.4 MACR + HCHO + OH
rct,            93:  HCOCO = 2 CO + HO2
rct,            94:  HCOCO = 2 CO + HO2
rct,            95:  HCOCO = CO + OH
rct,            96:  HCOCO = HCOCO3
rct,            97:  DHPR12O2 = DHPCARB9 + CO + OH
rct,            98:  RU12O2 = DHCARB9 + CO + OH
rct,            99:  MACRO2 = ACETOL + CO + OH
k,        2.08e-12:  RAROH14 + NO2 = ARNOH14
k,        2.08e-12:  RAROH17 + NO2 = ARNOH17
rct,           100:  CH3CO3 + NO2 = PAN
rct,           101:  PAN = CH3CO3 + NO2
rct,           100:  C2H5CO3 + NO2 = PPN
rct,           102:  PPN = C2H5CO3 + NO2
rct,           100:  MACO3 + NO2 = MPAN
rct,           103:  MPAN = MACO3 + NO2
rct,           100:  HOCH2CO3 + NO2 = PHAN
rct,           101:  PHAN = HOCH2CO3 + NO2
rct,           100:  HCOCO3 + NO2 = HO2 + CO + NO3
rct,           100:  CO2C3CO3 + NO2 = CO2C3PAN
rct,           101:  CO2C3PAN = CO2C3CO3 + NO2
rct,           104:  RTN26O2 + NO2 = RTN26PAN
rct,           101:  RTN26PAN = RTN26O2 + NO2
rct,           105:  CH3O2 + NO = 0.999 HCHO + 0.999 HO2 + 0.999 NO2 + 0.001 CH3NO3
rct,           106:  C2H5O2 + NO = 0.967 CH3CHO + 0.967 HO2 + 0.967 NO2 + 0.033 C2H5NO3
rct,           107:  RN10O2 + NO = 0.98 C2H5CHO + 0.98 HO2 + 0.98 NO2 + 0.02 RN10NO3
rct,           108:  IC3H7O2 + NO = 0.965 CH3COCH3 + 0.965 HO2 + 0.965 NO2 + 0.035 IC3H7NO3
rct,           109:  HOCH2CH2O2 + NO = 0.995 NO2 + 0.995 HO2 + 1.544 HCHO + 0.223 HOCH2CHO + 0.005 HOC2H4NO3
rct,           109:  MACRO2 + NO = 0.987 ACETOL + 0.987 CO + 0.987 HO2 + 0.013 RU10NO3 + 0.987 NO2
rct,           109:  RN8O2 + NO = CH3CO3 + HCHO + NO2
rct,           109:  RN9O2 + NO = 0.979 CH3CHO + 0.979 HCHO + 0.979 HO2 + 0.979 NO2 + 0.021 RN9NO3
rct,           109:  RN11O2 + NO = CH3CO3 + CH3CHO + NO2
rct,           109:  RN12O2 + NO = 1.918 CH3CHO + 0.959 HO2 + 0.959 NO2 + 0.041 RN12NO3
rct,           109:  RN13O2 + NO = 0.917 NO2 + 0.552 MEK + 0.552 HO2 + 0.365 CH3CHO + 0.365 C2H5O2 + 0.083 RN13NO3
rct,           109:  RN14O2 + NO = C2H5CO3 + CH3CHO + NO2
rct,           109:  RN15O2 + NO = 0.936 C2H5CHO + 0.936 CH3CHO + 0.936 HO2 + 0.936 NO2 + 0.064 RN15NO3
rct,           109:  RN16O2 + NO = 0.877 RN15AO2 + 0.877 NO2 + 0.123 RN16NO3
rct,           109:  RN17O2 + NO = RN16AO2 + NO2
rct,           109:  RN19O2 + NO = 0.722 HCC7CO + 0.722 NO2 + 0.722 HO2 + 0.278 RN19NO3
rct,           109:  RN13AO2 + NO = RN12O2 + NO2
rct,           109:  RN15AO2 + NO = 0.975 CARB13 + 0.975 HO2 + 0.975 NO2 + 0.025 RN15NO3
rct,           109:  RN16AO2 + NO = RN15O2 + NO2
rct,           109:  RU10O2 + NO = 0.295 MGLYOX + 0.295 HCHO + 0.67 CH3CO3 + 0.67 HOCH2CHO + 0.295 HO2 + 0.035 RU10NO3 + 0.965 NO2
rct,           109:  RU12O2 + NO = 0.558 ACETOL + 0.407 HOCH2CHO + 0.388 GLYOX + 0.407 MGLYOX + 0.17 HOCH2CO3 + 0.795 HO2 + 0.035 RU12NO3 + 0.965 NO2
rct,           109:  RU13O2 + NO = 0.949 CO2C3CHO + 0.949 HCHO + 0.949 HO2 + 0.949 NO2 + 0.051 RU13NO3
rct,           109:  CRU14O2 + NO = 0.908 UCARB12 + 0.908 HO2 + 0.908 NO2 + 0.092 RU14NO3
rct,           109:  TRU14O2 + NO = 0.908 UCARB12 + 0.908 HO2 + 0.908 NO2 + 0.092 RU14NO3
rct,           109:  BRU14O2 + NO = 0.889 HCHO + 0.889 HO2 + 0.889 NO2 + 0.593 MVK + 0.296 MACR + 0.111 RU14NO3
rct,           109:  RA13O2 + NO = 0.918 GLYOX + 0.918 UDCARB8 + 0.918 HO2 + 0.918 NO2 + 0.082 RA13NO3
rct,           109:  RA16O2 + NO = 0.889 NO2 + 0.889 HO2 + 0.622 GLYOX + 0.622 UDCARB11 + 0.267 MGLYOX + 0.267 UDCARB8 + 0.111 RA16NO3
rct,           109:  RA19AO2 + NO = 0.862 GLYOX + 0.862 UDCARB14 + 0.862 HO2 + 0.862 NO2 + 0.138 RA19NO3
rct,           109:  RA19CO2 + NO = 0.862 CARB9 + 0.862 UDCARB8 + 0.862 HO2 + 0.862 NO2 + 0.138 RA19NO3
rct,           109:  RTN10O2 + NO = RN8O2 + CO + NO2
rct,           109:  RTN14O2 + NO = HCHO + TNCARB10 + HO2 + NO2
rct,           109:  RTN23O2 + NO = CH3COCH3 + RTN14O2 + NO2
rct,           109:  RTN24O2 + NO = RTN23O2 + NO2
rct,           109:  RTN25O2 + NO = 0.84 RTN24O2 + 0.84 NO2 + 0.16 RTN25NO3
rct,           109:  RTN28O2 + NO = 0.767 NO2 + 0.233 RTN28NO3 + 0.702 TNCARB26 + 0.702 HO2 + 0.065 CH3COCH3 + 0.065 RN19O2
rct,           109:  RTX22O2 + NO = 0.7 CH3COCH3 + 0.7 RN13O2 + 0.7 NO2 + 0.3 RTX22NO3
rct,           109:  RTX24O2 + NO = 0.843 NO2 + 0.506 TXCARB22 + 0.506 HO2 + 0.337 CH3COCH3 + 0.337 RN13AO2 + 0.337 HCHO + 0.157 RTX24NO3
rct,           109:  RTX28O2 + NO = 0.767 NO2 + 0.233 RTX28NO3 + 0.702 TXCARB24 + 0.702 HCHO + 0.702 HO2 + 0.065 CH3COCH3 + 0.065 RN19O2
rct,           109:  DHPR12O2 + NO = GLYOX + RN8OOH + OH + NO2
rct,           109:  NRN6O2 + NO = 2 HCHO + 2 NO2
rct,           109:  NRN9O2 + NO = CH3CHO + HCHO + 2 NO2
rct,           109:  NRN12O2 + NO = 2 CH3CHO + 2 NO2
rct,           109:  NRU12O2 + NO = NOA + 0.5 GLYOX + 0.5 CO + HO2 + NO2
rct,           109:  NRU14O2 + NO = NUCARB12 + HO2 + NO2
rct,           109:  NRTN28O2 + NO = TNCARB26 + 2 NO2
rct,           109:  NRTX28O2 + NO = TXCARB24 + HCHO + 2 NO2
rct,           110:  CH3CO3 + NO = CH3O2 + NO2
rct,           110:  C2H5CO3 + NO = C2H5O2 + NO2
rct,           111:  MACO3 + NO = 0.35 CH3CO3 + 0.65 CH3O2 + 0.65 CO + HCHO + NO2
rct,           110:  HOCH2CO3 + NO = HO2 + HCHO + NO2
rct,           110:  HCOCO3 + NO = HO2 + CO + NO2
rct,           110:  CO2C3CO3 + NO = RN8O2 + NO2
rct,           110:  RTN26O2 + NO = RTN25O2 + NO2
rct,           112:  CH3O2 + NO3 = HCHO + HO2 + NO2
rct,           113:  C2H5O2 + NO3 = CH3CHO + HO2 + NO2
rct,           113:  IC3H7O2 + NO3 = CH3COCH3 + HO2 + NO2
rct,           113:  HOCH2CH2O2 + NO3 = 1.552 HCHO + HO2 + NO2 + 0.224 HOCH2CHO
rct,           113:  MACRO2 + NO3 = ACETOL + CO + HO2 + NO2
rct,           113:  RN8O2 + NO3 = CH3CO3 + HCHO + NO2
rct,           113:  RN9O2 + NO3 = CH3CHO + HCHO + HO2 + NO2
rct,           113:  RN10O2 + NO3 = C2H5CHO + HO2 + NO2
rct,           113:  RN11O2 + NO3 = CH3CO3 + CH3CHO + NO2
rct,           113:  RN12O2 + NO3 = 2 CH3CHO + HO2 + NO2
rct,           113:  RN13O2 + NO3 = NO2 + 0.602 MEK + 0.602 HO2 + 0.398 CH3CHO + 0.398 C2H5O2
rct,           113:  RN14O2 + NO3 = C2H5CO3 + CH3CHO + NO2
rct,           113:  RN15O2 + NO3 = C2H5CHO + CH3CHO + HO2 + NO2
rct,           113:  RN16O2 + NO3 = RN15AO2 + NO2
rct,           113:  RN17O2 + NO3 = RN16AO2 + NO2
rct,           113:  RN19O2 + NO3 = HCC7CO + NO2 + HO2
rct,           113:  RN13AO2 + NO3 = RN12O2 + NO2
rct,           113:  RN15AO2 + NO3 = CARB13 + HO2 + NO2
rct,           113:  RN16AO2 + NO3 = RN15O2 + NO2
rct,           113:  RU10O2 + NO3 = 0.3 MGLYOX + 0.3 HCHO + 0.7 CH3CO3 + 0.7 HOCH2CHO + 0.3 HO2 + NO2
rct,           113:  RU12O2 + NO3 = 0.585 ACETOL + 0.415 HOCH2CHO + 0.415 GLYOX + 0.415 MGLYOX + 0.17 HOCH2CO3 + 0.83 HO2 + NO2
rct,           113:  RU13O2 + NO3 = CO2C3CHO + HCHO + HO2 + NO2
rct,           113:  CRU14O2 + NO3 = UCARB12 + HO2 + NO2
rct,           113:  TRU14O2 + NO3 = UCARB12 + HO2 + NO2
rct,           113:  BRU14O2 + NO3 = 0.667 MVK + 0.333 MACR + HCHO + HO2 + NO2
rct,           113:  RA13O2 + NO3 = GLYOX + UDCARB8 + HO2 + NO2
rct,           113:  RA16O2 + NO3 = 0.7 GLYOX + 0.7 UDCARB11 + 0.3 MGLYOX + 0.3 UDCARB8 + HO2 + NO2
rct,           113:  RA19AO2 + NO3 = GLYOX + UDCARB14 + HO2 + NO2
rct,           113:  RA19CO2 + NO3 = CARB9 + UDCARB8 + HO2 + NO2
rct,           113:  RTN10O2 + NO3 = RN8O2 + CO + NO2
rct,           113:  RTN14O2 + NO3 = HCHO + TNCARB10 + HO2 + NO2
rct,           113:  RTN23O2 + NO3 = CH3COCH3 + RTN14O2 + NO2
rct,           113:  RTN24O2 + NO3 = RTN23O2 + NO2
rct,           113:  RTN25O2 + NO3 = RTN24O2 + NO2
rct,           113:  RTN28O2 + NO3 = TNCARB26 + HO2 + NO2
rct,           113:  RTX22O2 + NO3 = CH3COCH3 + RN13O2 + NO2
rct,           113:  RTX24O2 + NO3 = TXCARB22 + HO2 + NO2
rct,           113:  RTX28O2 + NO3 = TXCARB24 + HCHO + HO2 + NO2
rct,           113:  DHPR12O2 + NO3 = GLYOX + RN8OOH + OH + NO2
rct,           113:  NRN6O2 + NO3 = 2 HCHO + 2 NO2
rct,           113:  NRN9O2 + NO3 = CH3CHO + HCHO + 2 NO2
rct,           113:  NRN12O2 + NO3 = 2 CH3CHO + 2 NO2
rct,           113:  NRU12O2 + NO3 = NOA + 0.5 GLYOX + 0.5 CO + HO2 + NO2
rct,           113:  NRU14O2 + NO3 = NUCARB12 + HO2 + NO2
rct,           113:  NRTN28O2 + NO3 = TNCARB26 + 2 NO2
rct,           113:  NRTX28O2 + NO3 = TXCARB24 + HCHO + 2 NO2
rct,           114:  CH3CO3 + NO3 = CH3O2 + NO2
rct,           114:  C2H5CO3 + NO3 = C2H5O2 + NO2
rct,           115:  MACO3 + NO3 = 0.35 CH3CO3 + 0.65 CH3O2 + 0.65 CO + HCHO + NO2
rct,           114:  HOCH2CO3 + NO3 = HO2 + HCHO + NO2
rct,           115:  HCOCO3 + NO3 = HO2 + CO + NO2
rct,           115:  CO2C3CO3 + NO3 = RN8O2 + NO2
rct,           114:  RTN26O2 + NO3 = RTN25O2 + NO2
rct,           116:  CH3O2 + HO2 = 0.9 CH3OOH + 0.1 HCHO
rct,           117:  C2H5O2 + HO2 = C2H5OOH
rct,           118:  IC3H7O2 + HO2 = IC3H7OOH
rct,           119:  HOCH2CH2O2 + HO2 = HOC2H4OOH
rct,           120:  MACRO2 + HO2 = RU10OOH
rct,           121:  RN8O2 + HO2 = RN8OOH
rct,           121:  RN9O2 + HO2 = RN9OOH
rct,           121:  RN10O2 + HO2 = RN10OOH
rct,           120:  RN11O2 + HO2 = RN11OOH
rct,           120:  RN12O2 + HO2 = RN12OOH
rct,           120:  RN13O2 + HO2 = RN13OOH
rct,           122:  RN14O2 + HO2 = RN14OOH
rct,           122:  RN15O2 + HO2 = RN15OOH
rct,           122:  RN16O2 + HO2 = RN16OOH
rct,           123:  RN17O2 + HO2 = RN17OOH
rct,           123:  RN19O2 + HO2 = RN19OOH
rct,           120:  RN13AO2 + HO2 = RN13OOH
rct,           122:  RN15AO2 + HO2 = RN15OOH
rct,           122:  RN16AO2 + HO2 = RN16OOH
rct,           120:  RU10O2 + HO2 = RU10OOH
rct,           122:  RU12O2 + HO2 = RU12OOH
rct,           122:  RU13O2 + HO2 = RU13OOH
rct,           122:  CRU14O2 + HO2 = RU14OOH
rct,           122:  TRU14O2 + HO2 = RU14OOH
rct,           122:  BRU14O2 + HO2 = RU14OOH
rct,           123:  RA13O2 + HO2 = RA13OOH
rct,           124:  RA16O2 + HO2 = RA16OOH
rct,           125:  RA19AO2 + HO2 = RA19OOH
rct,           125:  RA19CO2 + HO2 = RA19OOH
rct,           122:  RTN10O2 + HO2 = RTN10OOH
rct,           123:  RTN14O2 + HO2 = RTN14OOH
rct,           126:  RTN23O2 + HO2 = RTN23OOH
rct,           126:  RTN24O2 + HO2 = RTN24OOH
rct,           126:  RTN25O2 + HO2 = RTN25OOH
rct,           127:  RTN28O2 + HO2 = RTN28OOH
rct,           127:  RTX28O2 + HO2 = RTX28OOH
rct,           126:  RTX24O2 + HO2 = RTX24OOH
rct,           126:  RTX22O2 + HO2 = RTX22OOH
rct,           122:  DHPR12O2 + HO2 = DHPR12OOH
rct,           128:  NRN6O2 + HO2 = NRN6OOH
rct,           121:  NRN9O2 + HO2 = NRN9OOH
rct,           120:  NRN12O2 + HO2 = NRN12OOH
rct,           122:  NRU12O2 + HO2 = NRU12OOH
rct,           122:  NRU14O2 + HO2 = NRU14OOH
rct,           127:  NRTN28O2 + HO2 = NRTN28OOH
rct,           127:  NRTX28O2 + HO2 = NRTX28OOH
rct,           129:  CH3CO3 + HO2 = 0.454 CH3O2 + 0.454 OH + 0.384 CH3CO3H + 0.162 O3 + 0.162 CH3CO2H
rct,           129:  C2H5CO3 + HO2 = 0.56 C2H5CO3H + 0.44 C2H5O2 + 0.44 OH
rct,           129:  MACO3 + HO2 = 0.56 RU10OOH + 0.154 CH3CO3 + 0.286 CH3O2 + 0.286 CO + 0.44 HCHO + 0.44 OH
rct,           129:  HOCH2CO3 + HO2 = 0.56 HOCH2CO3H + 0.44 HCHO + 0.44 HO2 + 0.44 OH
rct,           129:  HCOCO3 + HO2 = 0.44 HO2 + 0.44 CO + 0.44 OH + 0.41 HCOCO3H + 0.15 HCOCO2H + 0.15 O3
rct,           129:  CO2C3CO3 + HO2 = 0.44 RN8O2 + 0.44 OH + 0.56 CO2C3CO3H
rct,           129:  RTN26O2 + HO2 = 0.56 RTN26OOH + 0.44 RTN25O2 + 0.44 OH
rct,           130:  CH3O2 + [RO2POOL] = HCHO + HO2
rct,           131:  CH3O2 + [RO2POOL] = 0.5 HCHO + 0.5 CH3OH
k,         3.1e-13:  C2H5O2 + [RO2POOL] = 0.8 CH3CHO + 0.6 HO2 + 0.2 C2H5OH
k,         4.0e-14:  IC3H7O2 + [RO2POOL] = 0.8 CH3COCH3 + 0.6 HO2 + 0.2 IPROPOL
k,         2.0e-12:  HOCH2CH2O2 + [RO2POOL] = 1.552 HCHO + HO2 + 0.224 HOCH2CHO
k,         3.6e-13:  MACRO2 + [RO2POOL] = ACETOL + CO + HO2
k,         1.4e-12:  RN8O2 + [RO2POOL] = CH3CO3 + HCHO
k,         8.8e-13:  RN9O2 + [RO2POOL] = CH3CHO + HCHO + HO2
k,         6.0e-13:  RN10O2 + [RO2POOL] = 0.8 C2H5CHO + 0.6 HO2 + 0.2 NPROPOL
k,         1.4e-12:  RN11O2 + [RO2POOL] = CH3CO3 + CH3CHO
k,         8.8e-13:  RN12O2 + [RO2POOL] = 2 CH3CHO + HO2
k,         2.5e-13:  RN13O2 + [RO2POOL] = 0.602 MEK + 0.602 HO2 + 0.398 CH3CHO + 0.398 C2H5O2
k,         1.4e-12:  RN14O2 + [RO2POOL] = C2H5CO3 + CH3CHO
k,         8.8e-13:  RN15O2 + [RO2POOL] = C2H5CHO + CH3CHO + HO2
k,         2.5e-13:  RN16O2 + [RO2POOL] = RN15AO2
k,         1.4e-12:  RN17O2 + [RO2POOL] = RN16AO2
k,         2.5e-13:  RN19O2 + [RO2POOL] = HCC7CO + 0.75 HO2
k,         8.8e-13:  RN13AO2 + [RO2POOL] = RN12O2
k,         8.8e-13:  RN15AO2 + [RO2POOL] = CARB13 + HO2
k,         8.8e-13:  RN16AO2 + [RO2POOL] = RN15O2
k,        1.22e-12:  RU10O2 + [RO2POOL] = 0.3 MGLYOX + 0.3 HCHO + 0.7 CH3CO3 + 0.7 HOCH2CHO + 0.3 HO2
k,         4.2e-13:  RU12O2 + [RO2POOL] = 0.585 ACETOL + 0.415 HOCH2CHO + 0.415 GLYOX + 0.415 MGLYOX + 0.17 HOCH2CO3 + 0.83 HO2
k,         6.0e-13:  RU13O2 + [RO2POOL] = CO2C3CHO + HCHO + HO2
k,         2.4e-12:  CRU14O2 + [RO2POOL] = UCARB12 + HO2
k,         2.4e-12:  TRU14O2 + [RO2POOL] = UCARB12 + HO2
k,        1.26e-12:  BRU14O2 + [RO2POOL] = 0.333 MVK + 0.667 MACR + HCHO + HO2
k,         8.8e-13:  RA13O2 + [RO2POOL] = GLYOX + UDCARB8 + HO2
k,         8.8e-13:  RA16O2 + [RO2POOL] = 0.7 GLYOX + 0.7 UDCARB11 + HO2 + 0.3 MGLYOX + 0.3 UDCARB8
k,         8.8e-13:  RA19AO2 + [RO2POOL] = GLYOX + UDCARB14 + HO2
k,         8.8e-13:  RA19CO2 + [RO2POOL] = GLYOX + UDCARB14 + HO2
k,         2.0e-12:  RTN10O2 + [RO2POOL] = RN8O2 + CO
k,         8.8e-13:  RTN14O2 + [RO2POOL] = HCHO + TNCARB10 + HO2
k,         6.7e-15:  RTN23O2 + [RO2POOL] = CH3COCH3 + RTN14O2
k,         6.7e-15:  RTN24O2 + [RO2POOL] = RTN23O2
k,         1.3e-12:  RTN25O2 + [RO2POOL] = RTN24O2
k,        2.85e-13:  RTN28O2 + [RO2POOL] = TNCARB26 + HO2
k,         2.5e-13:  RTX22O2 + [RO2POOL] = CH3COCH3 + RN13O2
k,         2.5e-13:  RTX24O2 + [RO2POOL] = TXCARB22 + HO2
k,         2.0e-12:  RTX28O2 + [RO2POOL] = TXCARB24 + HCHO + HO2
k,         7.6e-13:  DHPR12O2 + [RO2POOL] = GLYOX + RN8OOH + OH
k,         6.0e-13:  NRN6O2 + [RO2POOL] = 2 HCHO + NO2
k,         2.3e-13:  NRN9O2 + [RO2POOL] = CH3CHO + HCHO + NO2
k,         2.5e-13:  NRN12O2 + [RO2POOL] = 2 CH3CHO + NO2
k,         9.6e-13:  NRU12O2 + [RO2POOL] = NOA + 0.5 GLYOX + 0.5 CO + HO2
k,         1.3e-12:  NRU14O2 + [RO2POOL] = NUCARB12 + HO2
k,         1.0e-13:  NRTN28O2 + [RO2POOL] = TNCARB26 + NO2
k,         9.2e-14:  NRTX28O2 + [RO2POOL] = TXCARB24 + HCHO + NO2
k,         1.0e-11:  CH3CO3 + [RO2POOL] = CH3O2
k,         1.0e-11:  C2H5CO3 + [RO2POOL] = C2H5O2
k,         1.0e-11:  MACO3 + [RO2POOL] = 0.35 CH3CO3 + 0.65 CH3O2 + 0.65 CO + HCHO
k,         1.0e-11:  HOCH2CO3 + [RO2POOL] = HCHO + HO2
k,         1.0e-11:  HCOCO3 + [RO2POOL] = 0.7 CO + 0.7 HO2 + 0.3 HCOCO2H
k,         1.0e-11:  CO2C3CO3 + [RO2POOL] = RN8O2
k,         1.0e-11:  RTN26O2 + [RO2POOL] = RTN25O2
rcphot,   IDO3_O1D:  O3 = OD
rcphot,   IDO3_O3P:  O3 = OP
rcphot,     IDH2O2:  H2O2 = 2 OH
rcphot,      IDNO2:  NO2 = NO + OP
rcphot,   IDNO3_NO:  NO3 = NO
rcphot,  IDNO3_NO2:  NO3 = NO2 + OP
rcphot,     IDHONO:  HONO = OH + NO
rcphot,     IDHNO3:  HNO3 = OH + NO2
rcphot,   IDHCHO_H:  HCHO = CO + 2 HO2
rcphot,  IDHCHO_H2:  HCHO = H2 + CO
rcphot,   IDCH3CHO:  CH3CHO = CH3O2 + HO2 + CO
rcphot,      IDMEK:  C2H5CHO = C2H5O2 + CO + HO2
rcphot,   IDACETON:  CH3COCH3 = CH3CO3 + CH3O2
rcphot,      IDMEK:  MEK = CH3CO3 + C2H5O2
rcphot,   IDRCOCHO:  HCOCO2H = 2 HO2 + CO
rcphot,  IDHCHO_H2:  MACR = 0.5 MACO3 + HO2 + 0.825 CO + 0.5 HCHO + 0.325 CH3O2 + 0.175 CH3CO3
rcphot,  IDHCHO_H2:  MVK = 0.5 CH3CO3 + 0.5 HCHO + CO + 0.5 HO2 + 0.5 C3H6
rcphot,   IDRCOCHO:  GLYOX = 2 CO + H2
rcphot,   IDRCOCHO:  GLYOX = HCHO + CO
rcphot,   IDCH3O2H:  GLYOX = 2 CO + 2 HO2
rcphot,   IDRCOCHO:  MGLYOX = CH3CO3 + CO + HO2
rcphot,      IDMEK:  ACETOL = CH3CO3 + HCHO + HO2
rcphot,   IDHCHO_H:  HOCH2CHO = HCHO + CO + 2 HO2
rcphot,   IDHCHO_H:  CO2C3CHO = RN8O2 + HCHO
rcphot,   IDCH3COY:  CARB9 = 2 CH3CO3
rcphot,      IDMEK:  CARB10 = CH3CO3 + CH3CHO + HO2
rcphot,   IDCH3COY:  CARB12 = CH3CO3 + RN8O2
rcphot,      IDMEK:  CARB13 = RN8O2 + CH3CHO + HO2
rcphot,      IDMEK:  CARB14 = CH3CO3 + RN10O2
rcphot,      IDMEK:  CARB16 = RN8O2 + C2H5CHO + HO2
rcphot,  IDHCHO_H2:  UCARB12 = 0.5 RU12O2 + 1.25 HO2 + 0.75 CO + 0.25 CH3CO3 + 0.25 HOCH2CHO + 0.25 ACETOL
rcphot,      IDMEK:  UCARB13 = CH3CO3 + RN8O2
rcphot,  IDHCHO_H2:  HUCARB9 = MGLYOX + CO + HO2 + OH
rcphot,  IDHCHO_H2:  HPUCARB12 = 0.5 HUCARB9 + 1.5 OH + 0.425 ACETOL + 0.425 HO2 + 0.075 CH3CO3 + 0.075 HOCH2CHO + 1.425 CO
rcphot,   IDHCHO_H:  DHCARB9 = ACETOL + CO + 2 HO2
rcphot,   IDHCHO_H:  DHPCARB9 = RN8OOH + CO + HO2 + OH
rcphot,   IDCH3O2H:  DHPCARB9 = MGLYOX + HCHO + 2 OH
rcphot,      IDNO2:  UDCARB8 = C2H5O2 + HO2
rcphot,      IDNO2:  UDCARB8 = ANHY + 2 HO2
rcphot,      IDNO2:  UDCARB11 = ANHY + HO2 + CH3O2
rcphot,      IDNO2:  UDCARB11 = RN10O2 + HO2
rcphot,      IDNO2:  UDCARB14 = ANHY + HO2 + C2H5O2
rcphot,      IDNO2:  UDCARB14 = RN13O2 + HO2
rcphot,   IDCH3COY:  TNCARB10 = 2 CH3CO3 + CO
rcphot,   IDHCHO_H:  TNCARB26 = RTN26O2 + HO2
rcphot,      IDMEK:  NUCARB12 = 0.5 ACETOL + 0.5 HUCARB9 + 1.5 CO + 0.5 OH + 0.5 HO2 + NO2
rcphot,   IDCH3O2H:  CH3OOH = HCHO + HO2 + OH
rcphot,   IDCH3O2H:  C2H5OOH = CH3CHO + HO2 + OH
rcphot,   IDCH3O2H:  IC3H7OOH = CH3COCH3 + HO2 + OH
rcphot,   IDCH3O2H:  HOC2H4OOH = 2 HCHO + HO2 + OH
rcphot,   IDCH3O2H:  RN8OOH = CH3CO3 + HCHO + OH
rcphot,      IDMEK:  RN8OOH = CH3CO3 + HCHO + OH
rcphot,   IDCH3O2H:  RN9OOH = CH3CHO + HCHO + HO2 + OH
rcphot,   IDCH3O2H:  RN10OOH = C2H5CHO + HO2 + OH
rcphot,   IDCH3O2H:  RN11OOH = RN10O2 + OH
rcphot,   IDCH3O2H:  RN12OOH = 2 CH3CHO + HO2 + OH
rcphot,   IDCH3O2H:  RN13OOH = 0.398 CH3CHO + 0.398 C2H5O2 + 0.602 MEK + 0.602 HO2 + OH
rcphot,   IDCH3O2H:  RN14OOH = RN13O2 + OH
rcphot,   IDCH3O2H:  RN15OOH = C2H5CHO + CH3CHO + HO2 + OH
rcphot,   IDCH3O2H:  RN16OOH = RN15AO2 + OH
rcphot,   IDCH3O2H:  RN17OOH = RN16O2 + OH
rcphot,   IDCH3O2H:  RN19OOH = HCC7CO + OH + HO2
rcphot,   IDCH3O2H:  RU10OOH = 0.226 MGLYOX + 0.376 HCHO + 0.520 CH3CO3 + 0.467 HOCH2CHO + 0.383 HO2 + 0.254 CO + 0.097 CH3O2 + 0.157 ACETOL + OH
rcphot,   IDCH3O2H:  RU12OOH = 0.585 ACETOL + 0.415 HOCH2CHO + 0.415 GLYOX + 0.415 MGLYOX + 0.17 HOCH2CO3 + 0.83 HO2 + OH
rcphot,   IDCH3O2H:  RU13OOH = CO2C3CHO + HCHO + HO2 + OH
rcphot,      IDMEK:  RU13OOH = CO2C3CHO + HCHO + HO2 + OH
rcphot,   IDCH3O2H:  RA13OOH = GLYOX + UDCARB8 + HO2 + OH
rcphot,   IDCH3O2H:  RA16OOH = GLYOX + UDCARB11 + HO2 + OH
rcphot,   IDCH3O2H:  RA19OOH = MGLYOX + UDCARB11 + HO2 + OH
rcphot,   IDCH3O2H:  RTN10OOH = RN8O2 + CO + OH
rcphot,   IDCH3O2H:  RTN14OOH = TNCARB10 + HCHO + HO2 + OH
rcphot,   IDCH3O2H:  RTN23OOH = CH3COCH3 + RTN14O2 + OH
rcphot,   IDCH3O2H:  RTN24OOH = RTN23O2 + OH
rcphot,   IDCH3O2H:  RTN25OOH = RTN24O2 + OH
rcphot,   IDCH3O2H:  RTN26OOH = RTN25O2 + OH
rcphot,   IDCH3O2H:  RTN28OOH = TNCARB26 + HO2 + OH
rcphot,   IDCH3O2H:  RTX22OOH = CH3COCH3 + RN13O2 + OH
rcphot,   IDCH3O2H:  RTX24OOH = TXCARB22 + HO2 + OH
rcphot,   IDCH3O2H:  RTX28OOH = TXCARB24 + HCHO + HO2 + OH
rcphot,   IDHCHO_H:  DHPR12OOH = DHPCARB9 + CO + OH + HO2
rcphot,   IDCH3O2H:  DHPR12OOH = GLYOX + RN8OOH + 2 OH
rcphot,   IDCH3O2H:  NRN6OOH = 2 HCHO + NO2 + OH
rcphot,   IDCH3O2H:  NRN9OOH = CH3CHO + HCHO + NO2 + OH
rcphot,   IDCH3O2H:  NRN12OOH = 2 CH3CHO + NO2 + OH
rcphot,   IDCH3O2H:  NRU12OOH = NOA + GLYOX + HO2 + OH
rcphot,   IDCH3O2H:  NRU14OOH = NUCARB12 + HO2 + OH
rcphot,   IDCH3O2H:  NRTN28OOH = TNCARB26 + NO2 + OH
rcphot,   IDCH3O2H:  NRTX28OOH = TXCARB24 + HCHO + NO2 + OH
rcphot,   IDCH3O2H:  CH3CO3H = CH3O2 + OH
rcphot,   IDCH3O2H:  C2H5CO3H = C2H5O2 + OH
rcphot,   IDCH3O2H:  HOCH2CO3H = HCHO + HO2 + OH
rcphot,   IDCH3O2H:  HCOCO3H = HO2 + CO + OH
rcphot,   IDHCHO_H:  HCOCO3H = HO2 + CO + OH
rcphot,   IDCH3O2H:  CO2C3CO3H = RN8O2 + OH
rcphot,      IDMEK:  CO2C3CO3H = RN8O2 + OH
rcphot,      IDMEK:  CH3NO3 = HCHO + HO2 + NO2
rcphot,     IDHNO3:  C2H5NO3 = CH3CHO + HO2 + NO2
rcphot,      IDMEK:  IC3H7NO3 = CH3COCH3 + HO2 + NO2
rcphot,      IDMEK:  NOA = CH3CO3 + HCHO + NO2
rcphot,     IDHNO3:  RN10NO3 = C2H5CHO + HO2 + NO2
rcphot,      IDMEK:  RN13NO3 = 0.398 CH3CHO + 0.398 C2H5O2 + 0.602 MEK + 0.602 HO2 + NO2
rcphot,     IDHNO3:  RN16NO3 = RN15O2 + NO2
rcphot,      IDMEK:  RN19NO3 = HCC7CO + NO2 + HO2
rcphot,      IDMEK:  RU10NO3 = CH3CO3 + HOCH2CHO + NO2
rcphot,      IDMEK:  RU12NO3 = MGLYOX + HOCH2CHO + HO2 + NO2
rcphot,      IDMEK:  RU13NO3 = CO2C3CHO + HCHO + HO2 + NO2
rcphot,     IDHNO3:  RU14NO3 = 0.333 MVK + 0.667 MACR + HCHO + HO2 + NO2
rcphot,      IDMEK:  RA13NO3 = GLYOX + UDCARB8 + HO2 + NO2
rcphot,      IDMEK:  RA16NO3 = GLYOX + UDCARB11 + HO2 + NO2
rcphot,   IDHCHO_H:  RA19NO3 = MGLYOX + UDCARB11 + HO2 + NO2
rcphot,      IDMEK:  RTX24NO3 = TXCARB22 + HO2 + NO2
k,    RCEMIS(NO,k):  = NO
k,   RCEMIS(NO2,k):  = NO2
k,   RCEMIS(SO2,k):  = SO2
k,   RCEMIS(SO4,k):  = SO4
k,   RCEMIS(NH3,k):  = NH3
k,    RCEMIS(CO,k):  = CO
k,  RCEMIS(C2H6,k):  = C2H6
k,  RCEMIS(C3H8,k):  = C3H8
k, RCEMIS(NC4H10,k):  = NC4H10
k,  RCEMIS(C2H4,k):  = C2H4
k,  RCEMIS(C3H6,k):  = C3H6
k, RCEMIS(TBUT2ENE,k):  = TBUT2ENE
k, RCEMIS(CH3CHO,k):  = CH3CHO
k, RCEMIS(C2H5CHO,k):  = C2H5CHO
k, RCEMIS(CH3CO2H,k):  = CH3CO2H
k, RCEMIS(CH3COCH3,k):  = CH3COCH3
k,  RCEMIS(C5H8,k):  = C5H8
k, RCEMIS(BENZENE,k):  = BENZENE
k, RCEMIS(TOLUENE,k):  = TOLUENE
k,  RCEMIS(OXYL,k):  = OXYL
k,  RCEMIS(C2H2,k):  = C2H2
k,  RCEMIS(HCHO,k):  = HCHO
k, RCEMIS(HCOOH,k):  = HCOOH
k,   RCEMIS(MEK,k):  = MEK
k, RCEMIS(CH3OH,k):  = CH3OH
k, RCEMIS(C2H5OH,k):  = C2H5OH
k, RCEMIS(NPROPOL,k):  = NPROPOL
k, RCEMIS(IPROPOL,k):  = IPROPOL
k, RCEMIS(APINENE,k):  = APINENE
k, RCEMIS(BPINENE,k):  = BPINENE
k,  RCEMIS(MACR,k):  = MACR
k, RCEMIS(GLYOX,k):  = GLYOX
k, RCEMIS(MGLYOX,k):  = MGLYOX
k, RCEMIS(ACETOL,k):  = ACETOL
k, RCEMIS(HOCH2CHO,k):  = HOCH2CHO
k,        1.36e-11:    [OXYL] + [OH] = |YCOXY(0)|  ASOC_UG1  +  |YNOXY(0)|   NON_C_ASOA_UG1  +  |YCOXY(1)|  ASOC_UG10 + |YNOXY(1)|  NON_C_ASOA_UG10 +  |YCOXY(2)| ASOC_UG1E2  +  |YNOXY(2)| NON_C_ASOA_UG1E2 +  |YCOXY(3)| ASOC_UG1E3  +  |YNOXY(3)| NON_C_ASOA_UG1E3
rct,           132:    [BENZENE] + [OH] = |YCBENZ(0)|  ASOC_UG1  +  |YNBENZ(0)|   NON_C_ASOA_UG1  +  |YCBENZ(1)|  ASOC_UG10 + |YNBENZ(1)|  NON_C_ASOA_UG10 +  |YCBENZ(2)| ASOC_UG1E2  +  |YNBENZ(2)| NON_C_ASOA_UG1E2 +  |YCBENZ(3)| ASOC_UG1E3  +  |YNBENZ(3)| NON_C_ASOA_UG1E3
rct,           133:    [TOLUENE] + [OH] = |YCTOL(0)|  ASOC_UG1  +  |YNTOL(0)|   NON_C_ASOA_UG1  +  |YCTOL(1)|  ASOC_UG10 + |YNTOL(1)|  NON_C_ASOA_UG10 +  |YCTOL(2)| ASOC_UG1E2  +  |YNTOL(2)| NON_C_ASOA_UG1E2 +  |YCTOL(3)| ASOC_UG1E3  +  |YNTOL(3)| NON_C_ASOA_UG1E3
rct,           134:  [OH] + [NC4H10]  = |YCALK(0)|  ASOC_UG1  +  |YNALK(0)|   NON_C_ASOA_UG1  +  |YCALK(1)|  ASOC_UG10 + |YNALK(1)|  NON_C_ASOA_UG10 +  |YCALK(2)| ASOC_UG1E2  +  |YNALK(2)| NON_C_ASOA_UG1E2 +  |YCALK(3)| ASOC_UG1E3  +  |YNALK(3)| NON_C_ASOA_UG1E3
rct,            50:   [OH] + [C3H6]  = |YCOLE(0)|  ASOC_UG1  +  |YNOLE(0)|   NON_C_ASOA_UG1  +  |YCOLE(1)|  ASOC_UG10 + |YNOLE(1)|  NON_C_ASOA_UG10 +  |YCOLE(2)| ASOC_UG1E2  +  |YNOLE(2)| NON_C_ASOA_UG1E2 +  |YCOLE(3)| ASOC_UG1E3  +  |YNOLE(3)| NON_C_ASOA_UG1E3
rct,           135:             [OH] + [C5H8] = |YCISOP(0)|  BSOC_UG1  +  |YNISOP(0)|   NON_C_BSOA_UG1  +  |YCISOP(1)|  BSOC_UG10 + |YNISOP(1)|  NON_C_BSOA_UG10 +  |YCISOP(2)| BSOC_UG1E2  +  |YNISOP(2)| NON_C_BSOA_UG1E2 +  |YCISOP(3)| BSOC_UG1E3  +  |YNISOP(3)| NON_C_BSOA_UG1E3
rct,           136:    [OH] + [APINENE] = |YCTERP(0)|  BSOC_UG1  +  |YNTERP(0)|   NON_C_BSOA_UG1  +  |YCTERP(1)|  BSOC_UG10 + |YNTERP(1)|  NON_C_BSOA_UG10 +  |YCTERP(2)| BSOC_UG1E2  +  |YNTERP(2)| NON_C_BSOA_UG1E2 +  |YCTERP(3)| BSOC_UG1E3  +  |YNTERP(3)| NON_C_BSOA_UG1E3
rct,           137:           [O3] + [APINENE] = |YCTERP(0)|  BSOC_UG1  +  |YNTERP(0)|   NON_C_BSOA_UG1  +  |YCTERP(1)|  BSOC_UG10 + |YNTERP(1)|  NON_C_BSOA_UG10 +  |YCTERP(2)| BSOC_UG1E2  +  |YNTERP(2)| NON_C_BSOA_UG1E2 +  |YCTERP(3)| BSOC_UG1E3  +  |YNTERP(3)| NON_C_BSOA_UG1E3
rct,           138:           [NO3] + [APINENE] = |YCTERP(0)|  BSOC_UG1  +  |YNTERP(0)|   NON_C_BSOA_UG1  +  |YCTERP(1)|  BSOC_UG10 + |YNTERP(1)|  NON_C_BSOA_UG10 +  |YCTERP(2)| BSOC_UG1E2  +  |YNTERP(2)| NON_C_BSOA_UG1E2 +  |YCTERP(3)| BSOC_UG1E3  +  |YNTERP(3)| NON_C_BSOA_UG1E3
rct,           139:  [OH] + ASOC_UG1      = ASOC_NG1E2 + 0.9 NON_C_ASOA_NG1E2
rct,           140:  [OH] + ASOC_UG10     = ASOC_UG1 + 0.9 NON_C_ASOA_UG1
rct,           141:  [OH] + ASOC_UG1E2    = ASOC_UG10 + 0.9 NON_C_ASOA_UG10
rct,           142:  [OH] + ASOC_UG1E3    = ASOC_UG1E2 + 0.9 NON_C_ASOA_UG1E2
rct,           143:  [OH] + NON_C_ASOA_UG1     =  1.075 NON_C_ASOA_NG1E2
rct,           144:  [OH] + NON_C_ASOA_UG10    =  1.075 NON_C_ASOA_UG1
rct,           145:  [OH] + NON_C_ASOA_UG1E2   =  1.075 NON_C_ASOA_UG10
rct,           146:  [OH] + NON_C_ASOA_UG1E3   =  1.075 NON_C_ASOA_UG1E2
rct,           147: [OH] + BSOC_UG1      = BSOC_NG1E2 + 0.9 NON_C_BSOA_NG1E2
rct,           148: [OH] + BSOC_UG10     = BSOC_UG1 + 0.9 NON_C_BSOA_UG1
rct,           149: [OH] + BSOC_UG1E2    = BSOC_UG10 + 0.9 NON_C_BSOA_UG10
rct,           150: [OH] + BSOC_UG1E3    = BSOC_UG1E2 + 0.9 NON_C_BSOA_UG1E2
rct,           151:   [OH] + NON_C_BSOA_UG1     =  1.075 NON_C_BSOA_NG1E2
rct,           152:   [OH] + NON_C_BSOA_UG10    =  1.075 NON_C_BSOA_UG1
rct,           153:   [OH] + NON_C_BSOA_UG1E2   =  1.075 NON_C_BSOA_UG10
rct,           154:   [OH] + NON_C_BSOA_UG1E3   =  1.075 NON_C_BSOA_UG1E2
k, AQRCK(ICLOHSO2,K)*2.00e-12:        OH + SO2 = HO2 + SO4
k, AQRCK(ICLRC1,K):        SO2 + H2O2 =  SO4
k, AQRCK(ICLRC2,K):        SO2 + O3 =  SO4
k, AQRCK(ICLRC3,K):        SO2 + {FE} =  SO4
rct,           155:        N2O5 = 2 HNO3
rct,           156:  NO3 = HNO3
rct,           157:  HNO3 = NO3_C
rct,           158:  HNO3 = NO3_C
rct,           159:  HO2 = 0.5 H2O2
k,          1.0e-5:  H2O2 =
k,          1.0e-5:  CH3OOH =
rct,            26:  SHIPNOX + OH + {M}  = HNO3
k,          3.2e-5:  SHIPNOX   = HNO3
k, RCEMIS(SHIPNOX,k):            = SHIPNOX
k, RCEMIS(FFIRE_OM,k):  = FFIRE_OM
k, RCEMIS(FFIRE_BC,k):  = FFIRE_BC
k, RCEMIS(FFIRE_REMPPM25,k):  = FFIRE_REMPPM25
k, RCEMIS(SEASALT_F,K):  = SEASALT_F
k, RCEMIS(SEASALT_C,K):  = SEASALT_C
k, RCEMIS(DUST_WB_F,K):  = DUST_WB_F
k, RCEMIS(DUST_WB_C,K):  = DUST_WB_C
k, RCEMIS(DUST_ROAD_F,K):  = DUST_ROAD_F
k, RCEMIS(DUST_ROAD_C,K):  = DUST_ROAD_C
k, RCEMIS(DUST_SAH_F,K):  = DUST_SAH_F
k, RCEMIS(DUST_SAH_C,K):  = DUST_SAH_C
k, RCEMIS(ASH_F,K):  = ASH_F
k, RCEMIS(ASH_C,K):  = ASH_C
k, RCEMIS(POM_F_FFUEL,k):  = POM_F_FFUEL
k, RCEMIS(POM_C_FFUEL,k):  = POM_C_FFUEL
k, RCEMIS(EC_F_FFUEL_NEW,k):  = EC_F_FFUEL_NEW
k, RCEMIS(EC_F_FFUEL_AGE,k):  = EC_F_FFUEL_AGE
k, RCEMIS(EC_C_FFUEL,k):  = EC_C_FFUEL
k, RCEMIS(POM_F_WOOD,k):  = POM_F_WOOD
k, RCEMIS(EC_F_WOOD_NEW,k):  = EC_F_WOOD_NEW
k, RCEMIS(EC_F_WOOD_AGE,k):  = EC_F_WOOD_AGE
k, RCEMIS(REMPPM25,k):  = REMPPM25
k, RCEMIS(REMPPM_C,k):  = REMPPM_C
k, RCEMIS(PSO4F,k):  = PSO4F
k, RCEMIS(PSO4C,k):  = PSO4C
rct,           160:  EC_F_WOOD_NEW  = EC_F_WOOD_AGE
rct,           160:  EC_F_FFUEL_NEW = EC_F_FFUEL_AGE
k, RCEMIS(SQT_SOA_NV,k):  = SQT_SOA_NV
k,      RCBIO(2,K):  =  0.00383 SQT_SOA_NV
k,      RCBIO(1,K):  =  C5H8
k,      RCBIO(2,K):  =  APINENE
