rct,             1:  OP + {O2} + {M}  = O3
rct,             2:  OD + {N2}  = OP
rct,             3:  OD + {O2}  = OP
rct,             4:  OD + {H2O} = 2. OH
rct,             5:  O3 + NO    = NO2 + {O2}
rct,             6:  O3 + NO2   = NO3 + {O2}
rct,             7:  O3 + OH    = HO2 + {O2}
rct,             8:  O3 + HO2   = OH + 2 {O2}
rct,             9:  NO + NO3   = NO2 + NO2
rct,            10:  NO + HO2   = NO2 + OH
rct,            11:  NO2 + NO3  = NO + NO2
rct,            12:  OH + HO2   = {H2O} + {O2}
rct,            13:  OH + H2O2 = HO2 + {H2O}
rct,            14:  OH + H2 = HO2 + {H2O}
rct,            15:  OH + HNO3 = NO3 + {H2O}
rct,            16:  HO2 + HO2 = H2O2
rct,            17:  HO2 + HO2 = H2O2
rct,            18:  OH + HONO = NO2
rct,            19:  OH + CH4 = CH3O2
rct,            20:  OH     + CO    = HO2
rct,            21:  CH3O2  + NO    = HCHO + HO2 + NO2
rct,            22:  CH3O2  + CH3O2 = 2. HCHO + 2. HO2
rct,            23:  CH3O2 + CH3O2 = CH3OH + HCHO
rct,            24:  OH     + CH3OH = HO2 + HCHO + {H2O}
rct,            25:  HO2    + CH3O2 = 0.9 CH3OOH + 0.1 HCHO
rct,            26:  CH3OOH + OH    = 0.4 HCHO + 0.4 OH + 0.6 CH3O2  + 0.6 {H2O}
rct,            27:  OH     + HCHO  = CO + HO2 + {H2O}
rct,            28:  NO3    + HCHO  = HNO3 + CO + HO2
rct,            29:  OH     + C2H6 = C2H5O2 + {H2O}
rct,            30:  C2H5O2  + NO  = HO2 + CH3CHO + NO2
rct,            31:  C2H5O2  + HO2 = C2H5OOH
k,        8.01e-12:  C2H5OOH + OH  = CH3CHO + OH
rct,            32:  C2H5OOH + OH  = C2H5O2
rct,            33:  OH   + CH3CHO = 0.95 CH3COO2 + 0.05 CH3O2 + 0.05 CO
rct,            34:  CH3COO2 + NO  = NO2 + CH3O2 + {CO2}
rct,            35:  CH3O2 + CH3COO2 = 0.9 HO2 + HCHO + 0.9 CH3O2 + 0.1 {CH3COOH}
rct,            36:  CH3COO2 + CH3COO2 = CH3O2 + CH3O2
rct,            37:  CH3COO2 + HO2     = 0.41 CH3COO2H + 0.15 O3 + 0.44 OH + 0.44 CH3O2 + 0.15 {CH3COOH}
rct,            38:  CH3COO2H + OH     = CH3COO2
rct,            39:  OH + C2H5OH    = CH3CHO + HO2
rct,            40:  OH + NC4H10  = SECC4H9O2
rct,            41:  NO + SECC4H9O2  = NO2 + 0.65 HO2 + 0.65 MEK + 0.35 CH3CHO + 0.35 C2H5O2
rct,            42:  SECC4H9O2 + HO2 = 0.95 BURO2H
rct,            43:  OH     + MEK = MEKO2
rct,            41:  MEKO2  + NO  = NO2 + CH3COO2 + CH3CHO
rct,            42:  MEKO2  + HO2 = MEKO2H
rct,            38:  MEKO2H + OH  = MEKO2
rct,            32:  BURO2H + OH     = SECC4H9O2
k,        2.15e-11:  BURO2H + OH = OH + MEK
rct,            41:  ETRO2 + NO  = NO2 + 2. HCHO + HO2
k,         1.2e-11:  ETRO2 + HO2 = ETRO2H
k,        1.38e-11:  ETRO2H + OH = CH3CHO + OH
rct,            32:  ETRO2H + OH = ETRO2
rct,            44:  C2H4 + O3 = 1.14 HCHO + 0.63 CO + 0.13 HO2 + 0.13 OH + 0.14 H2O2  + 0.23 {HCOOH}
rct,            45:  O3 + C3H6 = 0.545 HCHO + 0.545 CH3CHO + 0.56 CO + 0.36 OH + 0.28 HO2 + 0.09 H2O2 + 0.1 CH4 + 0.28 CH3O2 + 0.075 {HCOOH} + 0.075 {CH3COOH}
rct,            41:  NO     + PRRO2 = NO2 + CH3CHO + HCHO + HO2
rct,            46:  PRRO2  + HO2   = 0.795 PRRO2H
k,        2.44e-11:  PRRO2H + OH    = ACETOL + OH
rct,            32:  PRRO2H + OH    = PRRO2
k,        1.36e-11:  OXYL   + OH     =  OXYO2
rct,            41:  OXYO2  + NO     =  NO2 + MGLYOX + MAL + HO2
rct,            47:  OXYO2  + HO2    =  0.33 OXYO2H
k,         4.2e-11:  OXYO2H + OH     =  OXYO2
k,        5.58e-11:  MAL    + OH     = MALO2
rct,            41:  MALO2  + NO     = NO2 + HO2 + MGLYOX + GLYOX
rct,            48:  MALO2  + HO2    = MALO2H
rct,            38:  MALO2H + OH     = MALO2
rct,            49:  OH  + GLYOX  = HO2 + CO + CO
rct,            50:  OH     + MGLYOX = CH3COO2 + CO
rct,            51:  C5H8 + O3   = 0.67 MACR + 0.26 MVK + 0.3 OP + 0.55 OH + 0.07 C3H6 + 0.8 HCHO + 0.06 HO2 + 0.05 CO
rct,            52:  C5H8  + OH    =  ISRO2
rct,            41:  ISRO2 + NO    = 0.32 MACR + 0.42 MVK + 0.74 HCHO + 0.14 ISNI + 0.12 ISRO2 + 0.78 HO2 + 0.86 NO2
rct,            48:  ISRO2 + HO2   = 0.97 ISRO2H
rct,            53:  MVK + OH      = MVKO2
rct,            41:  MVKO2 + NO    = 0.684 CH3CHO + 0.684 CH3COO2 + 0.266 MGLYOX + 0.266 HCHO + 0.05 ISNI + 0.95 NO2 + 0.95 HO2
k,         7.5e-11:  ISRO2H + OH   = OH + ISRO2
rct,            54:  MACR + O3 = 0.59 MGLYOX + 0.41 HO2 + 0.82 CO + 0.82 OH + 0.534 HCHO + 0.124 H2O2 + 0.41 CH3COO2 +0.056 {HCOOH}
rct,            55:  MACR   + OH   = 0.5 MACRO2 + 0.5 MACO3
rct,            56:  MACRO2 + NO   = 0.95 HO2 + 0.95 CO + 0.95 ACETOL + 0.05 ISNI + 0.95 NO2
rct,            57:  MACRO2 + NO3  = NO2 + ACETOL + HCHO + HO2
rct,            42:  MACRO2 + HO2  = MACROOH + {O2}
k,        2.82e-11:  MACROOH + OH  = MACRO2
rct,            58:  ACETOL + OH   = MGLYOX + HO2
rct,            59:  MACO3  + NO   = CH3COO2 + HCHO + NO2
rct,            60:  MVK + O3   = 0.82 MGLYOX + 0.8 HCHO + 0.2 OP + 0.05 CO +  0.06 HO2 + 0.04 CH3CHO + 0.08 OH
k,        5.96e-11:  ISNI  + OH    = ISNIR
rct,            41:  ISNIR + NO    = 0.05 ISNI + 0.05 HO2 + 1.9 NO2 + 0.95 CH3CHO + 0.95 ACETOL
rct,            61:  C5H8 + NO3  = ISONO3
rct,            41:  ISONO3 + NO   = 1.1 NO2 + 0.8 HO2 + 0.85 ISNI + 0.1 MACR + 0.15 HCHO + 0.05 MVK
rct,            48:  ISONO3 + HO2  = ISONO3H
rct,            42:  MVKO2  + HO2  = MVKO2H
rct,            62:  MACO3 + HO2   = 0.71 MACO3H + 0.29 MACO2H + 0.29 O3
k,        1.87e-11:  MACO3H + OH   = MACO3
k,        1.51e-11:  MACO2H + OH   = CH3COO2 + HCHO
rct,            48:  ISNIR  + HO2  = ISNIRH
k,         2.0e-11:  ISONO3H + OH  = ISONO3
k,         2.2e-11:  MVKO2H + OH   = MVKO2
k,         3.7e-11:  ISNIRH + OH = ISNIR
k,         2.9e-11:  MPAN + OH   = ACETOL + CO + NO2
rct,            63:  OP + NO  + {M}   = NO2
rct,            64:  NO2 + NO3  = N2O5
rct,            65:  N2O5       = NO2 + NO3
rct,            66:  NO2 + OH + {M}  = HNO3
rct,            67:  CH3COO2 + NO2 + {M} = PAN
rct,            68:  PAN  + {M}    = CH3COO2 + NO2
rct,            69:  C2H4 + OH + {M}  = ETRO2
rct,            70:  OH     + C3H6 + {M}   = PRRO2
rct,            67:  MACO3 + NO2 = MPAN
rct,            68:  MPAN = MACO3 + NO2
rct,            71:  OH + NO = HONO
rcphot,   IDO3_O3P:  O3            = OP
rcphot,   IDO3_O1D:  O3            = OD
rcphot,      IDNO2:  NO2           = OP  + NO
rcphot,     IDH2O2:  H2O2          = 2 OH
rcphot,     IDHNO3:  HNO3          = NO2  + OH
rcphot,   IDHCHO_H:  HCHO          = CO   + 2 HO2
rcphot,  IDHCHO_H2:  HCHO          = CO   + H2
rcphot,   IDCH3CHO:  CH3CHO        = CH3O2 + HO2 + CO
rcphot,  IDNO3_NO2:  NO3           = NO2  + OP
rcphot,   IDCH3O2H:  CH3OOH        = HCHO + OH + HO2
rcphot,   IDCHOCHO:  GLYOX         = 1.9 CO + 0.1 HCHO + 0.5 HO2
rcphot,   IDRCOCHO:  MGLYOX        = CH3COO2 + CO + HO2
rcphot,   IDCH3O2H:  C2H5OOH       = HO2 + CH3CHO + OH
rcphot,   IDCH3O2H:  ETRO2H        = HO2 + OH + 1.56 HCHO + 0.22 CH3CHO
rcphot,   IDCH3O2H:  BURO2H        = OH + 0.65 HO2 + 0.65 MEK + 0.35 CH3CHO + 0.35 C2H5O2
rcphot,   IDCH3O2H:  PRRO2H        = CH3CHO + HCHO + HO2
rcphot,   IDCH3O2H:  MEKO2H        = CH3CHO + CH3COO2 + OH
rcphot,      IDMEK:  MEK           = CH3COO2 + C2H5O2
rcphot,   IDCH3O2H:  CH3COO2H      = CH3O2 + OH
rcphot,   IDCH3O2H:  OXYO2H        = OH + MGLYOX + MAL + HO2
rcphot,   IDCH3O2H:  MALO2H        = OH + HO2 + MGLYOX + GLYOX
rcphot,      IDNO2:  HONO           = OH + NO
k,    RCEMIS(NO,k):  = NO
k,   RCEMIS(NO2,k):  = NO2
k,   RCEMIS(SO2,k):  = SO2
k,   RCEMIS(SO4,k):  = SO4
k,    RCEMIS(CO,k):  = CO
k,   RCEMIS(NH3,k):  = NH3
k,  RCEMIS(C2H6,k):  = C2H6
k, RCEMIS(NC4H10,k):  = NC4H10
k,  RCEMIS(C2H4,k):  = C2H4
k,  RCEMIS(C3H6,k):  = C3H6
k,  RCEMIS(OXYL,k):  = OXYL
k,  RCEMIS(HCHO,k):  = HCHO
k, RCEMIS(CH3CHO,k):  = CH3CHO
k,   RCEMIS(MEK,k):  = MEK
k, RCEMIS(C2H5OH,k):  = C2H5OH
k, RCEMIS(CH3OH,k):  = CH3OH
k, RCEMIS(GLYOX,k):  = GLYOX
k, RCEMIS(MGLYOX,k):  = MGLYOX
k,  RCEMIS(C5H8,k):  = C5H8
k,      RCBIO(1,K):  = C5H8
rct,            72:  SHIPNOX + OH + {M}  = HNO3
k,          3.2e-5:  SHIPNOX   = HNO3
k, RCEMIS(SHIPNOX,k):            = SHIPNOX
rct,            41:  [NO] + [SECC4H9O2] = 0.108 ASOC_UG10 + 0.90753 NON_C_ASOA_UG10
rct,            42:  [SECC4H9O2] + [HO2] =  0.2132 ASOC_UG10 + 1.7912 NON_C_ASOA_UG10
rct,            41:  [NO] + [PRRO2] = 0.00206 ASOC_UG1 + 0.0173 NON_C_ASOA_UG1 + 0.01029 ASOC_UG10 + 0.08647 NON_C_ASOA_UG10 + 0.078235 ASOC_UG1E2 + 0.65718 NON_C_ASOA_UG1E2 + 0.30882 ASOC_UG1E3 + 2.59412 NON_C_ASOA_UG1E3
rct,            46:  [PRRO2] + [HO2] = 0.010294 ASOC_UG1 + 0.08647 NON_C_ASOA_UG1 + 0.018529 ASOC_UG10 + 0.15565 NON_C_ASOA_UG10 + 0.123529 ASOC_UG1E2 + 1.03765 NON_C_ASOA_UG1E2 + 0.463235 ASOC_UG1E3 + 3.89118 NON_C_ASOA_UG1E3
rct,            41:  [OXYO2] + [NO]     =  0.008413 ASOC_UG1 + 0.11105 NON_C_ASOA_UG1 + 0.820238 ASOC_UG10 + 10.8271 NON_C_ASOA_UG10 + 1.261905 ASOC_UG1E2 + 16.6571 NON_C_ASOA_UG1E2 + 1.829762 ASOC_UG1E3 + 24.15286 NON_C_ASOA_UG1E3
rct,            47:  [OXYO2] + [HO2]    =  0.315476 ASOC_UG1 + 4.16429 NON_C_ASOA_UG1 + 1.261905 ASOC_UG10 + 16.6571 NON_C_ASOA_UG10 + 1.577381 ASOC_UG1E2 + 20.82143 NON_C_ASOA_UG1E2 + 2.208333 ASOC_UG1E3 + 29.15 NON_C_ASOA_UG1E3
rct,            41:  [ISRO2] + [NO]  = 0.002833 BSOC_UG1 + 0.034 NON_C_BSOA_UG1 + 0.065167 BSOC_UG10 + 0.782 NON_C_BSOA_UG10 + 0.0425 BSOC_UG1E2 + 0.51 NON_C_BSOA_UG1E2
rct,            48:  [ISRO2] + [HO2]  = 0.0255 BSOC_UG1 + 0.306 NON_C_BSOA_UG1 + 0.085 BSOC_UG10 + 1.02 NON_C_BSOA_UG10 + 0.0425 BSOC_UG1E2 + 0.51 NON_C_BSOA_UG1E2
rct,            73:   APINENE + [O3] = TERPPEROXY
rct,            74:   [OH] + APINENE = TERPPEROXY
rct,            75:   APINENE + [NO3] = TERPPEROXY
rct,            41:  TERPPEROXY + [NO]  = 0.08 BSOC_UG1 + 0.672 NON_C_BSOA_UG1 + 0.813333 BSOC_UG10 + 6.832 NON_C_BSOA_UG10 + 1.34 BSOC_UG1E2 + 11.256 NON_C_BSOA_UG1E2 + 3.333333 BSOC_UG1E3 + 28. NON_C_BSOA_UG1E3
rct,            76:  TERPPEROXY + [HO2] = 0.715333 BSOC_UG1 + 6.009 NON_C_BSOA_UG1 + 0.612 BSOC_UG10 + 5.1408 NON_C_BSOA_UG10 + 2.391333 BSOC_UG1E2 + 20.0872 NON_C_BSOA_UG1E2 + 4.05 BSOC_UG1E3 + 34.02 NON_C_BSOA_UG1E3
rct,            77:  [OH] + ASOC_UG1      = ASOC_NG100 + 0.9 NON_C_ASOA_NG100
rct,            78:  [OH] + ASOC_UG10     = ASOC_UG1 + 0.9 NON_C_ASOA_UG1
rct,            79:  [OH] + ASOC_UG1E2    = ASOC_UG10 + 0.9 NON_C_ASOA_UG10
rct,            80:  [OH] + ASOC_UG1E3    = ASOC_UG1E2 + 0.9 NON_C_ASOA_UG1E2
rct,            81:  [OH] + NON_C_ASOA_UG1     =  1.075 NON_C_ASOA_NG100
rct,            82:  [OH] + NON_C_ASOA_UG10    =  1.075 NON_C_ASOA_UG1
rct,            83:  [OH] + NON_C_ASOA_UG1E2   =  1.075 NON_C_ASOA_UG10
rct,            84:  [OH] + NON_C_ASOA_UG1E3   =  1.075 NON_C_ASOA_UG1E2
rct,            85: [OH] + BSOC_UG1      = BSOC_NG100 + 0.9 NON_C_BSOA_NG100
rct,            86: [OH] + BSOC_UG10     = BSOC_UG1 + 0.9 NON_C_BSOA_UG1
rct,            87: [OH] + BSOC_UG1E2    = BSOC_UG10 + 0.9 NON_C_BSOA_UG10
rct,            88: [OH] + BSOC_UG1E3    = BSOC_UG1E2 + 0.9 NON_C_BSOA_UG1E2
rct,            89:   [OH] + NON_C_BSOA_UG1     =  1.075 NON_C_BSOA_NG100
rct,            90:   [OH] + NON_C_BSOA_UG10    =  1.075 NON_C_BSOA_UG1
rct,            91:   [OH] + NON_C_BSOA_UG1E2   =  1.075 NON_C_BSOA_UG10
rct,            92:   [OH] + NON_C_BSOA_UG1E3   =  1.075 NON_C_BSOA_UG1E2
k, RCEMIS(POM_F_FFUEL,k):  = POM_F_FFUEL
k, RCEMIS(POM_C_FFUEL,k):  = POM_C_FFUEL
k, RCEMIS(EC_F_FFUEL_NEW,k):  = EC_F_FFUEL_NEW
k, RCEMIS(EC_F_FFUEL_AGE,k):  = EC_F_FFUEL_AGE
k, RCEMIS(EC_C_FFUEL,k):  = EC_C_FFUEL
k, RCEMIS(POM_F_WOOD,k):  = POM_F_WOOD
k, RCEMIS(EC_F_WOOD_NEW,k):  = EC_F_WOOD_NEW
k, RCEMIS(EC_F_WOOD_AGE,k):  = EC_F_WOOD_AGE
k, RCEMIS(REMPPM25,k):  = REMPPM25
k, RCEMIS(REMPPM_C,k):  = REMPPM_C
rct,            93:  EC_F_WOOD_NEW  = EC_F_WOOD_AGE
rct,            93:  EC_F_FFUEL_NEW = EC_F_FFUEL_AGE
k, RCEMIS(FFIRE_CO,k):  = FFIRE_CO
rct,            20:   [OH] + FFIRE_CO  =
k, RCEMIS(FFIRE_OM,k):  = FFIRE_OM
k, RCEMIS(FFIRE_BC,k):  = FFIRE_BC
k, RCEMIS(FFIRE_REMPPM25,k):  = FFIRE_REMPPM25
k, RCEMIS(SEASALT_F,K):  = SEASALT_F
k, RCEMIS(SEASALT_C,K):  = SEASALT_C
k, RCEMIS(DUST_WB_F,K):  = DUST_WB_F
k, RCEMIS(DUST_WB_C,K):  = DUST_WB_C
k, RCEMIS(DUST_ROAD_F,K):  = DUST_ROAD_F
k, RCEMIS(DUST_ROAD_C,K):  = DUST_ROAD_C
k, RCEMIS(DUST_SAH_F,K):  = DUST_SAH_F
k, RCEMIS(DUST_SAH_C,K):  = DUST_SAH_C
k, RCEMIS(POLLEN_BIRCH,k):  = POLLEN_BIRCH
k, RCEMIS(POLLEN_OLIVE,k):  = POLLEN_OLIVE
k, RCEMIS(POLLEN_RWEED,k):  = POLLEN_RWEED
k, RCEMIS(POLLEN_GRASS,k):  = POLLEN_GRASS
