rct,             1:  OP + {O2} + {M}  = O3
rct,             2:  OD + {H2O} = 2. OH
rct,             3:  O3 + NO    = NO2 + {O2}
rct,             4:  OH + VOC    = RO2
rct,             5:  OH + CH3CHO = CH3COO2
rct,             6:  NO + HO2   = NO2 + OH
rct,             7:  NO + RO2  = NO2 +  HO2 + CH3CHO
k,        1.11e-11:  NO2 + OH + {M}  = HNO3
rct,             8:  CH3COO2 + NO  = NO2 + RO2 + {CO2}
k,         4.7e-12:  CH3COO2 + NO2 + {M} = PAN
rct,             9:  PAN  + {M} = CH3COO2 + NO2
k, RCEMIS(TRACER1,k):  =  TRACER1
k, RCEMIS(TRACER2,k):  =  TRACER2
k,    RCEMIS(NO,k):  =  NO
k,   RCEMIS(VOC,k):  =  VOC
k,   RCEMIS(NO2,k):  = NO2
k,   RCEMIS(SO2,k):  = SO2
k,   RCEMIS(SO4,k):  = SO4
k,    RCEMIS(CO,k):  = CO
k,   RCEMIS(NH3,k):  = NH3
k,  RCEMIS(C2H6,k):  = C2H6
k, RCEMIS(NC4H10,k):  = NC4H10
k,  RCEMIS(C2H4,k):  = C2H4
k,  RCEMIS(C3H6,k):  = C3H6
k,  RCEMIS(OXYL,k):  = OXYL
k,  RCEMIS(HCHO,k):  = HCHO
k, RCEMIS(CH3CHO,k):  = CH3CHO
k,   RCEMIS(MEK,k):  = MEK
k, RCEMIS(C2H5OH,k):  = C2H5OH
k, RCEMIS(CH3OH,k):  = CH3OH
k, RCEMIS(GLYOX,k):  = GLYOX
k, RCEMIS(MGLYOX,k):  = MGLYOX
k,  RCEMIS(C5H8,k):  = C5H8
k, RCEMIS(APINENE,k):  = APINENE
k, RCEMIS(V1702A02B_1,k):  = V1702A02B_1
k, RCEMIS(V1702A02B_2,k):  = V1702A02B_2
k, RCEMIS(V1702A02B_3,k):  = V1702A02B_3
k, RCEMIS(V1702A02B_4,k):  = V1702A02B_4
k, RCEMIS(V1702A02B_5,k):  = V1702A02B_5
k, RCEMIS(V1702A02B_6,k):  = V1702A02B_6
k, RCEMIS(V1702A02B_7,k):  = V1702A02B_7
k, RCEMIS(SEASALT_F,K):  = SEASALT_F
k, RCEMIS(SEASALT_C,K):  = SEASALT_C
