rct,             1:  OP + <O2> + <M>  = O3
rct,             2:  OD + <N2>  = OP
rct,             3:  OD + <O2>  = OP
rct,             4:  OD + <H2O> = 2 OH
rct,             5:  OH + HO2   = <H2O> + <O2>
rct,             6:  OH + H2O2 = HO2 + <H2O>
rct,             7:  OH + <HYDROGEN> = HO2 + <H2O>
rct,             8:  HO2 + HO2 = H2O2
rct,             9:  HO2 + HO2 + <M> = H2O2
rct,            10:  OP + NO  + {M}   = NO2
rct,            11:  O3 + NO    = NO2 + <O2>
rct,            12:  O3 + NO2   = NO3 + <O2>
rct,            13:  O3 + OH    = HO2 + <O2>
rct,            14:  O3 + HO2   = OH + 2 <O2>
rct,            15:  NO + NO3   = 2 NO2
rct,            16:  NO + HO2   = NO2 + OH
rct,            17:  NO2 + NO3  = NO + NO2
rct,            18:  NO2 + NO3  = N2O5
rct,            19:  N2O5       = NO2 + NO3
rct,            20:  NO2 + OH + {M}  = HNO3
rct,            21:  OH + HNO3 = NO3 + <H2O>
rct,            22:  OH + NO = HONO
rct,            23:  OH + HONO = NO2
k,         2.0e-11:  OH + NO3 = HO2 + NO2
k,         4.0e-12:  HO2 + NO3 = OH + NO2
rct,            24:  HO2 + NO2 = HO2NO2
rct,            25:  HO2NO2 = HO2 + NO2
rct,            26:  OH + HO2NO2 = NO2
rct,            27:  <METHANE> + OH  = CH3O2
rct,            28:  CO + OH  = HO2
k,         1.2e-12:  CH3O2 + NO3   = HCHO + HO2 + NO2
rct,            29:  CH3O2 + NO    = HCHO + HO2 + NO2
rct,            30:  CH3O2  + [RO2POOL] = HCHO + HO2
rct,            31:  CH3O2 + [RO2POOL] = 0.5 HCHO + 0.5 CH3OH
rct,            32:  CH3O2 + HO2   = 0.9 CH3OOH + 0.1 HCHO
rct,            33:  CH3OH + OH = HO2 + HCHO
rct,            34:  CH3OOH + OH    = 0.4 HCHO + 0.4 OH + 0.6 CH3O2  + 0.6 <H2O>
rct,            35:  HCHO + OH = HO2 + CO
rct,            36:  HCHO + NO3  = HNO3 + CO + HO2
rct,            37:  C2H6 + OH     = C2H5O2 + <H2O>
rct,            38:  C2H5O2  + NO  = HO2 + CH3CHO + NO2
k,         2.3e-12:  C2H5O2  + NO3 = HO2 + CH3CHO + NO2
rct,            39:  C2H5O2  + HO2 = C2H5OOH
k,        1.17e-11:  C2H5OOH + OH  = 0.69 CH3CHO + 0.69 OH + 0.31 C2H5O2
rct,            40:  CH3CHO + OH = 0.95 CH3CO3 + 0.05 CH3O2 + 0.05 CO
rct,            41:  CH3CHO + NO3 = HNO3 + CH3CO3
rct,            42:  CH3CO3 + NO  = NO2 + CH3O2 + <CO2>
k,         4.0e-12:  CH3CO3 + NO3 = NO2 + CH3O2
rct,            43:  CH3CO3 + NO2 + {M} = PAN
rct,            44:  PAN  + {M}    = CH3CO3 + NO2
rct,            45:  CH3CO3 + HO2 = 0.454 CH3O2 + 0.454 OH + 0.384 CH3CO3H + 0.162 O3 + 0.162 {CH3COOH}
k,         1.0e-11:  CH3CO3 + [RO2POOL] = 0.7 CH3O2 + 0.3 <CH3COOH>
k,         1.1e-11:  CH3CO3H + OH     = CH3CO3
k,        3.22e-12:  C2H5OH + OH   = 0.05 ETRO2 + 0.95 CH3CHO + 0.95 HO2
rct,            46:  NC4H10 + OH = C4H9O2
rct,            47:  C4H9O2 + HO2 = BURO2H
k,         2.4e-11:  BURO2H + OH = 0.847 OH + 0.847 MEK + 0.153 C4H9O2
rct,            48:  C4H9O2 + NO = 0.917 NO2 + 0.083 SC4H9NO3 + 0.654 HO2 + 0.654 MEK + 0.264 CH3CHO + 0.264 C2H5O2
k,         2.3e-12:  C4H9O2 + NO3 = NO2 + 0.716 MEK + 0.716 HO2 + 0.284 CH3CHO + 0.284 C2H5O2
k,         8.6e-13:  SC4H9NO3 + OH = MEK + NO2
k,         1.1e-12:  MEK + OH = MEKO2
rct,            48:  MEKO2  + NO  = NO2 + CH3CO3 + CH3CHO
k,         2.3e-12:  MEKO2  + NO3 = NO2 + CH3CO3 + CH3CHO
rct,            47:  MEKO2  + HO2 = MEKO2H
k,        1.04e-12:  MEKO2 + [RO2POOL] = 0.2135 BIACET + 0.75 CH3CO3 + 0.6405 CH3CHO + 0.0365 MGLYOX + 0.073 C2H6 + 0.1095 HCHO
k,         2.1e-11:  MEKO2H + OH  = 0.826 OH + 0.7054 BIACET + 0.1206 MGLYOX + 0.0603 C2H6 + 0.174 MEKO2
k,         2.3e-13:  BIACET + OH = CH3CO3 + HCHO + CO
rct,            49:  C2H4 + OH + {M}  = ETRO2
rct,            48:  ETRO2 + NO  = NO2 + 2 HCHO + HO2
rct,            50:  ETRO2 + HO2 = ETRO2H
k,      1.7475e-11:  ETRO2H + OH = 0.79 CH3CHO + 0.79 OH + 0.21 ETRO2
rct,            51:  C2H4 + O3 = 1.1575 HCHO + 0.17 OH + 0.35 CO + 0.27 HO2 + 0.18 <HYDROGEN> + 0.2625 <HCOOH> + 0.1575 H2O2
rct,            52:  C3H6 + OH + {M}   = PRRO2
rct,            53:  C3H6 + O3 = 0.489 CH3CHO + 0.68 HCHO + 0.169 H2O2 + 0.3646 OH + 0.483 CO + 0.0684 <HYDROGEN> + 0.038 HO2 + 0.3 CH3O2 + 0.05 CH3OH + 0.04 <METHANE> + 0.1 <HCOOH> + 0.181 <CH3CO2H>
rct,            48:  PRRO2 + NO = NO2 + CH3CHO + HCHO + HO2
k,         2.3e-12:  PRRO2 + NO3 = NO2 + CH3CHO + HCHO + HO2
rct,            54:  PRRO2 + HO2  = ACETOL
rct,            55:  C3H6 + NO3 = NO2 + C2H5O2 + HCHO
rct,            56:  BENZENE + OH = 0.53 <PHENOL> + 0.648 <HO2> + 0.259 OXYO2 + 0.118 <BZEPOXMUC>
rct,            57:  TOLUENE + OH = 0.18 <CRESOL> + 0.564 OXYO2 + 0.28 <HO2> + 0.1 <TLEPOXMUC> + 0.07 <C6H5CH2O2>
k,        1.36e-11:  OXYL  + OH  =  0.55 OXYO2 + 0.24 <OXYEPOXMUC> + 0.4 <HO2> + 0.16 <OXYLOL> + 0.05 <OXYLO2>
rct,            48:  OXYO2  + NO  =  NO2 + MGLYOX + C5DICARB + HO2
k,         2.3e-12:  OXYO2  + NO3 =  NO2 + MGLYOX + C5DICARB + HO2
rct,            58:  OXYO2  + HO2    =  OXYO2H
k,        7.62e-11:  OXYO2H + OH     =  OXYO2
k,         6.2e-11:  C5DICARB + OH   = C5DICARBO2
rct,            48:  C5DICARBO2 + NO  = NO2 + HO2 + MGLYOX + GLYOX
rct,            59:  C5DICARBO2 + NO3 = NO2 + HO2 + MGLYOX + GLYOX
rct,            60:  C5DICARBO2 + HO2 = C5DICAROOH
rct,            61:  C5DICAROOH + OH = C5DICARBO2
rct,            62:  GLYOX + OH = 0.416 HO2 + 1.416 CO + 0.584 OH
rct,            63:  MGLYOX + OH = CH3CO3 + CO
rct,            64:  C5H8 + OH = ISRO2
rct,            65:  C5H8 + O3 = 0.25 HO2 + 0.25 OH + 0.08 CH3O2 + 0.14 CO + 0.09 H2O2 + 0.28 <HCOOH> + 0.1 CH3CO3 + 0.1 MACRO2 + 0.65 MACR + 0.58 HCHO
rct,            66:  C5H8 + NO3 = ISON + HO2
rct,            48:  ISRO2 + NO = 0.9 NO2 + 0.9 MACR + 0.9 HCHO + 0.9 HO2 + 0.1 ISON
rct,            60:  ISRO2 + HO2 = ISRO2H
k,         4.0e-12:  ISRO2 + [RO2POOL] = MACR + HCHO + HO2
k,        8.94e-11:  ISRO2H + OH = 0.9 IEPOX + OH + 0.1 MACR
k,        9.13e-12:  IEPOX + OH = MACRO2
k,        3.34e-11:  ISON + OH =  0.78 ACETOL + 0.78 NALD + 0.78 HO2 + 0.22 NO2 + 0.22 MACR + 0.22 HCHO
k,         9.2e-17:  ISON + O3 = 0.67 NALD + 0.67 OH + 0.33 MACR + 0.33 HCHO + 0.33 NO2
rct,            67:  MACR + OH = MACRO2
rct,            68:  MACR + OH = MACRO2
rct,            69:  MACR + O3 = 0.9 MGLYOX + 0.45 <HCOOH> + 0.32 HO2 + 0.22 CO + 0.19 OH + 0.1 CH3CO3
rct,            70:  MACR + O3 = 0.9 MGLYOX + 0.45 <HCOOH> + 0.32 HO2 + 0.22 CO + 0.19 OH + 0.1 CH3CO3
rct,            48:  MACRO2 + NO =  NO2 + 0.25 CH3CO3 + 0.25 ACETOL + 0.25 CO + 0.5 MGLYOX + 0.75 HCHO + 0.75 HO2
rct,            47:  MACRO2 + HO2 = MACROOH
k,         2.9e-11:  MPAN + OH = ACETOL + NO2
k,         3.0e-11:  MACROOH + OH = ACETOL + CO + OH
rct,            71:  ACETOL + OH = MGLYOX + HO2
k,        1.55e-12:  NALD + OH = HCHO + CO + NO2
rct,            72:  MACRO2 + NO2 = MPAN
rct,            44:  MPAN =  MACRO2 + NO2
rct,            73:  ISRO2 = HPALD + HO2
rct,            74:  ISRO2 = MACR + HCHO + OH
k,        7.61e-11:  HPALD + OH = MGLYOX + CO + HCHO + OH
rct,            75:  APINENE  + OH = TERPO2
rct,            48:  TERPO2  + NO  =  HO2 + 2 MACR + NO2 + 0.19 C2H6
k,         2.3e-12:  TERPO2  + NO3 =  HO2 + 2 MACR + NO2 + 0.19 C2H6
rct,            76:  TERPO2  + HO2 =  TERPOOH
rct,            77:  TERPOOH + OH  =  TERPO2
rct,            78:  APINENE + O3 = 0.7 OH + 2 MACR + HO2
rct,            79:   APINENE + NO3 = TERPO2 + NO2
rcphot,   IDO3_O1D:  O3            = OD
rcphot,   IDO3_O3P:  O3            = OP
rcphot,     IDH2O2:  H2O2          = 2 OH
rcphot,      IDNO2:  NO2           = OP  + NO
rcphot,      IDNO3:  NO3           = 0.127 NO + 0.873 NO2 + 0.873 OP
rcphot,     IDHONO:  HONO          = OH + NO
rcphot,     IDHNO3:  HNO3          = NO2  + OH
rcphot,   IDHO2NO2:  HO2NO2        = 0.333 OH + 0.333 NO3 + 0.667 NO2 + 0.667 HO2
rcphot,   IDHCHO_H:  HCHO          = CO   + 2 HO2
rcphot,  IDHCHO_H2:  HCHO          = CO   + <HYDROGEN>
rcphot,   IDCH3CHO:  CH3CHO        = CH3O2 + HO2 + CO
rcphot,   IDCH3CHO:  NALD          = HCHO + CO + NO2 + HO2
rcphot,      IDMEK:  MEK           = CH3CO3 + C2H5O2
rcphot,      IDMEK:  ACETOL        = CH3CO3 + HCHO + HO2
rcphot,   IDRCOCHO:  MGLYOX        = CH3CO3 + CO + HO2
rcphot,   IDCH3COY:  BIACET = 2 CH3CO3
rcphot,  IDHCHO_H2:  MACR = CH3CO3 + HCHO + CO + HO2
rcphot,      IDNO2:  C5DICARB = C5DICARBO2 + HO2
rcphot,  IDHCHO_H2:  HPALD = PACALD + HO2 + OH
rcphot,  IDHCHO_H2:  PACALD = CO + HO2 + MGLYOX + OH
rcphot,   IDHCHO_H:  C5DICAROOH    = OH + HO2 + MGLYOX + GLYOX
rcphot,   IDCH3O2H:  CH3OOH        = HCHO + OH + HO2
rcphot,   IDCH3O2H:  C2H5OOH       = HO2 + CH3CHO + OH
rcphot,   IDCH3O2H:  BURO2H = OH + 0.716 HO2 + 0.716 MEK + 0.284 CH3CHO + 0.284 C2H5O2
rcphot,   IDCH3O2H:  ETRO2H        = HO2 + OH + 1.56 HCHO + 0.22 CH3CHO
rcphot,   IDCH3O2H:  CH3CO3H      = CH3O2 + OH
rcphot,   IDCH3O2H:  MEKO2H        = CH3CHO + CH3CO3 + OH
rcphot,      IDMEK:  MEKO2H        = CH3CHO + CH3CO3 + OH
rcphot,   IDCH3O2H:  MACROOH  = OH + HO2 + 0.5 ACETOL + 0.5 CO + 0.5 MGLYOX + 0.5 HCHO
rcphot,   IDCH3O2H:  OXYO2H        = OH + MGLYOX + C5DICARB + HO2
rcphot,   IDCH3O2H:  ISRO2H = OH + MACR + HCHO + HO2
rcphot,      IDMEK:  SC4H9NO3 = NO2 + 0.652 MEK + 0.652 HO2 + 0.348 CH3CHO + 0.348 C2H5O2
rcphot,      IDMEK:  ISON  = NO2 + MACR + HCHO + HO2
rcphot,   IDGLYOXA:  GLYOX = 2 CO + 2 HO2
rcphot,   IDGLYOXB:  GLYOX = 2 CO + <HYDROGEN>
rcphot,   IDGLYOXC:  GLYOX = HCHO + CO
k,    RCEMIS(NO,k):  = NO
k,   RCEMIS(NO2,k):  = NO2
k,   RCEMIS(SO2,k):  = SO2
k,   RCEMIS(SO4,k):  = SO4
k,    RCEMIS(CO,k):  = CO
k,   RCEMIS(NH3,k):  = NH3
k,  RCEMIS(C2H6,k):  = C2H6
k, RCEMIS(NC4H10,k):  = NC4H10
k,  RCEMIS(C2H4,k):  = C2H4
k,  RCEMIS(C3H6,k):  = C3H6
k,  RCEMIS(OXYL,k):  = OXYL
k, RCEMIS(BENZENE,k):  = BENZENE
k, RCEMIS(TOLUENE,k):  = TOLUENE
k,  RCEMIS(HCHO,k):  = HCHO
k, RCEMIS(CH3CHO,k):  = CH3CHO
k,   RCEMIS(MEK,k):  = MEK
k, RCEMIS(C2H5OH,k):  = C2H5OH
k, RCEMIS(CH3OH,k):  = CH3OH
k, RCEMIS(GLYOX,k):  = GLYOX
k, RCEMIS(MGLYOX,k):  = MGLYOX
k,  RCEMIS(C5H8,k):  = C5H8
k,        1.36e-11:    [OXYL] + [OH] = |YCOXY(0)|  ASOC_UG1  +  |YNOXY(0)|   NON_C_ASOA_UG1  +  |YCOXY(1)|  ASOC_UG10 + |YNOXY(1)|  NON_C_ASOA_UG10 +  |YCOXY(2)| ASOC_UG1E2  +  |YNOXY(2)| NON_C_ASOA_UG1E2 +  |YCOXY(3)| ASOC_UG1E3  +  |YNOXY(3)| NON_C_ASOA_UG1E3
rct,            56:    [BENZENE] + [OH] = |YCBENZ(0)|  ASOC_UG1  +  |YNBENZ(0)|   NON_C_ASOA_UG1  +  |YCBENZ(1)|  ASOC_UG10 + |YNBENZ(1)|  NON_C_ASOA_UG10 +  |YCBENZ(2)| ASOC_UG1E2  +  |YNBENZ(2)| NON_C_ASOA_UG1E2 +  |YCBENZ(3)| ASOC_UG1E3  +  |YNBENZ(3)| NON_C_ASOA_UG1E3
rct,            57:    [TOLUENE] + [OH] = |YCTOL(0)|  ASOC_UG1  +  |YNTOL(0)|   NON_C_ASOA_UG1  +  |YCTOL(1)|  ASOC_UG10 + |YNTOL(1)|  NON_C_ASOA_UG10 +  |YCTOL(2)| ASOC_UG1E2  +  |YNTOL(2)| NON_C_ASOA_UG1E2 +  |YCTOL(3)| ASOC_UG1E3  +  |YNTOL(3)| NON_C_ASOA_UG1E3
rct,            46:  [OH] + [NC4H10]  = |YCALK(0)|  ASOC_UG1  +  |YNALK(0)|   NON_C_ASOA_UG1  +  |YCALK(1)|  ASOC_UG10 + |YNALK(1)|  NON_C_ASOA_UG10 +  |YCALK(2)| ASOC_UG1E2  +  |YNALK(2)| NON_C_ASOA_UG1E2 +  |YCALK(3)| ASOC_UG1E3  +  |YNALK(3)| NON_C_ASOA_UG1E3
rct,            52:   [OH] + [C3H6]  = |YCOLE(0)|  ASOC_UG1  +  |YNOLE(0)|   NON_C_ASOA_UG1  +  |YCOLE(1)|  ASOC_UG10 + |YNOLE(1)|  NON_C_ASOA_UG10 +  |YCOLE(2)| ASOC_UG1E2  +  |YNOLE(2)| NON_C_ASOA_UG1E2 +  |YCOLE(3)| ASOC_UG1E3  +  |YNOLE(3)| NON_C_ASOA_UG1E3
rct,            64:             [OH] + [C5H8] = |YCISOP(0)|  BSOC_UG1  +  |YNISOP(0)|   NON_C_BSOA_UG1  +  |YCISOP(1)|  BSOC_UG10 + |YNISOP(1)|  NON_C_BSOA_UG10 +  |YCISOP(2)| BSOC_UG1E2  +  |YNISOP(2)| NON_C_BSOA_UG1E2 +  |YCISOP(3)| BSOC_UG1E3  +  |YNISOP(3)| NON_C_BSOA_UG1E3
rct,            75:    [OH] + [APINENE] = |YCTERP(0)|  BSOC_UG1  +  |YNTERP(0)|   NON_C_BSOA_UG1  +  |YCTERP(1)|  BSOC_UG10 + |YNTERP(1)|  NON_C_BSOA_UG10 +  |YCTERP(2)| BSOC_UG1E2  +  |YNTERP(2)| NON_C_BSOA_UG1E2 +  |YCTERP(3)| BSOC_UG1E3  +  |YNTERP(3)| NON_C_BSOA_UG1E3
rct,            78:           [O3] + [APINENE] = |YCTERP(0)|  BSOC_UG1  +  |YNTERP(0)|   NON_C_BSOA_UG1  +  |YCTERP(1)|  BSOC_UG10 + |YNTERP(1)|  NON_C_BSOA_UG10 +  |YCTERP(2)| BSOC_UG1E2  +  |YNTERP(2)| NON_C_BSOA_UG1E2 +  |YCTERP(3)| BSOC_UG1E3  +  |YNTERP(3)| NON_C_BSOA_UG1E3
rct,            79:           [NO3] + [APINENE] = |YCTERP(0)|  BSOC_UG1  +  |YNTERP(0)|   NON_C_BSOA_UG1  +  |YCTERP(1)|  BSOC_UG10 + |YNTERP(1)|  NON_C_BSOA_UG10 +  |YCTERP(2)| BSOC_UG1E2  +  |YNTERP(2)| NON_C_BSOA_UG1E2 +  |YCTERP(3)| BSOC_UG1E3  +  |YNTERP(3)| NON_C_BSOA_UG1E3
rct,            80:  [OH] + ASOC_UG1      = ASOC_NG1E2 + 0.9 NON_C_ASOA_NG1E2
rct,            81:  [OH] + ASOC_UG10     = ASOC_UG1 + 0.9 NON_C_ASOA_UG1
rct,            82:  [OH] + ASOC_UG1E2    = ASOC_UG10 + 0.9 NON_C_ASOA_UG10
rct,            83:  [OH] + ASOC_UG1E3    = ASOC_UG1E2 + 0.9 NON_C_ASOA_UG1E2
rct,            84:  [OH] + NON_C_ASOA_UG1     =  1.075 NON_C_ASOA_NG1E2
rct,            85:  [OH] + NON_C_ASOA_UG10    =  1.075 NON_C_ASOA_UG1
rct,            86:  [OH] + NON_C_ASOA_UG1E2   =  1.075 NON_C_ASOA_UG10
rct,            87:  [OH] + NON_C_ASOA_UG1E3   =  1.075 NON_C_ASOA_UG1E2
rct,            88: [OH] + BSOC_UG1      = BSOC_NG1E2 + 0.9 NON_C_BSOA_NG1E2
rct,            89: [OH] + BSOC_UG10     = BSOC_UG1 + 0.9 NON_C_BSOA_UG1
rct,            90: [OH] + BSOC_UG1E2    = BSOC_UG10 + 0.9 NON_C_BSOA_UG10
rct,            91: [OH] + BSOC_UG1E3    = BSOC_UG1E2 + 0.9 NON_C_BSOA_UG1E2
rct,            92:   [OH] + NON_C_BSOA_UG1     =  1.075 NON_C_BSOA_NG1E2
rct,            93:   [OH] + NON_C_BSOA_UG10    =  1.075 NON_C_BSOA_UG1
rct,            94:   [OH] + NON_C_BSOA_UG1E2   =  1.075 NON_C_BSOA_UG10
rct,            95:   [OH] + NON_C_BSOA_UG1E3   =  1.075 NON_C_BSOA_UG1E2
k, AQRCK(ICLOHSO2,K)*2.00e-12:        OH + SO2 = HO2 + SO4
k, AQRCK(ICLRC1,K):        SO2 + H2O2 =  SO4
k, AQRCK(ICLRC2,K):        SO2 + O3 =  SO4
k, AQRCK(ICLRC3,K):        SO2 + {FE} =  SO4
rct,            96:        N2O5 = 2 HNO3
rct,            97:  NO3 = HNO3
rct,            98:  HNO3 = NO3_C
rct,            99:  HNO3 = NO3_C
rct,           100:  HO2 = 0.5 H2O2
k,          1.0e-5:  H2O2 =
k,          1.0e-5:  CH3OOH =
rct,            20:  SHIPNOX + OH + {M}  = HNO3
k,          3.2e-5:  SHIPNOX   = HNO3
k, RCEMIS(SHIPNOX,k):            = SHIPNOX
k, RCEMIS(FFIRE_OM,k):  = FFIRE_OM
k, RCEMIS(FFIRE_BC,k):  = FFIRE_BC
k, RCEMIS(FFIRE_REMPPM25,k):  = FFIRE_REMPPM25
k, RCEMIS(FFIRE_C,k):  = FFIRE_C
k, RCEMIS(SEASALT_F,K):  = SEASALT_F
k, RCEMIS(SEASALT_C,K):  = SEASALT_C
k, RCEMIS(DUST_WB_F,K):  = DUST_WB_F
k, RCEMIS(DUST_WB_C,K):  = DUST_WB_C
k, RCEMIS(DUST_ROAD_F,K):  = DUST_ROAD_F
k, RCEMIS(DUST_ROAD_C,K):  = DUST_ROAD_C
k, RCEMIS(DUST_SAH_F,K):  = DUST_SAH_F
k, RCEMIS(DUST_SAH_C,K):  = DUST_SAH_C
k, RCEMIS(ASH_F,K):  = ASH_F
k, RCEMIS(ASH_C,K):  = ASH_C
k, RCEMIS(POM_F_NONRES,k):  = POM_F_NONRES
k, RCEMIS(POM_C_NONRES,k):  = POM_C_NONRES
k, RCEMIS(EC_F_NONRES_NEW,k):  = EC_F_NONRES_NEW
k, RCEMIS(EC_F_NONRES_AGE,k):  = EC_F_NONRES_AGE
k, RCEMIS(EC_C_NONRES,k):  = EC_C_NONRES
k, RCEMIS(POM_F_RES,k):  = POM_F_RES
k, RCEMIS(EC_F_RES_NEW,k):  = EC_F_RES_NEW
k, RCEMIS(EC_F_RES_AGE,k):  = EC_F_RES_AGE
k, RCEMIS(EC_C_RES,k):  = EC_C_RES
k, RCEMIS(REMPPM25_RES,k):  = REMPPM25_RES
k, RCEMIS(REMPPM25_NONRES,k):  = REMPPM25_NONRES
k, RCEMIS(REMPPM_C_RES,k):  = REMPPM_C_RES
k, RCEMIS(REMPPM_C_NONRES,k):  = REMPPM_C_NONRES
rct,           101:  EC_F_RES_NEW  = EC_F_RES_AGE
rct,           101:  EC_F_NONRES_NEW = EC_F_NONRES_AGE
k,      RCBIO(2,K):  =  0.00383 SQT_SOA_NV
k,      RCBIO(1,K):  =  C5H8
k,      RCBIO(2,K):  =  APINENE
