rct,             1:  OP + <O2> + <M>  = O3
rct,             2:  OD + <N2>  = OP
rct,             3:  OD + <O2>  = OP
rct,             4:  OD + <H2O> = 2. OH
rct,             5:  O3 + NO    = NO2 + <O2>
rct,             6:  O3 + NO2   = NO3 + <O2>
rct,             7:  O3 + OH    = HO2 + <O2>
rct,             8:  O3 + HO2   = OH + 2 <O2>
rct,             9:  NO + NO3   = NO2 + NO2
rct,            10:  NO + HO2   = NO2 + OH
rct,            11:  NO2 + NO3  = NO + NO2
rct,            12:  OH + HO2   = <H2O> + <O2>
rct,            13:  OH + H2O2 = HO2 + <H2O>
rct,            14:  OH + H2 = HO2 + <H2O>
rct,            15:  OH + HNO3 = NO3 + <H2O>
rct,            16:  HO2 + HO2 = H2O2
rct,            17:  HO2 + HO2 + <M> = H2O2
rct,            18:  OH + HONO = NO2
k,          1.0e-5:  SO2 =  SO4
rct,            19:  OH + CH4 = CH3O2
k,        1.44e-13:  OH     + CO    = HO2
rct,            20:  OH     + CO + <M>    = HO2
rct,            21:  CH3O2  + NO    = HCHO + HO2 + NO2
rct,            22:  CH3O2  + CH3O2 = 2. HCHO + 2. HO2
rct,            23:  CH3O2 + CH3O2 = CH3OH + HCHO
rct,            24:  OH     + CH3OH = HO2 + HCHO + <H2O>
rct,            25:  HO2    + CH3O2 = 0.9 CH3OOH + 0.1 HCHO
rct,            26:  CH3OOH + OH    = 0.4 HCHO + 0.4 OH + 0.6 CH3O2  + 0.6 <H2O>
rct,            27:  OH     + HCHO  = CO + HO2 + <H2O>
rct,            28:  NO3    + HCHO  = HNO3 + CO + HO2
rct,            29:  OH     + C2H6 = C2H5O2 + <H2O>
rct,            30:  C2H5O2  + NO  = HO2 + CH3CHO + NO2
rct,            31:  C2H5O2  + HO2 = C2H5OOH
k,        8.01e-12:  C2H5OOH + OH  = CH3CHO + OH
rct,            32:  C2H5OOH + OH  = C2H5O2
rct,            33:  OH   + CH3CHO = 0.95 CH3CO3 + 0.05 CH3O2 + 0.05 CO
rct,            34:  CH3CO3 + NO  = NO2 + CH3O2 + <CO2>
rct,            35:  CH3O2 + CH3CO3 = 0.9 HO2 + HCHO + 0.9 CH3O2 + 0.1 <CH3COOH>
rct,            36:  CH3CO3 + CH3CO3 = CH3O2 + CH3O2
rct,            37:  CH3CO3 + HO2     = 0.41 CH3CO3H + 0.15 O3 + 0.44 OH + 0.44 CH3O2 + 0.15 {CH3COOH}
rct,            38:  CH3CO3H + OH     = CH3CO3
rct,            39:  OH + C2H5OH    = CH3CHO + HO2
rct,            40:  OH + NC4H10  = SECC4H9O2
rct,            41:  NO + SECC4H9O2  = NO2 + 0.65 HO2 + 0.65 MEK + 0.35 CH3CHO + 0.35 C2H5O2
rct,            42:  SECC4H9O2 + HO2 = 0.95 BURO2H
rct,            43:  OH     + MEK = MEKO2
rct,            41:  MEKO2  + NO  = NO2 + CH3CO3 + CH3CHO
rct,            42:  MEKO2  + HO2 = MEKO2H
rct,            38:  MEKO2H + OH  = MEKO2
rct,            32:  BURO2H + OH     = SECC4H9O2
k,        2.15e-11:  BURO2H + OH = OH + MEK
rct,            41:  ETRO2 + NO  = NO2 + 2. HCHO + HO2
k,         1.2e-11:  ETRO2 + HO2 = ETRO2H
k,        1.38e-11:  ETRO2H + OH = CH3CHO + OH
rct,            32:  ETRO2H + OH = ETRO2
rct,            44:  C2H4 + O3 = 1.14 HCHO + 0.63 CO + 0.13 HO2 + 0.13 OH + 0.14 H2O2  + 0.23 <HCOOH>
rct,            45:  O3 + C3H6 = 0.545 HCHO + 0.545 CH3CHO + 0.56 CO + 0.36 OH + 0.28 HO2 + 0.09 H2O2 + 0.1 CH4 + 0.28 CH3O2 + 0.075 <HCOOH> + 0.075 <CH3COOH>
rct,            41:  NO     + PRRO2 = NO2 + CH3CHO + HCHO + HO2
rct,            46:  PRRO2  + HO2   = 0.795 PRRO2H
k,        2.44e-11:  PRRO2H + OH    = ACETOL + OH
rct,            32:  PRRO2H + OH    = PRRO2
k,        1.36e-11:  OXYL   + OH     =  OXYO2
rct,            41:  OXYO2  + NO     =  NO2 + MGLYOX + MAL + HO2
rct,            47:  OXYO2  + HO2    =  0.33 OXYO2H
k,         4.2e-11:  OXYO2H + OH     =  OXYO2
k,        5.58e-11:  MAL    + OH     = MALO2
rct,            41:  MALO2  + NO     = NO2 + HO2 + MGLYOX + GLYOX
rct,            48:  MALO2  + HO2    = MALO2H
rct,            38:  MALO2H + OH     = MALO2
rct,            49:  OH  + GLYOX  = HO2 + CO + CO
rct,            50:  OH     + MGLYOX = CH3CO3 + CO
rct,            51:  C5H8 + O3   = 0.67 MACR + 0.26 MVK + 0.3 OP + 0.55 OH + 0.07 C3H6 + 0.8 HCHO + 0.06 HO2 + 0.05 CO
rct,            52:  C5H8  + OH    =  ISRO2
rct,            41:  ISRO2 + NO    = 0.32 MACR + 0.42 MVK + 0.74 HCHO + 0.14 ISNI + 0.12 ISRO2 + 0.78 HO2 + 0.86 NO2
rct,            48:  ISRO2 + HO2   = 0.97 ISRO2H
rct,            53:  MVK + OH      = MVKO2
rct,            41:  MVKO2 + NO    = 0.684 CH3CHO + 0.684 CH3CO3 + 0.266 MGLYOX + 0.266 HCHO + 0.05 ISNI + 0.95 NO2 + 0.95 HO2
k,         7.5e-11:  ISRO2H + OH   = OH + ISRO2
rct,            54:  MACR + O3 = 0.59 MGLYOX + 0.41 HO2 + 0.82 CO + 0.82 OH + 0.534 HCHO + 0.124 H2O2 + 0.41 CH3CO3 +0.056 <HCOOH>
rct,            55:  MACR   + OH   = 0.5 MACRO2 + 0.5 MACO3
rct,            56:  MACRO2 + NO   = 0.95 HO2 + 0.95 CO + 0.95 ACETOL + 0.05 ISNI + 0.95 NO2
rct,            57:  MACRO2 + NO3  = NO2 + ACETOL + HCHO + HO2
rct,            42:  MACRO2 + HO2  = MACROOH + <O2>
k,        2.82e-11:  MACROOH + OH  = MACRO2
rct,            58:  ACETOL + OH   = MGLYOX + HO2
rct,            59:  MACO3  + NO   = CH3CO3 + HCHO + NO2
rct,            60:  MVK + O3   = 0.82 MGLYOX + 0.8 HCHO + 0.2 OP + 0.05 CO +  0.06 HO2 + 0.04 CH3CHO + 0.08 OH
k,        5.96e-11:  ISNI  + OH    = ISNIR
rct,            41:  ISNIR + NO    = 0.05 ISNI + 0.05 HO2 + 1.9 NO2 + 0.95 CH3CHO + 0.95 ACETOL
rct,            61:  C5H8 + NO3  = ISONO3
rct,            41:  ISONO3 + NO   = 1.1 NO2 + 0.8 HO2 + 0.85 ISNI + 0.1 MACR + 0.15 HCHO + 0.05 MVK
rct,            48:  ISONO3 + HO2  = ISONO3H
rct,            42:  MVKO2  + HO2  = MVKO2H
rct,            62:  MACO3 + HO2   = 0.71 MACO3H + 0.29 MACO2H + 0.29 O3
k,        1.87e-11:  MACO3H + OH   = MACO3
k,        1.51e-11:  MACO2H + OH   = CH3CO3 + HCHO
rct,            48:  ISNIR  + HO2  = ISNIRH
k,         2.0e-11:  ISONO3H + OH  = ISONO3
k,         2.2e-11:  MVKO2H + OH   = MVKO2
k,         3.7e-11:  ISNIRH + OH = ISNIR
k,         2.9e-11:  MPAN + OH   = ACETOL + CO + NO2
rct,            63:  OP + NO  + {M}   = NO2
rct,            64:  NO2 + NO3  = N2O5
rct,            65:  N2O5       = NO2 + NO3
rct,            66:  NO2 + OH + {M}  = HNO3
rct,            67:  CH3CO3 + NO2 + {M} = PAN
rct,            68:  PAN  + {M}    = CH3CO3 + NO2
rct,            69:  C2H4 + OH + {M}  = ETRO2
rct,            70:  OH     + C3H6 + {M}   = PRRO2
rct,            67:  MACO3 + NO2 = MPAN
rct,            71:  MPAN = MACO3 + NO2
rct,            72:  OH + NO = HONO
rcphot,   IDO3_O1D:  O3            = OD
rcphot,   IDO3_O3P:  O3            = OP
rcphot,     IDH2O2:  H2O2          = 2 OH
rcphot,      IDNO2:  NO2           = OP  + NO
rcphot,   IDNO3_NO:  NO3           = NO
rcphot,  IDNO3_NO2:  NO3           = NO2  + OP
rcphot,     IDHONO:  HONO          = OH + NO
rcphot,     IDHNO3:  HNO3          = NO2  + OH
rcphot,   IDHCHO_H:  HCHO          = CO   + 2 HO2
rcphot,  IDHCHO_H2:  HCHO          = CO   + H2
rcphot,   IDCH3CHO:  CH3CHO        = CH3O2 + HO2 + CO
rcphot,      IDMEK:  MEK           = CH3CO3 + C2H5O2
rcphot, IDCHOCHO_2CO:  GLYOX     = 2 CO
rcphot, IDCHOCHO_HCHO:  GLYOX     = CO + HCHO
rcphot, IDCHOCHO_2CHO:  GLYOX     = 2 HO2 + 2 CO
rcphot,   IDRCOCHO:  MGLYOX        = CH3CO3 + CO + HO2
rcphot,   IDCH3O2H:  CH3OOH        = HCHO + OH + HO2
rcphot,   IDCH3O2H:  C2H5OOH       = HO2 + CH3CHO + OH
rcphot,   IDCH3O2H:  ETRO2H        = HO2 + OH + 1.56 HCHO + 0.22 CH3CHO
rcphot,   IDCH3O2H:  BURO2H        = OH + 0.65 HO2 + 0.65 MEK + 0.35 CH3CHO + 0.35 C2H5O2
rcphot,   IDCH3O2H:  PRRO2H        = CH3CHO + HCHO + HO2
rcphot,   IDCH3O2H:  MEKO2H        = CH3CHO + CH3CO3 + OH
rcphot,   IDCH3O2H:  CH3CO3H      = CH3O2 + OH
rcphot,   IDCH3O2H:  OXYO2H        = OH + MGLYOX + MAL + HO2
rcphot,   IDCH3O2H:  MALO2H        = OH + HO2 + MGLYOX + GLYOX
k,    RCEMIS(NO,k):  = NO
k,   RCEMIS(NO2,k):  = NO2
k,   RCEMIS(SO2,k):  = SO2
k,   RCEMIS(SO4,k):  = SO4
k,    RCEMIS(CO,k):  = CO
k,   RCEMIS(NH3,k):  = NH3
k,  RCEMIS(C2H6,k):  = C2H6
k, RCEMIS(NC4H10,k):  = NC4H10
k,  RCEMIS(C2H4,k):  = C2H4
k,  RCEMIS(C3H6,k):  = C3H6
k,  RCEMIS(OXYL,k):  = OXYL
k,  RCEMIS(HCHO,k):  = HCHO
k, RCEMIS(CH3CHO,k):  = CH3CHO
k,   RCEMIS(MEK,k):  = MEK
k, RCEMIS(C2H5OH,k):  = C2H5OH
k, RCEMIS(CH3OH,k):  = CH3OH
k, RCEMIS(GLYOX,k):  = GLYOX
k, RCEMIS(MGLYOX,k):  = MGLYOX
k,  RCEMIS(C5H8,k):  = C5H8
k,      RCBIO(1,K):  = C5H8
k,      RCBIO(2,K):  = BVOCTEST
