rcphot,      IDNO2:  NO2 = NO + OP
rct,             1:  OP + <O2> + <M> = O3
rct,             2:  O3 + NO = NO2
rct,             3:  OP + NO + <M> = NO2
rct,             4:  OP + NO2 = NO
rct,             5:  OP + NO2 = NO3
rct,             6:  OP + O3 =
rcphot,   IDO3_O3P:  O3 = OP
rcphot,   IDO3_O1D:  O3 = OD
rct,             7:  OD + <M> = OP
rct,             8:  OD + <H2O> = 2 OH
rct,             9:  O3 + OH = HO2
rct,            10:  O3 + HO2 = OH
rct,            11:  OH + OP = HO2
rct,            12:  HO2 + OP = OH
rct,            13:  OH + OH = OP
rct,            14:  OH + OH = H2O2
rct,            15:  OH + HO2 =
rct,            16:  HO2 + HO2 = H2O2
rct,            17:  HO2 + HO2 + <H2O> = H2O2
rcphot,     IDH2O2:  H2O2 = 2 OH
rct,            18:  H2O2 + OH = HO2
rct,            19:  H2O2 + OP = OH + HO2
rct,            20:  NO + NO + <O2> = 2 NO2
rct,            21:  HO2 + NO = OH + NO2
rct,            22:  NO2 + O3 = NO3
rcphot,      IDNO3:  NO3           = 0.113 NO + 0.887 NO2 + 0.887 OP
rct,            23:  NO3 + NO = 2 NO2
rct,            24:  NO3 + NO2 = NO + NO2
rct,            25:  NO3 + OP = NO2
rct,            26:  NO3 + OH = HO2 + NO2
rct,            27:  NO3 + HO2 = OH + NO2
rct,            28:  NO3 + O3 = NO2
rct,            29:  NO3 + NO3 = 2 NO2
rct,            30:  NO3 + NO2 = N2O5
rct,            31:  N2O5 = NO3 + NO2
rcphot,     IDN2O5:  N2O5 = NO2 + NO3
rct,            32:  N2O5 + <H2O> = 2 HNO3
rct,            33:  NO + OH = HONO
rct,            34:  NO + NO2 + <H2O> = 2 HONO
rct,            35:  HONO + HONO = NO + NO2
rcphot,     IDHONO:  HONO = NO + OH
rct,            36:  HONO + OH = NO2
rct,            37:  NO2 + OH = HNO3
rct,            38:  HNO3 + OH = NO3
rcphot,     IDHNO3:  HNO3 = OH + NO2
rct,            39:  HO2 + NO2 = PNA
rct,            40:  PNA = HO2 + NO2
rcphot,   IDHO2NO2:  PNA = 0.59 HO2 + 0.59 NO2 + 0.41 OH + 0.41 NO3
rct,            41:  PNA + OH = NO2
rct,            42:  C2O3 + NO = NO2 + MEO2 + RO2
rct,            43:  C2O3 + NO2 = PAN
rct,            44:  PAN = NO2 + C2O3
rcphot,   IDHO2NO2:  PAN = 0.6 NO2 + 0.6 C2O3 + 0.4 NO3 + 0.4 MEO2 + 0.4 RO2
rct,            45:  C2O3 + HO2 = 0.41 PACD + 0.15 AACD + 0.15 O3 + 0.44 MEO2 + 0.44 RO2 + 0.44 OH
rct,            46:  C2O3 + RO2 = C2O3
rct,            47:  C2O3 + C2O3 = 2 MEO2 + 2 RO2
rct,            47:  C2O3 + CXO3 = MEO2 + ALD2 + XO2H + 2 RO2
rct,            48:  CXO3 + NO = NO2 + ALD2 + XO2H + RO2
rct,            43:  CXO3 + NO2 = PANX
rct,            44:  PANX = NO2 + CXO3
rcphot,   IDHO2NO2:  PANX = 0.6 NO2 + 0.6 CXO3 + 0.4 NO3 + 0.4 ALD2 + 0.4 XO2H + 0.4 RO2
rct,            45:  CXO3 + HO2 = 0.41 PACD + 0.15 AACD + 0.15 O3 + 0.44 ALD2 + 0.44 XO2H + 0.44 RO2 + 0.44 OH
rct,            46:  CXO3 + RO2 = 0.8 ALD2 + 0.8 XO2H + 0.8 RO2
rct,            49:  CXO3 + CXO3 = 2 ALD2 + 2 XO2H + 2 RO2
rct,            50:  RO2 + NO = NO
rct,            51:  RO2 + HO2 = HO2
rct,            52:  RO2 + RO2 =
rct,            53:  MEO2 + NO = FORM + HO2 + NO2
rct,            54:  MEO2 + HO2 = 0.9 CH3OOH + 0.1 FORM
rct,            55:  MEO2 + C2O3 = FORM + 0.9 HO2 + 0.9 MEO2 + 0.1 AACD + 0.9 RO2
rct,            52:  MEO2 + RO2 = 0.685 FORM  + 0.315 MEOH + 0.37 HO2 + RO2
rct,            56:  XO2H + NO = NO2 + HO2
rct,            57:  XO2H + HO2 = ROOH
rct,            46:  XO2H + C2O3 = 0.8 HO2 + 0.8 MEO2 + 0.2 AACD + 0.8 RO2
rct,            52:  XO2H + RO2 = 0.6 HO2 + RO2
rct,            56:  XO2 + NO = NO2
rct,            57:  XO2 + HO2 = ROOH
rct,            46:  XO2 + C2O3 = 0.8 MEO2 + 0.2 AACD + 0.8 RO2
rct,            52:  XO2 + RO2 = RO2
rct,            56:  XO2N + NO = 0.5 NTR1 + 0.5 NTR2
rct,            57:  XO2N + HO2 = ROOH
rct,            46:  XO2N + C2O3 = 0.8 HO2 + 0.8 MEO2 + 0.2 AACD + 0.8 RO2
rct,            52:  XO2N + RO2 = RO2
rct,            58:  CH3OOH + OH = 0.6 MEO2 + 0.6 RO2 + 0.4 FORM + 0.4 OH
rcphot,   IDCH3O2H:  CH3OOH = MEO2 + RO2 + OH
rct,            58:  ROOH + OH = 0.54 XO2H + 0.06 XO2N + 0.6 RO2 + 0.4 OH
rcphot,   IDCH3O2H:  ROOH = HO2 + OH
rct,            59:  NTR1 + OH = NTR2
rct,            60:  FACD + OH = HO2
rct,            61:  AACD + OH = MEO2 + RO2
rct,            58:  PACD + OH = C2O3
rct,            62:  FORM + OH = HO2 + CO
rcphot,   IDHCHO_H:  FORM = 2 HO2 + CO
rcphot,  IDHCHO_H2:  FORM = CO + H2
rct,            63:  FORM + OP = OH + HO2 + CO
rct,            64:  FORM + NO3 = HNO3 + HO2 + CO
rct,            65:  FORM + HO2 = HCO3
rct,            66:  HCO3 = FORM + HO2
rct,            67:  HCO3 + NO = FACD + NO2 + HO2
rct,            68:  HCO3 + HO2 = 0.5 CH3OOH + 0.5 FACD + 0.2 OH + 0.2 HO2
rct,            69:  ALD2 + OP = C2O3 + OH
rct,            70:  ALD2 + OH = C2O3
rct,            71:  ALD2 + NO3 = C2O3 + HNO3
rcphot,   IDCH3CHO:  ALD2 = MEO2 + RO2 + CO + HO2
rct,            72:  ALDX + OP = CXO3 + OH
rct,            73:  ALDX + OH = CXO3
rct,            74:  ALDX + NO3 = CXO3 + HNO3
rcphot,      IDMEK:  ALDX = ALD2 + XO2H + RO2 + CO + HO2
rct,            75:  GLYD + OH = 0.2 GLY + 0.2 HO2 + 0.8 C2O3
rcphot,   IDACETON:  GLYD = 0.74 FORM + 0.89 CO + 1.4 HO2 + 0.15 MEOH + 0.19 OH + 0.11 GLY + 0.11 XO2H + 0.11 RO2
rct,            71:  GLYD + NO3 = HNO3 + C2O3
rct,            76:  GLY + OH = 1.8 CO + 0.2 XO2 + 0.2 RO2 + HO2
rcphot,   IDCHOCHO:  GLY = 2 HO2 + 2 CO
rct,            71:  GLY + NO3 = HNO3 + 1.5 CO + 0.5 XO2 + 0.5 RO2 + HO2
rcphot,   IDRCOCHO:  MGLY = C2O3 + HO2 + CO
rct,            71:  MGLY + NO3 = HNO3 + C2O3 + XO2 + RO2
rct,            77:  MGLY + OH = C2O3 + CO
rct,            78:  H2 + OH = HO2
rct,            79:  CO + OH = HO2
rct,            80:  CH4 + OH = MEO2 + RO2
rct,            81:  ETHA + OH = 0.991 ALD2 + 0.991 XO2H + 0.009 XO2N + RO2
rct,            82:  MEOH + OH = FORM + HO2
rct,            83:  ETOH + OH = 0.95 ALD2 + 0.9 HO2 + 0.1 XO2H + 0.1 RO2 + 0.078 FORM + 0.011 GLYD
rcphot,   IDACETON:  KET = 0.5 ALD2 + 0.5 C2O3 + 0.5 XO2H + 0.5 CXO3 + 0.5 MEO2 + RO2 + 2.5 PARLOSS
rcphot,   IDACETON:  ACET = 0.38 CO + 1.38 MEO2 + 1.38 RO2 + 0.62 C2O3
rct,            84:  ACET + OH = FORM + C2O3 + XO2 + RO2
rct,            85:  PRPA + OH = 0.71 ACET + 0.26 ALDX + 0.26 PAR + 0.97 XO2H + 0.03 XO2N + RO2
rct,            86:  PAR + OH = 0.11 ALDX + 0.76 ROR + 0.13 XO2N + 0.11 XO2H + 0.76 XO2 + RO2 + 0.11 PARLOSS
rct,            87:  ROR = 0.2 KET + 0.42 ACET + 0.74 ALD2 + 0.37 ALDX + 0.04 XO2N + 0.94 XO2H + 0.98 RO2 + 0.02 ROR + 2.7 PARLOSS
rct,            88:  ROR + <O2> = KET + HO2
rct,            89:  ROR + NO2 = NTR1
rct,            90:  ETHY + OH = 0.7 GLY + 0.7 OH + 0.3 FACD + 0.3 CO + 0.3 HO2
rct,            91:  ETH + OP = FORM + HO2 + CO + 0.7 XO2H + 0.7 RO2 + 0.3 OH
rct,            92:  ETH + OH = XO2H + RO2 + 1.56 FORM + 0.22 GLYD
rct,            93:  ETH + O3 = FORM + 0.51 CO + 0.16 HO2 + 0.16 OH + 0.37 FACD
rct,            94:  ETH + NO3 = 0.5 NO2 + 0.5 NTR1 + 0.5 XO2H + 0.5 XO2 + RO2 + 1.125 FORM
rct,            95:  OLE + OP = 0.2 ALD2 + 0.3 ALDX + 0.1 HO2 + 0.2 XO2H + 0.2 CO + 0.2 FORM + 0.01 XO2N + 0.21 RO2 + 0.2 PAR + 0.1 OH
rct,            96:  OLE + OH = 0.781 FORM + 0.488 ALD2 + 0.488 ALDX + 0.976 XO2H + 0.195 XO2 + 0.024 XO2N + 1.195 RO2 + 0.73 PARLOSS
rct,            97:  OLE + O3 = 0.295 ALD2 + 0.555 FORM + 0.27 ALDX + 0.15 XO2H + 0.15 RO2 + 0.334 OH + 0.08 HO2 + 0.378 CO + 0.075 GLY + 0.075 MGLY + 0.09 FACD + 0.13 AACD + 0.04 H2O2 + 0.79 PARLOSS
rct,            98:  OLE + NO3 = 0.5 NO2 + 0.5 NTR1 + 0.48 XO2 + 0.48 XO2H + 0.04 XO2N + RO2 + 0.5 FORM + 0.25 ALD2 + 0.375 ALDX + PARLOSS
rct,            99:  IOLE + OP = 1.24 ALD2 + 0.66 ALDX + 0.1 XO2H + 0.1 RO2 + 0.1 CO + 0.1 PAR
rct,           100:  IOLE + OH = 1.3 ALD2 + 0.7 ALDX + XO2H + RO2
rct,           101:  IOLE + O3 = 0.732 ALD2 + 0.442 ALDX + 0.128 FORM + 0.245 CO + 0.5 OH + 0.3 XO2H + 0.3 RO2 + 0.24 GLY + 0.06 MGLY + 0.29 PAR + 0.08 AACD + 0.08 H2O2
rct,           102:  IOLE + NO3 = 0.5 NO2 + 0.5 NTR1 + 0.48 XO2 + 0.48 XO2H + 0.04 XO2N + RO2 + 0.5 ALD2 + 0.625 ALDX + PAR
rct,           103:  C5H8 + OH = ISO2 + RO2
rct,           104:  C5H8 + OP = 0.75 ISPD + 0.5 FORM + 0.25 XO2 + 0.25 RO2 + 0.25 HO2 + 0.25 CXO3 + 0.25 PAR
rct,           105:  ISO2 + NO = 0.1 INTR  + 0.9 NO2 + 0.673 FORM + 0.9 ISPD + 0.818 HO2 + 0.082 XO2H + 0.082 RO2
rct,           106:  ISO2 + HO2 = 0.88 ISPX + 0.12 OH + 0.12 HO2 + 0.12 FORM + 0.12 ISPD
rct,            46:  ISO2 + C2O3 = 0.598 FORM + ISPD + 0.728 HO2 + 0.072 XO2H + 0.8 MEO2 + 0.2 AACD + 0.872 RO2
rct,            52:  ISO2 + RO2 = 0.598 FORM + ISPD + 0.728 HO2 + 0.072 XO2H + 0.072 RO2
rct,           107:  ISO2 = HO2 + HPLD
rct,           108:  C5H8 + O3 = 0.6 FORM + 0.65 ISPD + 0.15 ALDX + 0.2 CXO3 + 0.35 PAR + 0.266 OH + 0.2 XO2 + 0.2 RO2 + 0.066 HO2 + 0.066 CO
rct,           109:  C5H8 + NO3 = 0.35 NO2 + 0.65 NTR2 + 0.64 XO2H + 0.33 XO2 + 0.03 XO2N + RO2 + 0.35 FORM + 0.35 ISPD
rct,           110:  ISPD + OH = 0.022 XO2N + 0.521 XO2 + 0.115 MGLY + 0.115 MEO2 + 0.269 GLYD + 0.269 C2O3 + 0.457 OPO3 + 0.117 PAR + 0.137 ACET + 0.137 CO + 0.137 HO2 + 0.658 RO2
rct,           111:  ISPD + O3 = 0.04 ALD2 + 0.231 FORM + 0.531 MGLY + 0.17 GLY + 0.17 ACET + 0.543 CO + 0.461 OH + 0.15 FACD + 0.398 HO2 + 0.143 C2O3
rct,           112:  ISPD + NO3 = 0.717 HNO3 + 0.142 NTR2 + 0.142 NO2 + 0.142 XO2 + 0.142 XO2H + 0.113 GLYD + 0.113 MGLY + 0.717 PAR + 0.717 CXO3 + 0.284 RO2
rcphot,  IDHCHO_H2:  ISPD = 0.76 HO2 + 0.34 XO2H + 0.16 XO2 + 0.34 MEO2 + 0.208 C2O3  + 0.26 FORM + 0.24 OLE + 0.24 PAR + 0.17 ACET + 0.128 GLYD + 0.84 RO2
rct,           113:  ISPX + OH = 0.904 EPOX + 0.933 OH + 0.067 ISO2 + 0.067 RO2 + 0.029 IOLE + 0.029 ALDX
rcphot,   IDCHOCHO:  HPLD = OH + ISPD
rct,           114:  HPLD + NO3 = HNO3 + ISPD
rct,           115:  EPOX + OH = EPX2 + RO2
rct,           106:  EPX2 + HO2 = 0.275 GLYD + 0.275 GLY + 0.275 MGLY + 1.125 OH + 0.825 HO2 + 0.375 FORM + 0.074 FACD + 0.251 CO + 2.175 PAR
rct,           105:  EPX2 + NO = 0.275 GLYD + 0.275 GLY + 0.275 MGLY + 0.125 OH + 0.825 HO2 + 0.375 FORM + NO2 + 0.251 CO + 2.175 PAR
rct,            46:  EPX2 + C2O3 = 0.22 GLYD + 0.22 GLY + 0.22 MGLY + 0.1 OH + 0.66 HO2 + 0.3 FORM + 0.2 CO + 1.74 PAR + 0.8 MEO2 + 0.2 AACD + 0.8 RO2
rct,            52:  EPX2 + RO2 = 0.275 GLYD + 0.275 GLY + 0.275 MGLY + 0.125 OH + 0.825 HO2 + 0.375 FORM + 0.251 CO + 2.175 PAR + RO2
rct,           116:  INTR + OH = 0.63 XO2 + 0.37 XO2H + RO2 + 0.444 NO2 + 0.185 NO3 + 0.104 INTR + 0.592 FORM + 0.331 GLYD + 0.185 FACD + 2.7 PAR + 0.098 OLE + 0.078 ALDX + 0.266 NTR2
rct,           117:  TERP + OP = 0.15 ALDX + 5.12 PAR
rct,           118:  TERP + OH = 0.75 XO2H + 0.5 XO2 + 0.25 XO2N + 1.5 RO2 + 0.28 FORM + 1.66 PAR + 0.47 ALDX
rct,           119:  TERP + O3 = 0.57 OH + 0.07 XO2H + 0.69 XO2 + 0.18 XO2N + 0.94 RO2 + 0.24 FORM + 0.001 CO + 7 PAR + 0.21 ALDX + 0.39 CXO3
rct,           120:  TERP + NO3 = 0.47 NO2 + 0.28 XO2H + 0.75 XO2 + 0.25 XO2N + 1.28 RO2 + 0.47 ALDX + 0.53 NTR2
rct,           121:  BENZ + OH = 0.53 CRES + 0.352 BZO2 + 0.352 RO2 + 0.118 OPEN + 0.118 OH + 0.53 HO2
rct,            56:  BZO2 + NO = 0.918 NO2 + 0.082 NTR2 + 0.918 GLY  + 0.918 OPEN + 0.918 HO2
rct,            46:  BZO2 + C2O3 = GLY + OPEN + HO2 + MEO2 + RO2
rct,           122:  BZO2 + HO2 =
rct,            52:  BZO2 + RO2 = GLY  + OPEN + HO2 + RO2
rct,           123:  TOL + OH = 0.18 CRES + 0.65 TO2 + 0.72 RO2 + 0.1 OPEN + 0.1 OH + 0.07 XO2H + 0.18 HO2
rct,            56:  TO2 + NO = 0.86 NO2 + 0.14 NTR2 + 0.417 GLY + 0.443 MGLY + 0.66 OPEN + 0.2 XOPN + 0.86 HO2
rct,            46:  TO2 + C2O3 = 0.48 GLY + 0.52 MGLY + 0.77 OPEN + 0.23 XOPN + HO2 + MEO2 + RO2
rct,           122:  TO2 + HO2 =
rct,            52:  TO2 + RO2 = 0.48 GLY + 0.52 MGLY + 0.77 OPEN + 0.23 XOPN + HO2 + RO2
rct,           124:  XYL + OH = 0.155 CRES + 0.544 XLO2 + 0.602 RO2 + 0.244 XOPN + 0.244 OH + 0.058 XO2H + 0.155 HO2
rct,            56:  XLO2 + NO = 0.86 NO2 + 0.14 NTR2 + 0.221 GLY + 0.675 MGLY + 0.3 OPEN + 0.56 XOPN + 0.86 HO2
rct,           122:  XLO2 + HO2 =
rct,            46:  XLO2 + C2O3 = 0.26 GLY + 0.77 MGLY + 0.35 OPEN + 0.65 XOPN + HO2 + MEO2 + RO2
rct,            52:  XLO2 + RO2 = 0.26 GLY + 0.77 MGLY + 0.35 OPEN + 0.65 XOPN + HO2 + RO2
rct,           125:  CRES + OH = 0.025 GLY + 0.025 OPEN + HO2 + 0.2 CRO + 0.732 CAT1 + 0.02 XO2N + 0.02 RO2
rct,           126:  CRES + NO3 = 0.3 CRO + HNO3 + 0.48 XO2 + 0.12 XO2H + 0.24 GLY + 0.24 MGLY + 0.48 OPO3 + 0.1 XO2N + 0.7 RO2
rct,           127:  CRO + NO2 = CRON
rct,           128:  CRO + HO2 = CRES
rct,           129:  CRON + OH = NTR2 + 0.5 CRO
rct,           130:  CRON + NO3 = NTR2 + 0.5 CRO + HNO3
rcphot,     IDHONO:  CRON = HONO + HO2 + FORM + OPEN
rcphot,      IDNO2:  XOPN = 0.4 GLY + XO2H + 0.7 HO2 + 0.7 CO + 0.3 C2O3
rct,           131:  XOPN + OH = MGLY + 0.4 GLY + 2 XO2H + 2 RO2
rct,           132:  XOPN + O3 = 1.2 MGLY + 0.5 OH + 0.6 C2O3 + 0.1 ALD2 + 0.5 CO + 0.3 XO2H + 0.3 RO2
rct,           133:  XOPN + NO3 = 0.5 NO2 + 0.5 NTR2 + 0.45 XO2H + 0.45 XO2 + 0.1 XO2N + RO2 + 0.25 OPEN + 0.25 MGLY
rcphot,      IDNO2:  OPEN = OPO3 + HO2 + CO
rct,           134:  OPEN + OH = 0.6 OPO3 + 0.4 XO2H + 0.4 RO2 + 0.4 GLY
rct,           135:  OPEN + O3 = 1.4 GLY + 0.24 MGLY + 0.5 OH + 0.12 C2O3 + 0.08 FORM + 0.02 ALD2 + 1.98 CO + 0.56 HO2
rct,           130:  OPEN + NO3 = OPO3 + HNO3
rct,           136:  CAT1 + OH = 0.14 FORM + 0.2 HO2 + 0.5 CRO
rct,           137:  CAT1 + NO3 = CRO + HNO3
rct,           138:  OPO3 + NO = NO2 + 0.5 GLY + 0.5 CO + 0.8 HO2 + 0.2 CXO3
rct,            43:  OPO3 + NO2 = OPAN
rct,            44:  OPAN = OPO3 + NO2
rct,            45:  OPO3 + HO2 = 0.41 PACD + 0.15 AACD + 0.15 O3 + 0.44 ALDX + 0.44 XO2H + 0.44 RO2 + 0.44 OH
rct,            47:  OPO3 + C2O3 = MEO2 + XO2 + ALDX + 2 RO2
rct,            46:  OPO3 + RO2 = 0.8 XO2H + 0.8 ALDX + 1.8 RO2 + 0.2 AACD
rct,           117:  OPAN + OH = 0.5 NO2 + 0.5 GLY + CO + 0.5 NTR2
rct,           133:  PANX + OH = ALD2 + NO2
rct,           139:  NTR2 = HNO3
rct,            80:  ECH4 + OH = MEO2 + RO2
k,           1.0e6:  PARLOSS + PAR =
k,    RCEMIS(NO,k):  = NO
k,   RCEMIS(NO2,k):  = NO2
k,   RCEMIS(SO2,k):  = SO2
k,   RCEMIS(SO4,k):  = SO4
k,    RCEMIS(CO,k):  = CO
k,   RCEMIS(NH3,k):  = NH3
k,   RCEMIS(CH4,k):  = CH4
k,  RCEMIS(PRPA,k):  = PRPA
k,  RCEMIS(ETHY,k):  = ETHY
k,  RCEMIS(BENZ,k):  = BENZ
k,  RCEMIS(FACD,k):  = FACD
k,  RCEMIS(AACD,k):  = AACD
k,  RCEMIS(ACET,k):  = ACET
k,   RCEMIS(KET,k):  = KET
k,   RCEMIS(GLY,k):  = GLY
k,  RCEMIS(MGLY,k):  = MGLY
k,  RCEMIS(FORM,k):  = FORM
k,  RCEMIS(ALD2,k):  = ALD2
k,  RCEMIS(ALDX,k):  = ALDX
k,  RCEMIS(ETOH,k):  = ETOH
k,  RCEMIS(MEOH,k):  = MEOH
k,  RCEMIS(ETHA,k):  = ETHA
k,   RCEMIS(PAR,k):  = PAR
k,   RCEMIS(ETH,k):  = ETH
k,   RCEMIS(OLE,k):  = OLE
k,  RCEMIS(IOLE,k):  = IOLE
k,  RCEMIS(C5H8,k):  = C5H8
k,  RCEMIS(TERP,k):  = TERP
k,   RCEMIS(TOL,k):  = TOL
k,   RCEMIS(XYL,k):  = XYL
k,      RCBIO(1,K):  =  C5H8
k,      RCBIO(2,K):  =  TERP
k, RCEMIS(POM_F_FFUEL,k):  = POM_F_FFUEL
k, RCEMIS(POM_C_FFUEL,k):  = POM_C_FFUEL
k, RCEMIS(EC_F_FFUEL_NEW,k):  = EC_F_FFUEL_NEW
k, RCEMIS(EC_F_FFUEL_AGE,k):  = EC_F_FFUEL_AGE
k, RCEMIS(EC_C_FFUEL,k):  = EC_C_FFUEL
k, RCEMIS(POM_F_WOOD,k):  = POM_F_WOOD
k, RCEMIS(EC_F_WOOD_NEW,k):  = EC_F_WOOD_NEW
k, RCEMIS(EC_F_WOOD_AGE,k):  = EC_F_WOOD_AGE
k, RCEMIS(REMPPM25,k):  = REMPPM25
k, RCEMIS(REMPPM_C,k):  = REMPPM_C
k, RCEMIS(PSO4F,k):  = PSO4F
k, RCEMIS(PSO4C,k):  = PSO4C
rct,           124:    [XYL] + [OH] = |YCOXY(-2)|  ASOC_NG10  +  |YNOXY(-2)|  NON_C_ASOA_NG10  +  |YCOXY(-1)|  ASOC_NG1E2  +  |YNOXY(-1)|  NON_C_ASOA_NG1E2  +  |YCOXY(0)|  ASOC_UG1  +  |YNOXY(0)|   NON_C_ASOA_UG1  +  |YCOXY(1)|  ASOC_UG10 + |YNOXY(1)|  NON_C_ASOA_UG10 +  |YCOXY(2)| ASOC_UG1E2  +  |YNOXY(2)| NON_C_ASOA_UG1E2 +  |YCOXY(3)| ASOC_UG1E3  +  |YNOXY(3)| NON_C_ASOA_UG1E3
rct,           121:  [BENZ] + [OH] = |YCBENZ(-2)|  ASOC_NG10  +  |YNBENZ(-2)|  NON_C_ASOA_NG10  +  |YCBENZ(-1)|  ASOC_NG1E2  +  |YNBENZ(-1)|  NON_C_ASOA_NG1E2  +  |YCBENZ(0)|  ASOC_UG1  +  |YNBENZ(0)|   NON_C_ASOA_UG1  +  |YCBENZ(1)|  ASOC_UG10 + |YNBENZ(1)|  NON_C_ASOA_UG10 +  |YCBENZ(2)| ASOC_UG1E2  +  |YNBENZ(2)| NON_C_ASOA_UG1E2 +  |YCBENZ(3)| ASOC_UG1E3  +  |YNBENZ(3)| NON_C_ASOA_UG1E3
rct,           123:  [TOL] + [OH] = |YCTOL(-2)|  ASOC_NG10  +  |YNTOL(-2)|  NON_C_ASOA_NG10  +  |YCTOL(-1)|  ASOC_NG1E2  +  |YNTOL(-1)|  NON_C_ASOA_NG1E2  +  |YCTOL(0)|  ASOC_UG1  +  |YNTOL(0)|   NON_C_ASOA_UG1  +  |YCTOL(1)|  ASOC_UG10 + |YNTOL(1)|  NON_C_ASOA_UG10 +  |YCTOL(2)| ASOC_UG1E2  +  |YNTOL(2)| NON_C_ASOA_UG1E2 +  |YCTOL(3)| ASOC_UG1E3  +  |YNTOL(3)| NON_C_ASOA_UG1E3
rct,           103:    [OH] + [C5H8] = |YCISOP(-2)|  BSOC_NG10  +  |YNISOP(-2)|   NON_C_BSOA_NG10  +  |YCISOP(-1)|  BSOC_NG1E2  +  |YNISOP(-1)|   NON_C_BSOA_NG1E2  +  |YCISOP(0)|  BSOC_UG1  +  |YNISOP(0)|   NON_C_BSOA_UG1  +  |YCISOP(1)|  BSOC_UG10 + |YNISOP(1)|  NON_C_BSOA_UG10 +  |YCISOP(2)| BSOC_UG1E2  +  |YNISOP(2)| NON_C_BSOA_UG1E2 +  |YCISOP(3)| BSOC_UG1E3  +  |YNISOP(3)| NON_C_BSOA_UG1E3
rct,           118:    [OH] + [TERP] = |YCTERP(-2)|  BSOC_NG10  +  |YNTERP(-2)|   NON_C_BSOA_NG10  +  |YCTERP(-1)|  BSOC_NG1E2  +  |YNTERP(-1)|   NON_C_BSOA_NG1E2  +  |YCTERP(0)|  BSOC_UG1  +  |YNTERP(0)|   NON_C_BSOA_UG1  +  |YCTERP(1)|  BSOC_UG10 + |YNTERP(1)|  NON_C_BSOA_UG10 +  |YCTERP(2)| BSOC_UG1E2  +  |YNTERP(2)| NON_C_BSOA_UG1E2 +  |YCTERP(3)| BSOC_UG1E3  +  |YNTERP(3)| NON_C_BSOA_UG1E3
rct,           119:    [O3] + [TERP] = |YCTERP(-2)|  BSOC_NG10  +  |YNTERP(-2)|   NON_C_BSOA_NG10  +  |YCTERP(-1)|  BSOC_NG1E2  +  |YNTERP(-1)|   NON_C_BSOA_NG1E2  +  |YCTERP(0)|  BSOC_UG1  +  |YNTERP(0)|   NON_C_BSOA_UG1  +  |YCTERP(1)|  BSOC_UG10 + |YNTERP(1)|  NON_C_BSOA_UG10 +  |YCTERP(2)| BSOC_UG1E2  +  |YNTERP(2)| NON_C_BSOA_UG1E2 +  |YCTERP(3)| BSOC_UG1E3  +  |YNTERP(3)| NON_C_BSOA_UG1E3
rct,           120:     [NO3] + [TERP] = |YCTERP(-2)|  BSOC_NG10  +  |YNTERP(-2)|   NON_C_BSOA_NG10  +  |YCTERP(-1)|  BSOC_NG1E2  +  |YNTERP(-1)|   NON_C_BSOA_NG1E2  + |YCTERP(0)|  BSOC_UG1  +  |YNTERP(0)|   NON_C_BSOA_UG1  +  |YCTERP(1)|  BSOC_UG10 + |YNTERP(1)|  NON_C_BSOA_UG10 +  |YCTERP(2)| BSOC_UG1E2  +  |YNTERP(2)| NON_C_BSOA_UG1E2 +  |YCTERP(3)| BSOC_UG1E3  +  |YNTERP(3)| NON_C_BSOA_UG1E3
rct,           140:  EC_F_WOOD_NEW  = EC_F_WOOD_AGE
rct,           140:  EC_F_FFUEL_NEW = EC_F_FFUEL_AGE
k, AQRCK(ICLOHSO2,K)*2.00e-12:        OH + SO2 = HO2 + SO4
k, AQRCK(ICLRC1,K):        SO2 + H2O2 =  SO4
k, AQRCK(ICLRC2,K):        SO2 + O3 =  SO4
k, AQRCK(ICLRC3,K):        SO2 + {FE} =  SO4
rct,           141:        N2O5 = 2 HNO3
rct,           142:  NO3 = HNO3
rct,           143:  HNO3 = NO3_C
rct,           144:  HNO3 = NO3_C
rct,           145:  HO2 = 0.5 H2O2
k,          1.0e-5:  H2O2 =
k,          1.0e-5:  CH3OOH =
rct,           146:  SHIPNOX + OH + {M}  = HNO3
k,          3.2e-5:  SHIPNOX   = HNO3
k, RCEMIS(SHIPNOX,k):            = SHIPNOX
k, RCEMIS(FFIRE_OM,k):  = FFIRE_OM
k, RCEMIS(FFIRE_BC,k):  = FFIRE_BC
k, RCEMIS(FFIRE_REMPPM25,k):  = FFIRE_REMPPM25
k, RCEMIS(SEASALT_F,K):  = SEASALT_F
k, RCEMIS(SEASALT_C,K):  = SEASALT_C
k, RCEMIS(DUST_WB_F,K):  = DUST_WB_F
k, RCEMIS(DUST_WB_C,K):  = DUST_WB_C
k, RCEMIS(DUST_ROAD_F,K):  = DUST_ROAD_F
k, RCEMIS(DUST_ROAD_C,K):  = DUST_ROAD_C
k, RCEMIS(DUST_SAH_F,K):  = DUST_SAH_F
k, RCEMIS(DUST_SAH_C,K):  = DUST_SAH_C
k, RCEMIS(ASH_F,K):  = ASH_F
k, RCEMIS(ASH_C,K):  = ASH_C
k,      RCBIO(2,K):  =  0.00383 SQT_SOA_NV
